Martian Runtime - v4.0.11
Serving UI at http://r813u09n08.mccleary.ycrc.yale.edu:38469?auth=Fx3JNuNq-I8JVXcw9ulvvHqtFWP_DnNq45utKkamWJs

Running preflight checks (please wait)...
Checking sample info...
Checking FASTQ folder...
Checking reference...
Checking reference_path (/vast/palmer/scratch/reilly/mcn26/from_scratch/refdata-gex-GRCh38-2020-A) on r813u09n08.mccleary.ycrc.yale.edu...
Checking optional arguments...
mro: v4.0.11
mrp: v4.0.11
Anaconda: Python 3.10.11
numpy: 1.24.3
scipy: 1.10.1
pysam: 0.21.0
h5py: 3.6.0
pandas: 1.5.3
STAR: 2.7.2a
samtools: samtools 1.16.1
2023-10-10 18:08:57 [runtime] (ready)           ID.Embryo11.SC_RNA_COUNTER_CS.SC_MULTI_CORE.SPLIT_VDJ_INPUTS
2023-10-10 18:08:57 [runtime] (ready)           ID.Embryo11.SC_RNA_COUNTER_CS.SC_MULTI_CORE.MULTI_CHEMISTRY_DETECTOR.CHECK_SINGLE_BEAM_MODE
2023-10-10 18:08:57 [runtime] (ready)           ID.Embryo11.SC_RNA_COUNTER_CS.SC_MULTI_CORE.MULTI_CHEMISTRY_DETECTOR.DETECT_COUNT_CHEMISTRY
2023-10-10 18:08:57 [runtime] (run:local)       ID.Embryo11.SC_RNA_COUNTER_CS.SC_MULTI_CORE.MULTI_CHEMISTRY_DETECTOR.DETECT_COUNT_CHEMISTRY.fork0.chnk0.main
2023-10-10 18:08:57 [runtime] (ready)           ID.Embryo11.SC_RNA_COUNTER_CS.SC_MULTI_CORE.MULTI_GEM_WELL_PROCESSOR.COUNT_GEM_WELL_PROCESSOR._BASIC_SC_RNA_COUNTER._MATRIX_COMPUTER.COMPUTE_CORRECTION_FACTOR
2023-10-10 18:08:57 [runtime] (run:local)       ID.Embryo11.SC_RNA_COUNTER_CS.SC_MULTI_CORE.MULTI_GEM_WELL_PROCESSOR.COUNT_GEM_WELL_PROCESSOR._BASIC_SC_RNA_COUNTER._MATRIX_COMPUTER.COMPUTE_CORRECTION_FACTOR.fork0.chnk0.main
2023-10-10 18:08:57 [runtime] (ready)           ID.Embryo11.SC_RNA_COUNTER_CS.SC_MULTI_CORE.MAKE_FULL_CONFIG._MAKE_VDJ_CONFIG
2023-10-10 18:08:58 [runtime] (run:local)       ID.Embryo11.SC_RNA_COUNTER_CS.SC_MULTI_CORE.MAKE_FULL_CONFIG._MAKE_VDJ_CONFIG.fork0.chnk0.main
2023-10-10 18:08:58 [runtime] (ready)           ID.Embryo11.SC_RNA_COUNTER_CS.FULL_COUNT_INPUTS.WRITE_GENE_INDEX
2023-10-10 18:08:58 [runtime] (run:local)       ID.Embryo11.SC_RNA_COUNTER_CS.FULL_COUNT_INPUTS.WRITE_GENE_INDEX.fork0.chnk0.main
2023-10-10 18:08:58 [runtime] (ready)           ID.Embryo11.SC_RNA_COUNTER_CS.WRITE_GENE_INDEX
2023-10-10 18:08:58 [runtime] (run:local)       ID.Embryo11.SC_RNA_COUNTER_CS.WRITE_GENE_INDEX.fork0.chnk0.main
2023-10-10 18:08:58 [runtime] (ready)           ID.Embryo11.SC_RNA_COUNTER_CS.SC_MULTI_CORE.SANITIZE_MAP_CALLS
2023-10-10 18:08:58 [runtime] (chunks_complete) ID.Embryo11.SC_RNA_COUNTER_CS.SC_MULTI_CORE.MAKE_FULL_CONFIG._MAKE_VDJ_CONFIG
2023-10-10 18:08:58 [runtime] (ready)           ID.Embryo11.SC_RNA_COUNTER_CS.SC_MULTI_CORE.MULTI_GEM_WELL_PROCESSOR.VDJ_B_GEM_WELL_PROCESSOR.MULTI_SETUP_CHUNKS
2023-10-10 18:08:58 [runtime] (ready)           ID.Embryo11.SC_RNA_COUNTER_CS.SC_MULTI_CORE.MULTI_GEM_WELL_PROCESSOR.VDJ_T_GD_GEM_WELL_PROCESSOR.MULTI_SETUP_CHUNKS
2023-10-10 18:08:58 [runtime] (ready)           ID.Embryo11.SC_RNA_COUNTER_CS.SC_MULTI_CORE.MULTI_GEM_WELL_PROCESSOR.VDJ_T_GEM_WELL_PROCESSOR.MULTI_SETUP_CHUNKS
2023-10-10 18:08:58 [runtime] (chunks_complete) ID.Embryo11.SC_RNA_COUNTER_CS.SC_MULTI_CORE.MULTI_GEM_WELL_PROCESSOR.COUNT_GEM_WELL_PROCESSOR._BASIC_SC_RNA_COUNTER._MATRIX_COMPUTER.COMPUTE_CORRECTION_FACTOR
2023-10-10 18:08:58 [runtime] (ready)           ID.Embryo11.SC_RNA_COUNTER_CS.SC_MULTI_CORE.MULTI_GEM_WELL_PROCESSOR.VDJ_T_GD_GEM_WELL_PROCESSOR.SC_VDJ_CONTIG_ASSEMBLER.MAKE_SHARD
2023-10-10 18:08:58 [runtime] (ready)           ID.Embryo11.SC_RNA_COUNTER_CS.SC_MULTI_CORE.MULTI_GEM_WELL_PROCESSOR.VDJ_B_GEM_WELL_PROCESSOR.SC_VDJ_CONTIG_ASSEMBLER.MAKE_SHARD
2023-10-10 18:08:58 [runtime] (ready)           ID.Embryo11.SC_RNA_COUNTER_CS.SC_MULTI_CORE.MULTI_GEM_WELL_PROCESSOR.VDJ_B_GEM_WELL_PROCESSOR.SC_VDJ_CONTIG_ASSEMBLER.BARCODE_CORRECTION
2023-10-10 18:08:58 [runtime] (ready)           ID.Embryo11.SC_RNA_COUNTER_CS.SC_MULTI_CORE.MULTI_GEM_WELL_PROCESSOR.VDJ_T_GEM_WELL_PROCESSOR.SC_VDJ_CONTIG_ASSEMBLER.MAKE_SHARD
2023-10-10 18:08:58 [runtime] (ready)           ID.Embryo11.SC_RNA_COUNTER_CS.SC_MULTI_CORE.MULTI_GEM_WELL_PROCESSOR.VDJ_T_GD_GEM_WELL_PROCESSOR.SC_VDJ_CONTIG_ASSEMBLER.BARCODE_CORRECTION
2023-10-10 18:08:58 [runtime] (ready)           ID.Embryo11.SC_RNA_COUNTER_CS.SC_MULTI_CORE.MULTI_GEM_WELL_PROCESSOR.VDJ_B_GEM_WELL_PROCESSOR.SC_VDJ_CONTIG_ASSEMBLER.RUST_BRIDGE
2023-10-10 18:08:58 [runtime] (ready)           ID.Embryo11.SC_RNA_COUNTER_CS.SC_MULTI_CORE.MULTI_GEM_WELL_PROCESSOR.VDJ_T_GEM_WELL_PROCESSOR.SC_VDJ_CONTIG_ASSEMBLER.BARCODE_CORRECTION
2023-10-10 18:08:58 [runtime] (ready)           ID.Embryo11.SC_RNA_COUNTER_CS.SC_MULTI_CORE.MULTI_GEM_WELL_PROCESSOR.VDJ_B_GEM_WELL_PROCESSOR.SC_VDJ_CONTIG_ASSEMBLER.ASSEMBLE_VDJ
2023-10-10 18:08:58 [runtime] (ready)           ID.Embryo11.SC_RNA_COUNTER_CS.SC_MULTI_CORE.MULTI_GEM_WELL_PROCESSOR.VDJ_T_GD_GEM_WELL_PROCESSOR.SC_VDJ_CONTIG_ASSEMBLER.RUST_BRIDGE
2023-10-10 18:08:58 [runtime] (ready)           ID.Embryo11.SC_RNA_COUNTER_CS.SC_MULTI_CORE.MULTI_GEM_WELL_PROCESSOR.VDJ_T_GEM_WELL_PROCESSOR.SC_VDJ_CONTIG_ASSEMBLER.RUST_BRIDGE
2023-10-10 18:08:58 [runtime] (ready)           ID.Embryo11.SC_RNA_COUNTER_CS.SC_MULTI_CORE.MULTI_GEM_WELL_PROCESSOR.VDJ_T_GD_GEM_WELL_PROCESSOR.SC_VDJ_CONTIG_ASSEMBLER.ASSEMBLE_VDJ
2023-10-10 18:08:59 [runtime] (ready)           ID.Embryo11.SC_RNA_COUNTER_CS.SC_MULTI_CORE.MULTI_GEM_WELL_PROCESSOR.VDJ_B_GEM_WELL_PROCESSOR.SC_VDJ_CONTIG_ASSEMBLER.MERGE_METRICS
2023-10-10 18:08:59 [runtime] (ready)           ID.Embryo11.SC_RNA_COUNTER_CS.SC_MULTI_CORE.MULTI_GEM_WELL_PROCESSOR.VDJ_T_GD_GEM_WELL_PROCESSOR.SC_VDJ_CONTIG_ASSEMBLER.MERGE_METRICS
2023-10-10 18:08:59 [runtime] (ready)           ID.Embryo11.SC_RNA_COUNTER_CS.SC_MULTI_CORE.MULTI_GEM_WELL_PROCESSOR.VDJ_T_GEM_WELL_PROCESSOR.SC_VDJ_CONTIG_ASSEMBLER.ASSEMBLE_VDJ
2023-10-10 18:08:59 [runtime] (ready)           ID.Embryo11.SC_RNA_COUNTER_CS.SC_MULTI_CORE.MULTI_GEM_WELL_PROCESSOR.VDJ_T_GEM_WELL_PROCESSOR.SC_VDJ_CONTIG_ASSEMBLER.MERGE_METRICS
2023-10-10 18:09:08 [runtime] (chunks_complete) ID.Embryo11.SC_RNA_COUNTER_CS.FULL_COUNT_INPUTS.WRITE_GENE_INDEX
2023-10-10 18:09:08 [runtime] (ready)           ID.Embryo11.SC_RNA_COUNTER_CS.SC_MULTI_CORE.MULTI_GEM_WELL_PROCESSOR.COUNT_GEM_WELL_PROCESSOR.PARSE_TARGET_FEATURES
2023-10-10 18:09:08 [runtime] (run:local)       ID.Embryo11.SC_RNA_COUNTER_CS.SC_MULTI_CORE.MULTI_GEM_WELL_PROCESSOR.COUNT_GEM_WELL_PROCESSOR.PARSE_TARGET_FEATURES.fork0.chnk0.main
2023-10-10 18:09:08 [runtime] (chunks_complete) ID.Embryo11.SC_RNA_COUNTER_CS.WRITE_GENE_INDEX
2023-10-10 18:09:09 [runtime] (chunks_complete) ID.Embryo11.SC_RNA_COUNTER_CS.SC_MULTI_CORE.MULTI_GEM_WELL_PROCESSOR.COUNT_GEM_WELL_PROCESSOR.PARSE_TARGET_FEATURES
2023-10-10 18:09:45 [runtime] (chunks_complete) ID.Embryo11.SC_RNA_COUNTER_CS.SC_MULTI_CORE.MULTI_CHEMISTRY_DETECTOR.DETECT_COUNT_CHEMISTRY
2023-10-10 18:09:45 [runtime] (ready)           ID.Embryo11.SC_RNA_COUNTER_CS.SC_MULTI_CORE.MULTI_GEM_WELL_PROCESSOR.COUNT_GEM_WELL_PROCESSOR.MULTI_SETUP_CHUNKS
2023-10-10 18:09:45 [runtime] (run:local)       ID.Embryo11.SC_RNA_COUNTER_CS.SC_MULTI_CORE.MULTI_GEM_WELL_PROCESSOR.COUNT_GEM_WELL_PROCESSOR.MULTI_SETUP_CHUNKS.fork0.chnk0.main
2023-10-10 18:09:45 [runtime] (ready)           ID.Embryo11.SC_RNA_COUNTER_CS.SC_MULTI_CORE.MULTI_CHEMISTRY_DETECTOR.CHECK_BARCODES_COMPATIBILITY
2023-10-10 18:09:45 [runtime] (run:local)       ID.Embryo11.SC_RNA_COUNTER_CS.SC_MULTI_CORE.MULTI_CHEMISTRY_DETECTOR.CHECK_BARCODES_COMPATIBILITY.fork0.chnk0.main
2023-10-10 18:09:45 [runtime] (ready)           ID.Embryo11.SC_RNA_COUNTER_CS.SC_MULTI_CORE.MULTI_GEM_WELL_PROCESSOR.MAKE_VDJ_FILTER_SWITCH
2023-10-10 18:09:45 [runtime] (run:local)       ID.Embryo11.SC_RNA_COUNTER_CS.SC_MULTI_CORE.MULTI_GEM_WELL_PROCESSOR.MAKE_VDJ_FILTER_SWITCH.fork0.chnk0.main
2023-10-10 18:09:45 [runtime] (ready)           ID.Embryo11.SC_RNA_COUNTER_CS.SC_MULTI_CORE.CREATE_MULTI_GRAPH
2023-10-10 18:09:45 [runtime] (chunks_complete) ID.Embryo11.SC_RNA_COUNTER_CS.SC_MULTI_CORE.MULTI_GEM_WELL_PROCESSOR.COUNT_GEM_WELL_PROCESSOR.MULTI_SETUP_CHUNKS
2023-10-10 18:09:45 [runtime] (chunks_complete) ID.Embryo11.SC_RNA_COUNTER_CS.SC_MULTI_CORE.MULTI_CHEMISTRY_DETECTOR.CHECK_BARCODES_COMPATIBILITY
2023-10-10 18:09:45 [runtime] (ready)           ID.Embryo11.SC_RNA_COUNTER_CS.SC_MULTI_CORE.MULTI_GEM_WELL_PROCESSOR.COUNT_GEM_WELL_PROCESSOR._BASIC_SC_RNA_COUNTER._MATRIX_COMPUTER.MAKE_SHARD
2023-10-10 18:09:45 [runtime] (run:local)       ID.Embryo11.SC_RNA_COUNTER_CS.SC_MULTI_CORE.MULTI_GEM_WELL_PROCESSOR.COUNT_GEM_WELL_PROCESSOR._BASIC_SC_RNA_COUNTER._MATRIX_COMPUTER.MAKE_SHARD.fork0.split
2023-10-10 18:09:45 [runtime] (chunks_complete) ID.Embryo11.SC_RNA_COUNTER_CS.SC_MULTI_CORE.MULTI_GEM_WELL_PROCESSOR.MAKE_VDJ_FILTER_SWITCH
2023-10-10 18:09:45 [runtime] (ready)           ID.Embryo11.SC_RNA_COUNTER_CS.SC_MULTI_CORE.MULTI_GEM_WELL_PROCESSOR.VDJ_T_GD_GEM_WELL_PROCESSOR.ASM_CALL_CELLS
2023-10-10 18:09:45 [runtime] (ready)           ID.Embryo11.SC_RNA_COUNTER_CS.SC_MULTI_CORE.MULTI_GEM_WELL_PROCESSOR.VDJ_T_GEM_WELL_PROCESSOR.ASM_CALL_CELLS
2023-10-10 18:09:45 [runtime] (ready)           ID.Embryo11.SC_RNA_COUNTER_CS.SC_MULTI_CORE.MULTI_GEM_WELL_PROCESSOR.VDJ_B_GEM_WELL_PROCESSOR.ASM_CALL_CELLS
2023-10-10 18:09:49 [runtime] (split_complete)  ID.Embryo11.SC_RNA_COUNTER_CS.SC_MULTI_CORE.MULTI_GEM_WELL_PROCESSOR.COUNT_GEM_WELL_PROCESSOR._BASIC_SC_RNA_COUNTER._MATRIX_COMPUTER.MAKE_SHARD
2023-10-10 18:09:49 [runtime] (run:local)       ID.Embryo11.SC_RNA_COUNTER_CS.SC_MULTI_CORE.MULTI_GEM_WELL_PROCESSOR.COUNT_GEM_WELL_PROCESSOR._BASIC_SC_RNA_COUNTER._MATRIX_COMPUTER.MAKE_SHARD.fork0.chnk0.main
2023-10-10 18:15:51 [runtime] (update)          ID.Embryo11.SC_RNA_COUNTER_CS.SC_MULTI_CORE.MULTI_GEM_WELL_PROCESSOR.COUNT_GEM_WELL_PROCESSOR._BASIC_SC_RNA_COUNTER._MATRIX_COMPUTER.MAKE_SHARD.fork0 chunks_running
2023-10-10 18:21:52 [runtime] (update)          ID.Embryo11.SC_RNA_COUNTER_CS.SC_MULTI_CORE.MULTI_GEM_WELL_PROCESSOR.COUNT_GEM_WELL_PROCESSOR._BASIC_SC_RNA_COUNTER._MATRIX_COMPUTER.MAKE_SHARD.fork0 chunks_running
2023-10-10 18:27:53 [runtime] (update)          ID.Embryo11.SC_RNA_COUNTER_CS.SC_MULTI_CORE.MULTI_GEM_WELL_PROCESSOR.COUNT_GEM_WELL_PROCESSOR._BASIC_SC_RNA_COUNTER._MATRIX_COMPUTER.MAKE_SHARD.fork0 chunks_running
2023-10-10 18:33:51 [runtime] (update)          ID.Embryo11.SC_RNA_COUNTER_CS.SC_MULTI_CORE.MULTI_GEM_WELL_PROCESSOR.COUNT_GEM_WELL_PROCESSOR._BASIC_SC_RNA_COUNTER._MATRIX_COMPUTER.MAKE_SHARD.fork0 chunks_running
2023-10-10 18:38:06 [runtime] (chunks_complete) ID.Embryo11.SC_RNA_COUNTER_CS.SC_MULTI_CORE.MULTI_GEM_WELL_PROCESSOR.COUNT_GEM_WELL_PROCESSOR._BASIC_SC_RNA_COUNTER._MATRIX_COMPUTER.MAKE_SHARD
2023-10-10 18:38:06 [runtime] (run:local)       ID.Embryo11.SC_RNA_COUNTER_CS.SC_MULTI_CORE.MULTI_GEM_WELL_PROCESSOR.COUNT_GEM_WELL_PROCESSOR._BASIC_SC_RNA_COUNTER._MATRIX_COMPUTER.MAKE_SHARD.fork0.join
2023-10-10 18:38:06 [runtime] (join_complete)   ID.Embryo11.SC_RNA_COUNTER_CS.SC_MULTI_CORE.MULTI_GEM_WELL_PROCESSOR.COUNT_GEM_WELL_PROCESSOR._BASIC_SC_RNA_COUNTER._MATRIX_COMPUTER.MAKE_SHARD
2023-10-10 18:38:06 [runtime] (ready)           ID.Embryo11.SC_RNA_COUNTER_CS.SC_MULTI_CORE.MULTI_GEM_WELL_PROCESSOR.COUNT_GEM_WELL_PROCESSOR._BASIC_SC_RNA_COUNTER._MATRIX_COMPUTER.MAKE_CORRECTION_MAP
2023-10-10 18:38:06 [runtime] (run:local)       ID.Embryo11.SC_RNA_COUNTER_CS.SC_MULTI_CORE.MULTI_GEM_WELL_PROCESSOR.COUNT_GEM_WELL_PROCESSOR._BASIC_SC_RNA_COUNTER._MATRIX_COMPUTER.MAKE_CORRECTION_MAP.fork0.split
2023-10-10 18:38:06 [runtime] (split_complete)  ID.Embryo11.SC_RNA_COUNTER_CS.SC_MULTI_CORE.MULTI_GEM_WELL_PROCESSOR.COUNT_GEM_WELL_PROCESSOR._BASIC_SC_RNA_COUNTER._MATRIX_COMPUTER.MAKE_CORRECTION_MAP
2023-10-10 18:38:06 [runtime] (run:local)       ID.Embryo11.SC_RNA_COUNTER_CS.SC_MULTI_CORE.MULTI_GEM_WELL_PROCESSOR.COUNT_GEM_WELL_PROCESSOR._BASIC_SC_RNA_COUNTER._MATRIX_COMPUTER.MAKE_CORRECTION_MAP.fork0.join
2023-10-10 18:38:06 [runtime] (join_complete)   ID.Embryo11.SC_RNA_COUNTER_CS.SC_MULTI_CORE.MULTI_GEM_WELL_PROCESSOR.COUNT_GEM_WELL_PROCESSOR._BASIC_SC_RNA_COUNTER._MATRIX_COMPUTER.MAKE_CORRECTION_MAP
2023-10-10 18:38:07 [runtime] (ready)           ID.Embryo11.SC_RNA_COUNTER_CS.SC_MULTI_CORE.MULTI_GEM_WELL_PROCESSOR.COUNT_GEM_WELL_PROCESSOR._BASIC_SC_RNA_COUNTER._MATRIX_COMPUTER.BARCODE_CORRECTION
2023-10-10 18:38:07 [runtime] (run:local)       ID.Embryo11.SC_RNA_COUNTER_CS.SC_MULTI_CORE.MULTI_GEM_WELL_PROCESSOR.COUNT_GEM_WELL_PROCESSOR._BASIC_SC_RNA_COUNTER._MATRIX_COMPUTER.BARCODE_CORRECTION.fork0.split
2023-10-10 18:38:07 [runtime] (split_complete)  ID.Embryo11.SC_RNA_COUNTER_CS.SC_MULTI_CORE.MULTI_GEM_WELL_PROCESSOR.COUNT_GEM_WELL_PROCESSOR._BASIC_SC_RNA_COUNTER._MATRIX_COMPUTER.BARCODE_CORRECTION
2023-10-10 18:38:07 [runtime] (run:local)       ID.Embryo11.SC_RNA_COUNTER_CS.SC_MULTI_CORE.MULTI_GEM_WELL_PROCESSOR.COUNT_GEM_WELL_PROCESSOR._BASIC_SC_RNA_COUNTER._MATRIX_COMPUTER.BARCODE_CORRECTION.fork0.chnk00.main
2023-10-10 18:38:07 [runtime] (run:local)       ID.Embryo11.SC_RNA_COUNTER_CS.SC_MULTI_CORE.MULTI_GEM_WELL_PROCESSOR.COUNT_GEM_WELL_PROCESSOR._BASIC_SC_RNA_COUNTER._MATRIX_COMPUTER.BARCODE_CORRECTION.fork0.chnk01.main
2023-10-10 18:38:07 [runtime] (run:local)       ID.Embryo11.SC_RNA_COUNTER_CS.SC_MULTI_CORE.MULTI_GEM_WELL_PROCESSOR.COUNT_GEM_WELL_PROCESSOR._BASIC_SC_RNA_COUNTER._MATRIX_COMPUTER.BARCODE_CORRECTION.fork0.chnk02.main
2023-10-10 18:38:07 [runtime] (run:local)       ID.Embryo11.SC_RNA_COUNTER_CS.SC_MULTI_CORE.MULTI_GEM_WELL_PROCESSOR.COUNT_GEM_WELL_PROCESSOR._BASIC_SC_RNA_COUNTER._MATRIX_COMPUTER.BARCODE_CORRECTION.fork0.chnk03.main
2023-10-10 18:38:07 [runtime] (run:local)       ID.Embryo11.SC_RNA_COUNTER_CS.SC_MULTI_CORE.MULTI_GEM_WELL_PROCESSOR.COUNT_GEM_WELL_PROCESSOR._BASIC_SC_RNA_COUNTER._MATRIX_COMPUTER.BARCODE_CORRECTION.fork0.chnk04.main
2023-10-10 18:38:07 [runtime] (run:local)       ID.Embryo11.SC_RNA_COUNTER_CS.SC_MULTI_CORE.MULTI_GEM_WELL_PROCESSOR.COUNT_GEM_WELL_PROCESSOR._BASIC_SC_RNA_COUNTER._MATRIX_COMPUTER.BARCODE_CORRECTION.fork0.chnk05.main
2023-10-10 18:38:07 [runtime] (run:local)       ID.Embryo11.SC_RNA_COUNTER_CS.SC_MULTI_CORE.MULTI_GEM_WELL_PROCESSOR.COUNT_GEM_WELL_PROCESSOR._BASIC_SC_RNA_COUNTER._MATRIX_COMPUTER.BARCODE_CORRECTION.fork0.chnk06.main
2023-10-10 18:38:07 [runtime] (run:local)       ID.Embryo11.SC_RNA_COUNTER_CS.SC_MULTI_CORE.MULTI_GEM_WELL_PROCESSOR.COUNT_GEM_WELL_PROCESSOR._BASIC_SC_RNA_COUNTER._MATRIX_COMPUTER.BARCODE_CORRECTION.fork0.chnk07.main
2023-10-10 18:38:07 [runtime] (run:local)       ID.Embryo11.SC_RNA_COUNTER_CS.SC_MULTI_CORE.MULTI_GEM_WELL_PROCESSOR.COUNT_GEM_WELL_PROCESSOR._BASIC_SC_RNA_COUNTER._MATRIX_COMPUTER.BARCODE_CORRECTION.fork0.chnk08.main
2023-10-10 18:38:07 [runtime] (run:local)       ID.Embryo11.SC_RNA_COUNTER_CS.SC_MULTI_CORE.MULTI_GEM_WELL_PROCESSOR.COUNT_GEM_WELL_PROCESSOR._BASIC_SC_RNA_COUNTER._MATRIX_COMPUTER.BARCODE_CORRECTION.fork0.chnk09.main
2023-10-10 18:38:07 [runtime] (run:local)       ID.Embryo11.SC_RNA_COUNTER_CS.SC_MULTI_CORE.MULTI_GEM_WELL_PROCESSOR.COUNT_GEM_WELL_PROCESSOR._BASIC_SC_RNA_COUNTER._MATRIX_COMPUTER.BARCODE_CORRECTION.fork0.chnk10.main
2023-10-10 18:38:07 [runtime] (run:local)       ID.Embryo11.SC_RNA_COUNTER_CS.SC_MULTI_CORE.MULTI_GEM_WELL_PROCESSOR.COUNT_GEM_WELL_PROCESSOR._BASIC_SC_RNA_COUNTER._MATRIX_COMPUTER.BARCODE_CORRECTION.fork0.chnk11.main
2023-10-10 18:38:07 [runtime] (run:local)       ID.Embryo11.SC_RNA_COUNTER_CS.SC_MULTI_CORE.MULTI_GEM_WELL_PROCESSOR.COUNT_GEM_WELL_PROCESSOR._BASIC_SC_RNA_COUNTER._MATRIX_COMPUTER.BARCODE_CORRECTION.fork0.chnk12.main
2023-10-10 18:38:07 [runtime] (run:local)       ID.Embryo11.SC_RNA_COUNTER_CS.SC_MULTI_CORE.MULTI_GEM_WELL_PROCESSOR.COUNT_GEM_WELL_PROCESSOR._BASIC_SC_RNA_COUNTER._MATRIX_COMPUTER.BARCODE_CORRECTION.fork0.chnk13.main
2023-10-10 18:38:07 [runtime] (run:local)       ID.Embryo11.SC_RNA_COUNTER_CS.SC_MULTI_CORE.MULTI_GEM_WELL_PROCESSOR.COUNT_GEM_WELL_PROCESSOR._BASIC_SC_RNA_COUNTER._MATRIX_COMPUTER.BARCODE_CORRECTION.fork0.chnk14.main
2023-10-10 18:38:07 [runtime] (run:local)       ID.Embryo11.SC_RNA_COUNTER_CS.SC_MULTI_CORE.MULTI_GEM_WELL_PROCESSOR.COUNT_GEM_WELL_PROCESSOR._BASIC_SC_RNA_COUNTER._MATRIX_COMPUTER.BARCODE_CORRECTION.fork0.chnk15.main
2023-10-10 18:38:07 [runtime] (run:local)       ID.Embryo11.SC_RNA_COUNTER_CS.SC_MULTI_CORE.MULTI_GEM_WELL_PROCESSOR.COUNT_GEM_WELL_PROCESSOR._BASIC_SC_RNA_COUNTER._MATRIX_COMPUTER.BARCODE_CORRECTION.fork0.chnk16.main
2023-10-10 18:38:07 [runtime] (run:local)       ID.Embryo11.SC_RNA_COUNTER_CS.SC_MULTI_CORE.MULTI_GEM_WELL_PROCESSOR.COUNT_GEM_WELL_PROCESSOR._BASIC_SC_RNA_COUNTER._MATRIX_COMPUTER.BARCODE_CORRECTION.fork0.chnk17.main
2023-10-10 18:38:07 [runtime] (run:local)       ID.Embryo11.SC_RNA_COUNTER_CS.SC_MULTI_CORE.MULTI_GEM_WELL_PROCESSOR.COUNT_GEM_WELL_PROCESSOR._BASIC_SC_RNA_COUNTER._MATRIX_COMPUTER.BARCODE_CORRECTION.fork0.chnk18.main
2023-10-10 18:38:07 [runtime] (run:local)       ID.Embryo11.SC_RNA_COUNTER_CS.SC_MULTI_CORE.MULTI_GEM_WELL_PROCESSOR.COUNT_GEM_WELL_PROCESSOR._BASIC_SC_RNA_COUNTER._MATRIX_COMPUTER.BARCODE_CORRECTION.fork0.chnk19.main
2023-10-10 18:38:07 [runtime] (run:local)       ID.Embryo11.SC_RNA_COUNTER_CS.SC_MULTI_CORE.MULTI_GEM_WELL_PROCESSOR.COUNT_GEM_WELL_PROCESSOR._BASIC_SC_RNA_COUNTER._MATRIX_COMPUTER.BARCODE_CORRECTION.fork0.chnk20.main
2023-10-10 18:38:07 [runtime] (run:local)       ID.Embryo11.SC_RNA_COUNTER_CS.SC_MULTI_CORE.MULTI_GEM_WELL_PROCESSOR.COUNT_GEM_WELL_PROCESSOR._BASIC_SC_RNA_COUNTER._MATRIX_COMPUTER.BARCODE_CORRECTION.fork0.chnk21.main
2023-10-10 18:38:07 [runtime] (run:local)       ID.Embryo11.SC_RNA_COUNTER_CS.SC_MULTI_CORE.MULTI_GEM_WELL_PROCESSOR.COUNT_GEM_WELL_PROCESSOR._BASIC_SC_RNA_COUNTER._MATRIX_COMPUTER.BARCODE_CORRECTION.fork0.chnk22.main
2023-10-10 18:38:22 [runtime] (chunks_complete) ID.Embryo11.SC_RNA_COUNTER_CS.SC_MULTI_CORE.MULTI_GEM_WELL_PROCESSOR.COUNT_GEM_WELL_PROCESSOR._BASIC_SC_RNA_COUNTER._MATRIX_COMPUTER.BARCODE_CORRECTION
2023-10-10 18:38:22 [runtime] (run:local)       ID.Embryo11.SC_RNA_COUNTER_CS.SC_MULTI_CORE.MULTI_GEM_WELL_PROCESSOR.COUNT_GEM_WELL_PROCESSOR._BASIC_SC_RNA_COUNTER._MATRIX_COMPUTER.BARCODE_CORRECTION.fork0.join
2023-10-10 18:38:22 [runtime] (join_complete)   ID.Embryo11.SC_RNA_COUNTER_CS.SC_MULTI_CORE.MULTI_GEM_WELL_PROCESSOR.COUNT_GEM_WELL_PROCESSOR._BASIC_SC_RNA_COUNTER._MATRIX_COMPUTER.BARCODE_CORRECTION
2023-10-10 18:38:22 [runtime] (ready)           ID.Embryo11.SC_RNA_COUNTER_CS.SC_MULTI_CORE.MULTI_GEM_WELL_PROCESSOR.COUNT_GEM_WELL_PROCESSOR._BASIC_SC_RNA_COUNTER._MATRIX_COMPUTER._SLFE_PARTIAL_FIRST_PASS.SUBSAMPLE_BARCODES
2023-10-10 18:38:22 [runtime] (ready)           ID.Embryo11.SC_RNA_COUNTER_CS.SC_MULTI_CORE.MULTI_GEM_WELL_PROCESSOR.COUNT_GEM_WELL_PROCESSOR._BASIC_SC_RNA_COUNTER._MATRIX_COMPUTER.WRITE_BARCODE_INDEX
2023-10-10 18:38:23 [runtime] (run:local)       ID.Embryo11.SC_RNA_COUNTER_CS.SC_MULTI_CORE.MULTI_GEM_WELL_PROCESSOR.COUNT_GEM_WELL_PROCESSOR._BASIC_SC_RNA_COUNTER._MATRIX_COMPUTER.WRITE_BARCODE_INDEX.fork0.chnk0.main
2023-10-10 18:38:23 [runtime] (ready)           ID.Embryo11.SC_RNA_COUNTER_CS.SC_MULTI_CORE.MULTI_GEM_WELL_PROCESSOR.COUNT_GEM_WELL_PROCESSOR._BASIC_SC_RNA_COUNTER._MATRIX_COMPUTER.SET_ALIGNER_SUBSAMPLE_RATE
2023-10-10 18:38:23 [runtime] (run:local)       ID.Embryo11.SC_RNA_COUNTER_CS.SC_MULTI_CORE.MULTI_GEM_WELL_PROCESSOR.COUNT_GEM_WELL_PROCESSOR._BASIC_SC_RNA_COUNTER._MATRIX_COMPUTER.SET_ALIGNER_SUBSAMPLE_RATE.fork0.chnk0.main
2023-10-10 18:38:23 [runtime] (ready)           ID.Embryo11.SC_RNA_COUNTER_CS.SC_MULTI_CORE.MULTI_GEM_WELL_PROCESSOR.COUNT_GEM_WELL_PROCESSOR._BASIC_SC_RNA_COUNTER._MATRIX_COMPUTER._SLFE_PARTIAL_FIRST_PASS.INITIAL_ALIGN_AND_COUNT
2023-10-10 18:38:23 [runtime] (chunks_complete) ID.Embryo11.SC_RNA_COUNTER_CS.SC_MULTI_CORE.MULTI_GEM_WELL_PROCESSOR.COUNT_GEM_WELL_PROCESSOR._BASIC_SC_RNA_COUNTER._MATRIX_COMPUTER.SET_ALIGNER_SUBSAMPLE_RATE
2023-10-10 18:38:23 [runtime] (ready)           ID.Embryo11.SC_RNA_COUNTER_CS.SC_MULTI_CORE.MULTI_GEM_WELL_PROCESSOR.COUNT_GEM_WELL_PROCESSOR._BASIC_SC_RNA_COUNTER._MATRIX_COMPUTER._SLFE_PARTIAL_FIRST_PASS.SET_TARGETED_UMI_FILTER
2023-10-10 18:38:23 [runtime] (chunks_complete) ID.Embryo11.SC_RNA_COUNTER_CS.SC_MULTI_CORE.MULTI_GEM_WELL_PROCESSOR.COUNT_GEM_WELL_PROCESSOR._BASIC_SC_RNA_COUNTER._MATRIX_COMPUTER.WRITE_BARCODE_INDEX
2023-10-10 18:38:23 [runtime] (ready)           ID.Embryo11.SC_RNA_COUNTER_CS.SC_MULTI_CORE.MULTI_GEM_WELL_PROCESSOR.COUNT_GEM_WELL_PROCESSOR._BASIC_SC_RNA_COUNTER._MATRIX_COMPUTER.ALIGN_AND_COUNT
2023-10-10 18:38:23 [runtime] (run:local)       ID.Embryo11.SC_RNA_COUNTER_CS.SC_MULTI_CORE.MULTI_GEM_WELL_PROCESSOR.COUNT_GEM_WELL_PROCESSOR._BASIC_SC_RNA_COUNTER._MATRIX_COMPUTER.ALIGN_AND_COUNT.fork0.split
2023-10-10 18:38:26 [runtime] (split_complete)  ID.Embryo11.SC_RNA_COUNTER_CS.SC_MULTI_CORE.MULTI_GEM_WELL_PROCESSOR.COUNT_GEM_WELL_PROCESSOR._BASIC_SC_RNA_COUNTER._MATRIX_COMPUTER.ALIGN_AND_COUNT
2023-10-10 18:38:27 [runtime] (run:local)       ID.Embryo11.SC_RNA_COUNTER_CS.SC_MULTI_CORE.MULTI_GEM_WELL_PROCESSOR.COUNT_GEM_WELL_PROCESSOR._BASIC_SC_RNA_COUNTER._MATRIX_COMPUTER.ALIGN_AND_COUNT.fork0.chnk00.main
2023-10-10 18:38:27 [runtime] (run:local)       ID.Embryo11.SC_RNA_COUNTER_CS.SC_MULTI_CORE.MULTI_GEM_WELL_PROCESSOR.COUNT_GEM_WELL_PROCESSOR._BASIC_SC_RNA_COUNTER._MATRIX_COMPUTER.ALIGN_AND_COUNT.fork0.chnk01.main
2023-10-10 18:38:27 [runtime] (run:local)       ID.Embryo11.SC_RNA_COUNTER_CS.SC_MULTI_CORE.MULTI_GEM_WELL_PROCESSOR.COUNT_GEM_WELL_PROCESSOR._BASIC_SC_RNA_COUNTER._MATRIX_COMPUTER.ALIGN_AND_COUNT.fork0.chnk02.main
2023-10-10 18:38:27 [runtime] (run:local)       ID.Embryo11.SC_RNA_COUNTER_CS.SC_MULTI_CORE.MULTI_GEM_WELL_PROCESSOR.COUNT_GEM_WELL_PROCESSOR._BASIC_SC_RNA_COUNTER._MATRIX_COMPUTER.ALIGN_AND_COUNT.fork0.chnk03.main
2023-10-10 18:38:27 [runtime] (run:local)       ID.Embryo11.SC_RNA_COUNTER_CS.SC_MULTI_CORE.MULTI_GEM_WELL_PROCESSOR.COUNT_GEM_WELL_PROCESSOR._BASIC_SC_RNA_COUNTER._MATRIX_COMPUTER.ALIGN_AND_COUNT.fork0.chnk04.main
2023-10-10 18:38:27 [runtime] (run:local)       ID.Embryo11.SC_RNA_COUNTER_CS.SC_MULTI_CORE.MULTI_GEM_WELL_PROCESSOR.COUNT_GEM_WELL_PROCESSOR._BASIC_SC_RNA_COUNTER._MATRIX_COMPUTER.ALIGN_AND_COUNT.fork0.chnk05.main
2023-10-10 18:38:27 [runtime] (run:local)       ID.Embryo11.SC_RNA_COUNTER_CS.SC_MULTI_CORE.MULTI_GEM_WELL_PROCESSOR.COUNT_GEM_WELL_PROCESSOR._BASIC_SC_RNA_COUNTER._MATRIX_COMPUTER.ALIGN_AND_COUNT.fork0.chnk06.main
2023-10-10 18:38:27 [runtime] (run:local)       ID.Embryo11.SC_RNA_COUNTER_CS.SC_MULTI_CORE.MULTI_GEM_WELL_PROCESSOR.COUNT_GEM_WELL_PROCESSOR._BASIC_SC_RNA_COUNTER._MATRIX_COMPUTER.ALIGN_AND_COUNT.fork0.chnk07.main
2023-10-10 18:38:27 [runtime] (run:local)       ID.Embryo11.SC_RNA_COUNTER_CS.SC_MULTI_CORE.MULTI_GEM_WELL_PROCESSOR.COUNT_GEM_WELL_PROCESSOR._BASIC_SC_RNA_COUNTER._MATRIX_COMPUTER.ALIGN_AND_COUNT.fork0.chnk08.main
2023-10-10 18:38:27 [runtime] (run:local)       ID.Embryo11.SC_RNA_COUNTER_CS.SC_MULTI_CORE.MULTI_GEM_WELL_PROCESSOR.COUNT_GEM_WELL_PROCESSOR._BASIC_SC_RNA_COUNTER._MATRIX_COMPUTER.ALIGN_AND_COUNT.fork0.chnk09.main
2023-10-10 18:38:27 [runtime] (run:local)       ID.Embryo11.SC_RNA_COUNTER_CS.SC_MULTI_CORE.MULTI_GEM_WELL_PROCESSOR.COUNT_GEM_WELL_PROCESSOR._BASIC_SC_RNA_COUNTER._MATRIX_COMPUTER.ALIGN_AND_COUNT.fork0.chnk10.main
2023-10-10 18:38:27 [runtime] (run:local)       ID.Embryo11.SC_RNA_COUNTER_CS.SC_MULTI_CORE.MULTI_GEM_WELL_PROCESSOR.COUNT_GEM_WELL_PROCESSOR._BASIC_SC_RNA_COUNTER._MATRIX_COMPUTER.ALIGN_AND_COUNT.fork0.chnk11.main
2023-10-10 18:38:27 [runtime] (run:local)       ID.Embryo11.SC_RNA_COUNTER_CS.SC_MULTI_CORE.MULTI_GEM_WELL_PROCESSOR.COUNT_GEM_WELL_PROCESSOR._BASIC_SC_RNA_COUNTER._MATRIX_COMPUTER.ALIGN_AND_COUNT.fork0.chnk12.main
2023-10-10 18:38:27 [runtime] (run:local)       ID.Embryo11.SC_RNA_COUNTER_CS.SC_MULTI_CORE.MULTI_GEM_WELL_PROCESSOR.COUNT_GEM_WELL_PROCESSOR._BASIC_SC_RNA_COUNTER._MATRIX_COMPUTER.ALIGN_AND_COUNT.fork0.chnk13.main
2023-10-10 18:38:27 [runtime] (run:local)       ID.Embryo11.SC_RNA_COUNTER_CS.SC_MULTI_CORE.MULTI_GEM_WELL_PROCESSOR.COUNT_GEM_WELL_PROCESSOR._BASIC_SC_RNA_COUNTER._MATRIX_COMPUTER.ALIGN_AND_COUNT.fork0.chnk14.main
2023-10-10 18:38:27 [runtime] (run:local)       ID.Embryo11.SC_RNA_COUNTER_CS.SC_MULTI_CORE.MULTI_GEM_WELL_PROCESSOR.COUNT_GEM_WELL_PROCESSOR._BASIC_SC_RNA_COUNTER._MATRIX_COMPUTER.ALIGN_AND_COUNT.fork0.chnk15.main
2023-10-10 18:38:27 [runtime] (run:local)       ID.Embryo11.SC_RNA_COUNTER_CS.SC_MULTI_CORE.MULTI_GEM_WELL_PROCESSOR.COUNT_GEM_WELL_PROCESSOR._BASIC_SC_RNA_COUNTER._MATRIX_COMPUTER.ALIGN_AND_COUNT.fork0.chnk16.main
2023-10-10 18:38:27 [runtime] (run:local)       ID.Embryo11.SC_RNA_COUNTER_CS.SC_MULTI_CORE.MULTI_GEM_WELL_PROCESSOR.COUNT_GEM_WELL_PROCESSOR._BASIC_SC_RNA_COUNTER._MATRIX_COMPUTER.ALIGN_AND_COUNT.fork0.chnk17.main
2023-10-10 18:38:27 [runtime] (run:local)       ID.Embryo11.SC_RNA_COUNTER_CS.SC_MULTI_CORE.MULTI_GEM_WELL_PROCESSOR.COUNT_GEM_WELL_PROCESSOR._BASIC_SC_RNA_COUNTER._MATRIX_COMPUTER.ALIGN_AND_COUNT.fork0.chnk18.main
2023-10-10 18:38:27 [runtime] (run:local)       ID.Embryo11.SC_RNA_COUNTER_CS.SC_MULTI_CORE.MULTI_GEM_WELL_PROCESSOR.COUNT_GEM_WELL_PROCESSOR._BASIC_SC_RNA_COUNTER._MATRIX_COMPUTER.ALIGN_AND_COUNT.fork0.chnk19.main
2023-10-10 18:38:27 [runtime] (run:local)       ID.Embryo11.SC_RNA_COUNTER_CS.SC_MULTI_CORE.MULTI_GEM_WELL_PROCESSOR.COUNT_GEM_WELL_PROCESSOR._BASIC_SC_RNA_COUNTER._MATRIX_COMPUTER.ALIGN_AND_COUNT.fork0.chnk20.main
2023-10-10 18:38:27 [runtime] (run:local)       ID.Embryo11.SC_RNA_COUNTER_CS.SC_MULTI_CORE.MULTI_GEM_WELL_PROCESSOR.COUNT_GEM_WELL_PROCESSOR._BASIC_SC_RNA_COUNTER._MATRIX_COMPUTER.ALIGN_AND_COUNT.fork0.chnk21.main
2023-10-10 18:38:27 [runtime] (run:local)       ID.Embryo11.SC_RNA_COUNTER_CS.SC_MULTI_CORE.MULTI_GEM_WELL_PROCESSOR.COUNT_GEM_WELL_PROCESSOR._BASIC_SC_RNA_COUNTER._MATRIX_COMPUTER.ALIGN_AND_COUNT.fork0.chnk22.main
2023-10-10 18:38:27 [runtime] (run:local)       ID.Embryo11.SC_RNA_COUNTER_CS.SC_MULTI_CORE.MULTI_GEM_WELL_PROCESSOR.COUNT_GEM_WELL_PROCESSOR._BASIC_SC_RNA_COUNTER._MATRIX_COMPUTER.ALIGN_AND_COUNT.fork0.chnk23.main
2023-10-10 18:38:27 [runtime] (run:local)       ID.Embryo11.SC_RNA_COUNTER_CS.SC_MULTI_CORE.MULTI_GEM_WELL_PROCESSOR.COUNT_GEM_WELL_PROCESSOR._BASIC_SC_RNA_COUNTER._MATRIX_COMPUTER.ALIGN_AND_COUNT.fork0.chnk24.main
2023-10-10 18:44:38 [runtime] (update)          ID.Embryo11.SC_RNA_COUNTER_CS.SC_MULTI_CORE.MULTI_GEM_WELL_PROCESSOR.COUNT_GEM_WELL_PROCESSOR._BASIC_SC_RNA_COUNTER._MATRIX_COMPUTER.ALIGN_AND_COUNT.fork0 chunks running (4/25 completed)
2023-10-10 18:50:40 [runtime] (update)          ID.Embryo11.SC_RNA_COUNTER_CS.SC_MULTI_CORE.MULTI_GEM_WELL_PROCESSOR.COUNT_GEM_WELL_PROCESSOR._BASIC_SC_RNA_COUNTER._MATRIX_COMPUTER.ALIGN_AND_COUNT.fork0 chunks running (4/25 completed)
2023-10-10 18:56:40 [runtime] (update)          ID.Embryo11.SC_RNA_COUNTER_CS.SC_MULTI_CORE.MULTI_GEM_WELL_PROCESSOR.COUNT_GEM_WELL_PROCESSOR._BASIC_SC_RNA_COUNTER._MATRIX_COMPUTER.ALIGN_AND_COUNT.fork0 chunks running (6/25 completed)
2023-10-10 19:02:39 [runtime] (update)          ID.Embryo11.SC_RNA_COUNTER_CS.SC_MULTI_CORE.MULTI_GEM_WELL_PROCESSOR.COUNT_GEM_WELL_PROCESSOR._BASIC_SC_RNA_COUNTER._MATRIX_COMPUTER.ALIGN_AND_COUNT.fork0 chunks running (6/25 completed)
2023-10-10 19:08:14 [runtime] (update)          ID.Embryo11.SC_RNA_COUNTER_CS.SC_MULTI_CORE.MULTI_GEM_WELL_PROCESSOR.COUNT_GEM_WELL_PROCESSOR._BASIC_SC_RNA_COUNTER._MATRIX_COMPUTER.ALIGN_AND_COUNT.fork0 chunks running (7/25 completed)
2023-10-10 19:14:16 [runtime] (update)          ID.Embryo11.SC_RNA_COUNTER_CS.SC_MULTI_CORE.MULTI_GEM_WELL_PROCESSOR.COUNT_GEM_WELL_PROCESSOR._BASIC_SC_RNA_COUNTER._MATRIX_COMPUTER.ALIGN_AND_COUNT.fork0 chunks running (8/25 completed)
2023-10-10 19:20:18 [runtime] (update)          ID.Embryo11.SC_RNA_COUNTER_CS.SC_MULTI_CORE.MULTI_GEM_WELL_PROCESSOR.COUNT_GEM_WELL_PROCESSOR._BASIC_SC_RNA_COUNTER._MATRIX_COMPUTER.ALIGN_AND_COUNT.fork0 chunks running (8/25 completed)
2023-10-10 19:26:12 [runtime] (update)          ID.Embryo11.SC_RNA_COUNTER_CS.SC_MULTI_CORE.MULTI_GEM_WELL_PROCESSOR.COUNT_GEM_WELL_PROCESSOR._BASIC_SC_RNA_COUNTER._MATRIX_COMPUTER.ALIGN_AND_COUNT.fork0 chunks running (11/25 completed)
2023-10-10 19:32:15 [runtime] (update)          ID.Embryo11.SC_RNA_COUNTER_CS.SC_MULTI_CORE.MULTI_GEM_WELL_PROCESSOR.COUNT_GEM_WELL_PROCESSOR._BASIC_SC_RNA_COUNTER._MATRIX_COMPUTER.ALIGN_AND_COUNT.fork0 chunks running (11/25 completed)
2023-10-10 19:38:15 [runtime] (update)          ID.Embryo11.SC_RNA_COUNTER_CS.SC_MULTI_CORE.MULTI_GEM_WELL_PROCESSOR.COUNT_GEM_WELL_PROCESSOR._BASIC_SC_RNA_COUNTER._MATRIX_COMPUTER.ALIGN_AND_COUNT.fork0 chunks running (12/25 completed)
2023-10-10 19:44:14 [runtime] (update)          ID.Embryo11.SC_RNA_COUNTER_CS.SC_MULTI_CORE.MULTI_GEM_WELL_PROCESSOR.COUNT_GEM_WELL_PROCESSOR._BASIC_SC_RNA_COUNTER._MATRIX_COMPUTER.ALIGN_AND_COUNT.fork0 chunks running (12/25 completed)
2023-10-10 19:49:41 [runtime] (update)          ID.Embryo11.SC_RNA_COUNTER_CS.SC_MULTI_CORE.MULTI_GEM_WELL_PROCESSOR.COUNT_GEM_WELL_PROCESSOR._BASIC_SC_RNA_COUNTER._MATRIX_COMPUTER.ALIGN_AND_COUNT.fork0 chunks running (14/25 completed)
2023-10-10 19:56:10 [runtime] (update)          ID.Embryo11.SC_RNA_COUNTER_CS.SC_MULTI_CORE.MULTI_GEM_WELL_PROCESSOR.COUNT_GEM_WELL_PROCESSOR._BASIC_SC_RNA_COUNTER._MATRIX_COMPUTER.ALIGN_AND_COUNT.fork0 chunks running (15/25 completed)
2023-10-10 20:01:20 [runtime] (update)          ID.Embryo11.SC_RNA_COUNTER_CS.SC_MULTI_CORE.MULTI_GEM_WELL_PROCESSOR.COUNT_GEM_WELL_PROCESSOR._BASIC_SC_RNA_COUNTER._MATRIX_COMPUTER.ALIGN_AND_COUNT.fork0 chunks running (16/25 completed)
2023-10-10 20:07:07 [runtime] (update)          ID.Embryo11.SC_RNA_COUNTER_CS.SC_MULTI_CORE.MULTI_GEM_WELL_PROCESSOR.COUNT_GEM_WELL_PROCESSOR._BASIC_SC_RNA_COUNTER._MATRIX_COMPUTER.ALIGN_AND_COUNT.fork0 chunks running (17/25 completed)
2023-10-10 20:12:41 [runtime] (update)          ID.Embryo11.SC_RNA_COUNTER_CS.SC_MULTI_CORE.MULTI_GEM_WELL_PROCESSOR.COUNT_GEM_WELL_PROCESSOR._BASIC_SC_RNA_COUNTER._MATRIX_COMPUTER.ALIGN_AND_COUNT.fork0 chunks running (18/25 completed)
2023-10-10 20:18:44 [runtime] (update)          ID.Embryo11.SC_RNA_COUNTER_CS.SC_MULTI_CORE.MULTI_GEM_WELL_PROCESSOR.COUNT_GEM_WELL_PROCESSOR._BASIC_SC_RNA_COUNTER._MATRIX_COMPUTER.ALIGN_AND_COUNT.fork0 chunks running (18/25 completed)
2023-10-10 20:24:43 [runtime] (update)          ID.Embryo11.SC_RNA_COUNTER_CS.SC_MULTI_CORE.MULTI_GEM_WELL_PROCESSOR.COUNT_GEM_WELL_PROCESSOR._BASIC_SC_RNA_COUNTER._MATRIX_COMPUTER.ALIGN_AND_COUNT.fork0 chunks running (18/25 completed)
2023-10-10 20:30:44 [runtime] (update)          ID.Embryo11.SC_RNA_COUNTER_CS.SC_MULTI_CORE.MULTI_GEM_WELL_PROCESSOR.COUNT_GEM_WELL_PROCESSOR._BASIC_SC_RNA_COUNTER._MATRIX_COMPUTER.ALIGN_AND_COUNT.fork0 chunks running (22/25 completed)
2023-10-10 20:37:02 [runtime] (update)          ID.Embryo11.SC_RNA_COUNTER_CS.SC_MULTI_CORE.MULTI_GEM_WELL_PROCESSOR.COUNT_GEM_WELL_PROCESSOR._BASIC_SC_RNA_COUNTER._MATRIX_COMPUTER.ALIGN_AND_COUNT.fork0 chunks running (23/25 completed)
2023-10-10 20:43:03 [runtime] (update)          ID.Embryo11.SC_RNA_COUNTER_CS.SC_MULTI_CORE.MULTI_GEM_WELL_PROCESSOR.COUNT_GEM_WELL_PROCESSOR._BASIC_SC_RNA_COUNTER._MATRIX_COMPUTER.ALIGN_AND_COUNT.fork0 chunks running (24/25 completed)
2023-10-10 20:49:04 [runtime] (update)          ID.Embryo11.SC_RNA_COUNTER_CS.SC_MULTI_CORE.MULTI_GEM_WELL_PROCESSOR.COUNT_GEM_WELL_PROCESSOR._BASIC_SC_RNA_COUNTER._MATRIX_COMPUTER.ALIGN_AND_COUNT.fork0 chunks running (24/25 completed)
2023-10-10 20:49:23 [runtime] (chunks_complete) ID.Embryo11.SC_RNA_COUNTER_CS.SC_MULTI_CORE.MULTI_GEM_WELL_PROCESSOR.COUNT_GEM_WELL_PROCESSOR._BASIC_SC_RNA_COUNTER._MATRIX_COMPUTER.ALIGN_AND_COUNT
2023-10-10 20:49:23 [runtime] (run:local)       ID.Embryo11.SC_RNA_COUNTER_CS.SC_MULTI_CORE.MULTI_GEM_WELL_PROCESSOR.COUNT_GEM_WELL_PROCESSOR._BASIC_SC_RNA_COUNTER._MATRIX_COMPUTER.ALIGN_AND_COUNT.fork0.join
2023-10-10 20:49:23 [runtime] (join_complete)   ID.Embryo11.SC_RNA_COUNTER_CS.SC_MULTI_CORE.MULTI_GEM_WELL_PROCESSOR.COUNT_GEM_WELL_PROCESSOR._BASIC_SC_RNA_COUNTER._MATRIX_COMPUTER.ALIGN_AND_COUNT
2023-10-10 20:49:28 [runtime] (ready)           ID.Embryo11.SC_RNA_COUNTER_CS.SC_MULTI_CORE.MULTI_GEM_WELL_PROCESSOR.COUNT_GEM_WELL_PROCESSOR._BASIC_SC_RNA_COUNTER._MATRIX_COMPUTER.WRITE_BARCODE_SUMMARY
2023-10-10 20:49:28 [runtime] (run:local)       ID.Embryo11.SC_RNA_COUNTER_CS.SC_MULTI_CORE.MULTI_GEM_WELL_PROCESSOR.COUNT_GEM_WELL_PROCESSOR._BASIC_SC_RNA_COUNTER._MATRIX_COMPUTER.WRITE_BARCODE_SUMMARY.fork0.chnk0.main
2023-10-10 20:49:28 [runtime] (ready)           ID.Embryo11.SC_RNA_COUNTER_CS.SC_MULTI_CORE.MULTI_GEM_WELL_PROCESSOR.COUNT_GEM_WELL_PROCESSOR._BASIC_SC_RNA_COUNTER._MATRIX_COMPUTER.WRITE_MATRIX_MARKET
2023-10-10 20:49:28 [runtime] (run:local)       ID.Embryo11.SC_RNA_COUNTER_CS.SC_MULTI_CORE.MULTI_GEM_WELL_PROCESSOR.COUNT_GEM_WELL_PROCESSOR._BASIC_SC_RNA_COUNTER._MATRIX_COMPUTER.WRITE_MATRIX_MARKET.fork0.chnk0.main
2023-10-10 20:49:28 [runtime] (ready)           ID.Embryo11.SC_RNA_COUNTER_CS.SC_MULTI_CORE.MULTI_GEM_WELL_PROCESSOR.COUNT_GEM_WELL_PROCESSOR._BASIC_SC_RNA_COUNTER._MATRIX_COMPUTER.WRITE_H5_MATRIX
2023-10-10 20:49:28 [runtime] (run:local)       ID.Embryo11.SC_RNA_COUNTER_CS.SC_MULTI_CORE.MULTI_GEM_WELL_PROCESSOR.COUNT_GEM_WELL_PROCESSOR._BASIC_SC_RNA_COUNTER._MATRIX_COMPUTER.WRITE_H5_MATRIX.fork0.chnk0.main
2023-10-10 20:49:28 [runtime] (ready)           ID.Embryo11.SC_RNA_COUNTER_CS.SC_MULTI_CORE.MULTI_GEM_WELL_PROCESSOR.COUNT_GEM_WELL_PROCESSOR._BASIC_SC_RNA_COUNTER._MATRIX_COMPUTER.COLLATE_METRICS
2023-10-10 20:49:28 [runtime] (run:local)       ID.Embryo11.SC_RNA_COUNTER_CS.SC_MULTI_CORE.MULTI_GEM_WELL_PROCESSOR.COUNT_GEM_WELL_PROCESSOR._BASIC_SC_RNA_COUNTER._MATRIX_COMPUTER.COLLATE_METRICS.fork0.split
2023-10-10 20:49:28 [runtime] (split_complete)  ID.Embryo11.SC_RNA_COUNTER_CS.SC_MULTI_CORE.MULTI_GEM_WELL_PROCESSOR.COUNT_GEM_WELL_PROCESSOR._BASIC_SC_RNA_COUNTER._MATRIX_COMPUTER.COLLATE_METRICS
2023-10-10 20:49:28 [runtime] (run:local)       ID.Embryo11.SC_RNA_COUNTER_CS.SC_MULTI_CORE.MULTI_GEM_WELL_PROCESSOR.COUNT_GEM_WELL_PROCESSOR._BASIC_SC_RNA_COUNTER._MATRIX_COMPUTER.COLLATE_METRICS.fork0.chnk0.main
2023-10-10 20:49:29 [runtime] (chunks_complete) ID.Embryo11.SC_RNA_COUNTER_CS.SC_MULTI_CORE.MULTI_GEM_WELL_PROCESSOR.COUNT_GEM_WELL_PROCESSOR._BASIC_SC_RNA_COUNTER._MATRIX_COMPUTER.WRITE_BARCODE_SUMMARY
2023-10-10 20:49:30 [runtime] (chunks_complete) ID.Embryo11.SC_RNA_COUNTER_CS.SC_MULTI_CORE.MULTI_GEM_WELL_PROCESSOR.COUNT_GEM_WELL_PROCESSOR._BASIC_SC_RNA_COUNTER._MATRIX_COMPUTER.COLLATE_METRICS
2023-10-10 20:49:30 [runtime] (run:local)       ID.Embryo11.SC_RNA_COUNTER_CS.SC_MULTI_CORE.MULTI_GEM_WELL_PROCESSOR.COUNT_GEM_WELL_PROCESSOR._BASIC_SC_RNA_COUNTER._MATRIX_COMPUTER.COLLATE_METRICS.fork0.join
2023-10-10 20:49:30 [runtime] (join_complete)   ID.Embryo11.SC_RNA_COUNTER_CS.SC_MULTI_CORE.MULTI_GEM_WELL_PROCESSOR.COUNT_GEM_WELL_PROCESSOR._BASIC_SC_RNA_COUNTER._MATRIX_COMPUTER.COLLATE_METRICS
2023-10-10 20:49:30 [runtime] (ready)           ID.Embryo11.SC_RNA_COUNTER_CS.SC_MULTI_CORE.MULTI_GEM_WELL_PROCESSOR.COUNT_GEM_WELL_PROCESSOR._BASIC_SC_RNA_COUNTER._MATRIX_COMPUTER.MERGE_METRICS
2023-10-10 20:49:30 [runtime] (run:local)       ID.Embryo11.SC_RNA_COUNTER_CS.SC_MULTI_CORE.MULTI_GEM_WELL_PROCESSOR.COUNT_GEM_WELL_PROCESSOR._BASIC_SC_RNA_COUNTER._MATRIX_COMPUTER.MERGE_METRICS.fork0.chnk0.main
2023-10-10 20:49:30 [runtime] (chunks_complete) ID.Embryo11.SC_RNA_COUNTER_CS.SC_MULTI_CORE.MULTI_GEM_WELL_PROCESSOR.COUNT_GEM_WELL_PROCESSOR._BASIC_SC_RNA_COUNTER._MATRIX_COMPUTER.MERGE_METRICS
2023-10-10 20:49:31 [runtime] (chunks_complete) ID.Embryo11.SC_RNA_COUNTER_CS.SC_MULTI_CORE.MULTI_GEM_WELL_PROCESSOR.COUNT_GEM_WELL_PROCESSOR._BASIC_SC_RNA_COUNTER._MATRIX_COMPUTER.WRITE_H5_MATRIX
2023-10-10 20:49:31 [runtime] (chunks_complete) ID.Embryo11.SC_RNA_COUNTER_CS.SC_MULTI_CORE.MULTI_GEM_WELL_PROCESSOR.COUNT_GEM_WELL_PROCESSOR._BASIC_SC_RNA_COUNTER._MATRIX_COMPUTER.WRITE_MATRIX_MARKET
2023-10-10 20:49:31 [runtime] (ready)           ID.Embryo11.SC_RNA_COUNTER_CS.SC_MULTI_CORE.MULTI_GEM_WELL_PROCESSOR.COUNT_GEM_WELL_PROCESSOR._BASIC_SC_RNA_COUNTER.FILTER_BARCODES
2023-10-10 20:49:31 [runtime] (run:local)       ID.Embryo11.SC_RNA_COUNTER_CS.SC_MULTI_CORE.MULTI_GEM_WELL_PROCESSOR.COUNT_GEM_WELL_PROCESSOR._BASIC_SC_RNA_COUNTER.FILTER_BARCODES.fork0.split
2023-10-10 20:49:31 [runtime] (ready)           ID.Embryo11.SC_RNA_COUNTER_CS.SC_MULTI_CORE.MULTI_GEM_WELL_PROCESSOR.COUNT_GEM_WELL_PROCESSOR._BASIC_SC_RNA_COUNTER.DISABLE_STAGES
2023-10-10 20:49:31 [runtime] (run:local)       ID.Embryo11.SC_RNA_COUNTER_CS.SC_MULTI_CORE.MULTI_GEM_WELL_PROCESSOR.COUNT_GEM_WELL_PROCESSOR._BASIC_SC_RNA_COUNTER.DISABLE_STAGES.fork0.chnk0.main
2023-10-10 20:49:32 [runtime] (split_complete)  ID.Embryo11.SC_RNA_COUNTER_CS.SC_MULTI_CORE.MULTI_GEM_WELL_PROCESSOR.COUNT_GEM_WELL_PROCESSOR._BASIC_SC_RNA_COUNTER.FILTER_BARCODES
2023-10-10 20:49:32 [runtime] (run:local)       ID.Embryo11.SC_RNA_COUNTER_CS.SC_MULTI_CORE.MULTI_GEM_WELL_PROCESSOR.COUNT_GEM_WELL_PROCESSOR._BASIC_SC_RNA_COUNTER.FILTER_BARCODES.fork0.chnk0.main
2023-10-10 20:49:32 [runtime] (chunks_complete) ID.Embryo11.SC_RNA_COUNTER_CS.SC_MULTI_CORE.MULTI_GEM_WELL_PROCESSOR.COUNT_GEM_WELL_PROCESSOR._BASIC_SC_RNA_COUNTER.DISABLE_STAGES
2023-10-10 20:49:32 [runtime] (ready)           ID.Embryo11.SC_RNA_COUNTER_CS.SC_MULTI_CORE.MULTI_GEM_WELL_PROCESSOR.COUNT_GEM_WELL_PROCESSOR._BASIC_SC_RNA_COUNTER.WRITE_POS_BAM
2023-10-10 20:49:32 [runtime] (run:local)       ID.Embryo11.SC_RNA_COUNTER_CS.SC_MULTI_CORE.MULTI_GEM_WELL_PROCESSOR.COUNT_GEM_WELL_PROCESSOR._BASIC_SC_RNA_COUNTER.WRITE_POS_BAM.fork0.split
2023-10-10 20:49:32 [runtime] (ready)           ID.Embryo11.SC_RNA_COUNTER_CS.SC_MULTI_CORE.MULTI_GEM_WELL_PROCESSOR.COUNT_GEM_WELL_PROCESSOR._BASIC_SC_RNA_COUNTER._ASSIGN_TAGS.MULTIPLEXING_METHOD
2023-10-10 20:49:32 [runtime] (ready)           ID.Embryo11.SC_RNA_COUNTER_CS.SC_MULTI_CORE.MULTI_GEM_WELL_PROCESSOR.COUNT_GEM_WELL_PROCESSOR._BASIC_SC_RNA_COUNTER._ASSIGN_TAGS.CALL_TAGS_OH
2023-10-10 20:49:37 [runtime] (split_complete)  ID.Embryo11.SC_RNA_COUNTER_CS.SC_MULTI_CORE.MULTI_GEM_WELL_PROCESSOR.COUNT_GEM_WELL_PROCESSOR._BASIC_SC_RNA_COUNTER.WRITE_POS_BAM
2023-10-10 20:49:38 [runtime] (run:local)       ID.Embryo11.SC_RNA_COUNTER_CS.SC_MULTI_CORE.MULTI_GEM_WELL_PROCESSOR.COUNT_GEM_WELL_PROCESSOR._BASIC_SC_RNA_COUNTER.WRITE_POS_BAM.fork0.chnk00.main
2023-10-10 20:49:38 [runtime] (run:local)       ID.Embryo11.SC_RNA_COUNTER_CS.SC_MULTI_CORE.MULTI_GEM_WELL_PROCESSOR.COUNT_GEM_WELL_PROCESSOR._BASIC_SC_RNA_COUNTER.WRITE_POS_BAM.fork0.chnk01.main
2023-10-10 20:49:38 [runtime] (run:local)       ID.Embryo11.SC_RNA_COUNTER_CS.SC_MULTI_CORE.MULTI_GEM_WELL_PROCESSOR.COUNT_GEM_WELL_PROCESSOR._BASIC_SC_RNA_COUNTER.WRITE_POS_BAM.fork0.chnk02.main
2023-10-10 20:49:38 [runtime] (run:local)       ID.Embryo11.SC_RNA_COUNTER_CS.SC_MULTI_CORE.MULTI_GEM_WELL_PROCESSOR.COUNT_GEM_WELL_PROCESSOR._BASIC_SC_RNA_COUNTER.WRITE_POS_BAM.fork0.chnk03.main
2023-10-10 20:49:38 [runtime] (run:local)       ID.Embryo11.SC_RNA_COUNTER_CS.SC_MULTI_CORE.MULTI_GEM_WELL_PROCESSOR.COUNT_GEM_WELL_PROCESSOR._BASIC_SC_RNA_COUNTER.WRITE_POS_BAM.fork0.chnk04.main
2023-10-10 20:49:38 [runtime] (run:local)       ID.Embryo11.SC_RNA_COUNTER_CS.SC_MULTI_CORE.MULTI_GEM_WELL_PROCESSOR.COUNT_GEM_WELL_PROCESSOR._BASIC_SC_RNA_COUNTER.WRITE_POS_BAM.fork0.chnk05.main
2023-10-10 20:49:38 [runtime] (run:local)       ID.Embryo11.SC_RNA_COUNTER_CS.SC_MULTI_CORE.MULTI_GEM_WELL_PROCESSOR.COUNT_GEM_WELL_PROCESSOR._BASIC_SC_RNA_COUNTER.WRITE_POS_BAM.fork0.chnk06.main
2023-10-10 20:49:38 [runtime] (run:local)       ID.Embryo11.SC_RNA_COUNTER_CS.SC_MULTI_CORE.MULTI_GEM_WELL_PROCESSOR.COUNT_GEM_WELL_PROCESSOR._BASIC_SC_RNA_COUNTER.WRITE_POS_BAM.fork0.chnk07.main
2023-10-10 20:49:38 [runtime] (run:local)       ID.Embryo11.SC_RNA_COUNTER_CS.SC_MULTI_CORE.MULTI_GEM_WELL_PROCESSOR.COUNT_GEM_WELL_PROCESSOR._BASIC_SC_RNA_COUNTER.WRITE_POS_BAM.fork0.chnk08.main
2023-10-10 20:49:38 [runtime] (run:local)       ID.Embryo11.SC_RNA_COUNTER_CS.SC_MULTI_CORE.MULTI_GEM_WELL_PROCESSOR.COUNT_GEM_WELL_PROCESSOR._BASIC_SC_RNA_COUNTER.WRITE_POS_BAM.fork0.chnk09.main
2023-10-10 20:49:38 [runtime] (run:local)       ID.Embryo11.SC_RNA_COUNTER_CS.SC_MULTI_CORE.MULTI_GEM_WELL_PROCESSOR.COUNT_GEM_WELL_PROCESSOR._BASIC_SC_RNA_COUNTER.WRITE_POS_BAM.fork0.chnk10.main
2023-10-10 20:49:38 [runtime] (run:local)       ID.Embryo11.SC_RNA_COUNTER_CS.SC_MULTI_CORE.MULTI_GEM_WELL_PROCESSOR.COUNT_GEM_WELL_PROCESSOR._BASIC_SC_RNA_COUNTER.WRITE_POS_BAM.fork0.chnk11.main
2023-10-10 20:49:38 [runtime] (run:local)       ID.Embryo11.SC_RNA_COUNTER_CS.SC_MULTI_CORE.MULTI_GEM_WELL_PROCESSOR.COUNT_GEM_WELL_PROCESSOR._BASIC_SC_RNA_COUNTER.WRITE_POS_BAM.fork0.chnk12.main
2023-10-10 20:49:38 [runtime] (run:local)       ID.Embryo11.SC_RNA_COUNTER_CS.SC_MULTI_CORE.MULTI_GEM_WELL_PROCESSOR.COUNT_GEM_WELL_PROCESSOR._BASIC_SC_RNA_COUNTER.WRITE_POS_BAM.fork0.chnk13.main
2023-10-10 20:49:38 [runtime] (run:local)       ID.Embryo11.SC_RNA_COUNTER_CS.SC_MULTI_CORE.MULTI_GEM_WELL_PROCESSOR.COUNT_GEM_WELL_PROCESSOR._BASIC_SC_RNA_COUNTER.WRITE_POS_BAM.fork0.chnk14.main
2023-10-10 20:49:38 [runtime] (run:local)       ID.Embryo11.SC_RNA_COUNTER_CS.SC_MULTI_CORE.MULTI_GEM_WELL_PROCESSOR.COUNT_GEM_WELL_PROCESSOR._BASIC_SC_RNA_COUNTER.WRITE_POS_BAM.fork0.chnk15.main
2023-10-10 20:49:38 [runtime] (run:local)       ID.Embryo11.SC_RNA_COUNTER_CS.SC_MULTI_CORE.MULTI_GEM_WELL_PROCESSOR.COUNT_GEM_WELL_PROCESSOR._BASIC_SC_RNA_COUNTER.WRITE_POS_BAM.fork0.chnk16.main
2023-10-10 20:49:38 [runtime] (run:local)       ID.Embryo11.SC_RNA_COUNTER_CS.SC_MULTI_CORE.MULTI_GEM_WELL_PROCESSOR.COUNT_GEM_WELL_PROCESSOR._BASIC_SC_RNA_COUNTER.WRITE_POS_BAM.fork0.chnk17.main
2023-10-10 20:49:38 [runtime] (run:local)       ID.Embryo11.SC_RNA_COUNTER_CS.SC_MULTI_CORE.MULTI_GEM_WELL_PROCESSOR.COUNT_GEM_WELL_PROCESSOR._BASIC_SC_RNA_COUNTER.WRITE_POS_BAM.fork0.chnk18.main
2023-10-10 20:49:38 [runtime] (run:local)       ID.Embryo11.SC_RNA_COUNTER_CS.SC_MULTI_CORE.MULTI_GEM_WELL_PROCESSOR.COUNT_GEM_WELL_PROCESSOR._BASIC_SC_RNA_COUNTER.WRITE_POS_BAM.fork0.chnk19.main
2023-10-10 20:49:38 [runtime] (run:local)       ID.Embryo11.SC_RNA_COUNTER_CS.SC_MULTI_CORE.MULTI_GEM_WELL_PROCESSOR.COUNT_GEM_WELL_PROCESSOR._BASIC_SC_RNA_COUNTER.WRITE_POS_BAM.fork0.chnk20.main
2023-10-10 20:49:38 [runtime] (run:local)       ID.Embryo11.SC_RNA_COUNTER_CS.SC_MULTI_CORE.MULTI_GEM_WELL_PROCESSOR.COUNT_GEM_WELL_PROCESSOR._BASIC_SC_RNA_COUNTER.WRITE_POS_BAM.fork0.chnk21.main
2023-10-10 20:49:38 [runtime] (run:local)       ID.Embryo11.SC_RNA_COUNTER_CS.SC_MULTI_CORE.MULTI_GEM_WELL_PROCESSOR.COUNT_GEM_WELL_PROCESSOR._BASIC_SC_RNA_COUNTER.WRITE_POS_BAM.fork0.chnk22.main
2023-10-10 20:49:38 [runtime] (run:local)       ID.Embryo11.SC_RNA_COUNTER_CS.SC_MULTI_CORE.MULTI_GEM_WELL_PROCESSOR.COUNT_GEM_WELL_PROCESSOR._BASIC_SC_RNA_COUNTER.WRITE_POS_BAM.fork0.chnk23.main
2023-10-10 20:49:38 [runtime] (run:local)       ID.Embryo11.SC_RNA_COUNTER_CS.SC_MULTI_CORE.MULTI_GEM_WELL_PROCESSOR.COUNT_GEM_WELL_PROCESSOR._BASIC_SC_RNA_COUNTER.WRITE_POS_BAM.fork0.chnk24.main
2023-10-10 20:52:00 [runtime] (chunks_complete) ID.Embryo11.SC_RNA_COUNTER_CS.SC_MULTI_CORE.MULTI_GEM_WELL_PROCESSOR.COUNT_GEM_WELL_PROCESSOR._BASIC_SC_RNA_COUNTER.FILTER_BARCODES
2023-10-10 20:52:00 [runtime] (run:local)       ID.Embryo11.SC_RNA_COUNTER_CS.SC_MULTI_CORE.MULTI_GEM_WELL_PROCESSOR.COUNT_GEM_WELL_PROCESSOR._BASIC_SC_RNA_COUNTER.FILTER_BARCODES.fork0.join
2023-10-10 20:55:02 [runtime] (update)          ID.Embryo11.SC_RNA_COUNTER_CS.SC_MULTI_CORE.MULTI_GEM_WELL_PROCESSOR.COUNT_GEM_WELL_PROCESSOR._BASIC_SC_RNA_COUNTER.WRITE_POS_BAM.fork0 chunks running (9/25 completed)
2023-10-10 21:00:03 [runtime] (update)          ID.Embryo11.SC_RNA_COUNTER_CS.SC_MULTI_CORE.MULTI_GEM_WELL_PROCESSOR.COUNT_GEM_WELL_PROCESSOR._BASIC_SC_RNA_COUNTER.WRITE_POS_BAM.fork0 chunks running (20/25 completed)
2023-10-10 21:00:51 [runtime] (join_complete)   ID.Embryo11.SC_RNA_COUNTER_CS.SC_MULTI_CORE.MULTI_GEM_WELL_PROCESSOR.COUNT_GEM_WELL_PROCESSOR._BASIC_SC_RNA_COUNTER.FILTER_BARCODES
2023-10-10 21:00:51 [runtime] (ready)           ID.Embryo11.SC_RNA_COUNTER_CS.SC_MULTI_CORE.MULTI_GEM_WELL_PROCESSOR.VDJ_T_GEM_WELL_PROCESSOR.HANDLE_GEX_CELLS
2023-10-10 21:00:51 [runtime] (ready)           ID.Embryo11.SC_RNA_COUNTER_CS.SC_MULTI_CORE.MULTI_GEM_WELL_PROCESSOR.VDJ_T_GD_GEM_WELL_PROCESSOR.HANDLE_GEX_CELLS
2023-10-10 21:00:51 [runtime] (ready)           ID.Embryo11.SC_RNA_COUNTER_CS.SC_MULTI_CORE.MULTI_GEM_WELL_PROCESSOR.COUNT_GEM_WELL_PROCESSOR._BASIC_SC_RNA_COUNTER._ASSIGN_TAGS.CALL_TAGS_RTL
2023-10-10 21:00:51 [runtime] (ready)           ID.Embryo11.SC_RNA_COUNTER_CS.SC_MULTI_CORE.MULTI_GEM_WELL_PROCESSOR.VDJ_B_GEM_WELL_PROCESSOR.HANDLE_GEX_CELLS
2023-10-10 21:00:51 [runtime] (ready)           ID.Embryo11.SC_RNA_COUNTER_CS.SC_MULTI_CORE.MULTI_GEM_WELL_PROCESSOR.COUNT_GEM_WELL_PROCESSOR._BASIC_SC_RNA_COUNTER.INFER_GEM_WELL_THROUGHPUT
2023-10-10 21:00:51 [runtime] (run:local)       ID.Embryo11.SC_RNA_COUNTER_CS.SC_MULTI_CORE.MULTI_GEM_WELL_PROCESSOR.COUNT_GEM_WELL_PROCESSOR._BASIC_SC_RNA_COUNTER.INFER_GEM_WELL_THROUGHPUT.fork0.split
2023-10-10 21:00:51 [runtime] (ready)           ID.Embryo11.SC_RNA_COUNTER_CS.SC_MULTI_CORE.MULTI_GEM_WELL_PROCESSOR.COUNT_GEM_WELL_PROCESSOR._BASIC_SC_RNA_COUNTER.CHECK_CORRECTION_FACTOR
2023-10-10 21:00:51 [runtime] (run:local)       ID.Embryo11.SC_RNA_COUNTER_CS.SC_MULTI_CORE.MULTI_GEM_WELL_PROCESSOR.COUNT_GEM_WELL_PROCESSOR._BASIC_SC_RNA_COUNTER.CHECK_CORRECTION_FACTOR.fork0.chnk0.main
2023-10-10 21:00:51 [runtime] (ready)           ID.Embryo11.SC_RNA_COUNTER_CS.SC_MULTI_CORE.VDJ_T_GD_CLONOTYPE_ASSIGNER.CLONOTYPE_ASSIGNER.RUN_ENCLONE
2023-10-10 21:00:51 [runtime] (ready)           ID.Embryo11.SC_RNA_COUNTER_CS.SC_MULTI_CORE.MULTI_GEM_WELL_PROCESSOR.COUNT_GEM_WELL_PROCESSOR._BASIC_SC_RNA_COUNTER.COLLATE_PROBE_METRICS
2023-10-10 21:00:51 [runtime] (ready)           ID.Embryo11.SC_RNA_COUNTER_CS.SC_MULTI_CORE.VDJ_T_CLONOTYPE_ASSIGNER.CLONOTYPE_ASSIGNER.RUN_ENCLONE
2023-10-10 21:00:51 [runtime] (ready)           ID.Embryo11.SC_RNA_COUNTER_CS.SC_MULTI_CORE.VDJ_T_CLONOTYPE_ASSIGNER.CLONOTYPE_ASSIGNER.FILL_CLONOTYPE_INFO
2023-10-10 21:00:51 [runtime] (ready)           ID.Embryo11.SC_RNA_COUNTER_CS.SC_MULTI_CORE.VDJ_T_GD_CLONOTYPE_ASSIGNER.CLONOTYPE_ASSIGNER.WRITE_CONSENSUS_TXT
2023-10-10 21:00:51 [runtime] (ready)           ID.Embryo11.SC_RNA_COUNTER_CS.SC_MULTI_CORE.VDJ_T_GD_CLONOTYPE_ASSIGNER.CLONOTYPE_ASSIGNER.FILL_CLONOTYPE_INFO
2023-10-10 21:00:51 [runtime] (ready)           ID.Embryo11.SC_RNA_COUNTER_CS.SC_MULTI_CORE.VDJ_T_GD_CLONOTYPE_ASSIGNER.CLONOTYPE_ASSIGNER.WRITE_CLONOTYPE_OUTS
2023-10-10 21:00:51 [runtime] (ready)           ID.Embryo11.SC_RNA_COUNTER_CS.SC_MULTI_CORE.VDJ_B_CLONOTYPE_ASSIGNER.CLONOTYPE_ASSIGNER.RUN_ENCLONE
2023-10-10 21:00:52 [runtime] (ready)           ID.Embryo11.SC_RNA_COUNTER_CS.SC_MULTI_CORE.VDJ_T_CLONOTYPE_ASSIGNER.CLONOTYPE_ASSIGNER.WRITE_CONCAT_REF_OUTS
2023-10-10 21:00:52 [runtime] (ready)           ID.Embryo11.SC_RNA_COUNTER_CS.SC_MULTI_CORE.VDJ_T_CLONOTYPE_ASSIGNER.HANDLE_NO_VDJ_REF
2023-10-10 21:00:52 [runtime] (chunks_complete) ID.Embryo11.SC_RNA_COUNTER_CS.SC_MULTI_CORE.MULTI_GEM_WELL_PROCESSOR.COUNT_GEM_WELL_PROCESSOR._BASIC_SC_RNA_COUNTER.CHECK_CORRECTION_FACTOR
2023-10-10 21:00:52 [runtime] (ready)           ID.Embryo11.SC_RNA_COUNTER_CS.SC_MULTI_CORE.VDJ_T_GD_CLONOTYPE_ASSIGNER.CLONOTYPE_ASSIGNER.WRITE_CONSENSUS_BAM
2023-10-10 21:00:52 [runtime] (ready)           ID.Embryo11.SC_RNA_COUNTER_CS.SC_MULTI_CORE.VDJ_T_CLONOTYPE_ASSIGNER.CLONOTYPE_ASSIGNER.WRITE_CONSENSUS_TXT
2023-10-10 21:00:52 [runtime] (ready)           ID.Embryo11.SC_RNA_COUNTER_CS.SC_MULTI_CORE.MULTI_GEM_WELL_PROCESSOR.COUNT_GEM_WELL_PROCESSOR._BASIC_SC_RNA_COUNTER._CELLS_REPORTER.WRITE_MOLECULE_INFO
2023-10-10 21:00:52 [runtime] (run:local)       ID.Embryo11.SC_RNA_COUNTER_CS.SC_MULTI_CORE.MULTI_GEM_WELL_PROCESSOR.COUNT_GEM_WELL_PROCESSOR._BASIC_SC_RNA_COUNTER._CELLS_REPORTER.WRITE_MOLECULE_INFO.fork0.split
2023-10-10 21:00:52 [runtime] (ready)           ID.Embryo11.SC_RNA_COUNTER_CS.SC_MULTI_CORE.COPY_VDJ_REFERENCE
2023-10-10 21:00:52 [runtime] (ready)           ID.Embryo11.SC_RNA_COUNTER_CS.SC_MULTI_CORE.VDJ_B_CLONOTYPE_ASSIGNER.CLONOTYPE_ASSIGNER.WRITE_CONSENSUS_TXT
2023-10-10 21:00:52 [runtime] (ready)           ID.Embryo11.SC_RNA_COUNTER_CS.SC_MULTI_CORE.VDJ_T_CLONOTYPE_ASSIGNER.CLONOTYPE_ASSIGNER.WRITE_CLONOTYPE_OUTS
2023-10-10 21:00:52 [runtime] (ready)           ID.Embryo11.SC_RNA_COUNTER_CS.SC_MULTI_CORE.VDJ_T_CLONOTYPE_ASSIGNER.CLONOTYPE_ASSIGNER.WRITE_ANN_CSV
2023-10-10 21:00:52 [runtime] (ready)           ID.Embryo11.SC_RNA_COUNTER_CS.SC_MULTI_CORE.VDJ_B_CLONOTYPE_ASSIGNER.CLONOTYPE_ASSIGNER.WRITE_CLONOTYPE_OUTS
2023-10-10 21:00:52 [runtime] (ready)           ID.Embryo11.SC_RNA_COUNTER_CS.SC_MULTI_CORE.VDJ_T_GD_CLONOTYPE_ASSIGNER.HANDLE_NO_VDJ_REF
2023-10-10 21:00:52 [runtime] (ready)           ID.Embryo11.SC_RNA_COUNTER_CS.SC_MULTI_CORE.VDJ_T_CLONOTYPE_ASSIGNER.CLONOTYPE_ASSIGNER.WRITE_CONSENSUS_BAM
2023-10-10 21:00:52 [runtime] (ready)           ID.Embryo11.SC_RNA_COUNTER_CS.SC_MULTI_CORE.VDJ_B_CLONOTYPE_ASSIGNER.CLONOTYPE_ASSIGNER.FILL_CLONOTYPE_INFO
2023-10-10 21:00:52 [runtime] (ready)           ID.Embryo11.SC_RNA_COUNTER_CS.SC_MULTI_CORE.VDJ_T_GD_CLONOTYPE_ASSIGNER.CLONOTYPE_ASSIGNER.WRITE_ANN_CSV
2023-10-10 21:00:52 [runtime] (split_complete)  ID.Embryo11.SC_RNA_COUNTER_CS.SC_MULTI_CORE.MULTI_GEM_WELL_PROCESSOR.COUNT_GEM_WELL_PROCESSOR._BASIC_SC_RNA_COUNTER._CELLS_REPORTER.WRITE_MOLECULE_INFO
2023-10-10 21:00:52 [runtime] (run:local)       ID.Embryo11.SC_RNA_COUNTER_CS.SC_MULTI_CORE.MULTI_GEM_WELL_PROCESSOR.COUNT_GEM_WELL_PROCESSOR._BASIC_SC_RNA_COUNTER._CELLS_REPORTER.WRITE_MOLECULE_INFO.fork0.join
2023-10-10 21:00:52 [runtime] (ready)           ID.Embryo11.SC_RNA_COUNTER_CS.SC_MULTI_CORE.MULTI_REPORTER.VDJ_T_REPORTER.SUMMARIZE_VDJ_FILTERS
2023-10-10 21:00:52 [runtime] (ready)           ID.Embryo11.SC_RNA_COUNTER_CS.SC_MULTI_CORE.MULTI_REPORTER.VDJ_T_REPORTER.WRITE_CONTIG_OUTS
2023-10-10 21:00:52 [runtime] (ready)           ID.Embryo11.SC_RNA_COUNTER_CS.SC_MULTI_CORE.VDJ_T_CLONOTYPE_ASSIGNER.CLONOTYPE_ASSIGNER.CREATE_AIRR_TSV
2023-10-10 21:00:52 [runtime] (ready)           ID.Embryo11.SC_RNA_COUNTER_CS.SC_MULTI_CORE.MULTI_REPORTER.VDJ_T_GD_REPORTER.WRITE_CONTIG_OUTS
2023-10-10 21:00:52 [runtime] (ready)           ID.Embryo11.SC_RNA_COUNTER_CS.SC_MULTI_CORE.VDJ_T_GD_CLONOTYPE_ASSIGNER.CLONOTYPE_ASSIGNER.WRITE_CONCAT_REF_OUTS
2023-10-10 21:00:52 [runtime] (ready)           ID.Embryo11.SC_RNA_COUNTER_CS.SC_MULTI_CORE.MULTI_REPORTER.VDJ_T_REPORTER.REPORT_CONTIGS
2023-10-10 21:00:52 [runtime] (ready)           ID.Embryo11.SC_RNA_COUNTER_CS.SC_MULTI_CORE.VDJ_B_CLONOTYPE_ASSIGNER.HANDLE_NO_VDJ_REF
2023-10-10 21:00:52 [runtime] (ready)           ID.Embryo11.SC_RNA_COUNTER_CS.SC_MULTI_CORE.VDJ_B_CLONOTYPE_ASSIGNER.CLONOTYPE_ASSIGNER.WRITE_ANN_CSV
2023-10-10 21:00:52 [runtime] (ready)           ID.Embryo11.SC_RNA_COUNTER_CS.SC_MULTI_CORE.MULTI_REPORTER.VDJ_T_GD_REPORTER.SUMMARIZE_VDJ_FILTERS
2023-10-10 21:00:52 [runtime] (ready)           ID.Embryo11.SC_RNA_COUNTER_CS.SC_MULTI_CORE.VDJ_B_CLONOTYPE_ASSIGNER.CLONOTYPE_ASSIGNER.WRITE_CONSENSUS_BAM
2023-10-10 21:00:52 [runtime] (ready)           ID.Embryo11.SC_RNA_COUNTER_CS.SC_MULTI_CORE.VDJ_B_CLONOTYPE_ASSIGNER.CLONOTYPE_ASSIGNER.WRITE_CONCAT_REF_OUTS
2023-10-10 21:00:52 [runtime] (ready)           ID.Embryo11.SC_RNA_COUNTER_CS.SC_MULTI_CORE.MULTI_REPORTER.VDJ_B_REPORTER.WRITE_CONTIG_OUTS
2023-10-10 21:00:52 [runtime] (ready)           ID.Embryo11.SC_RNA_COUNTER_CS.SC_MULTI_CORE.MULTI_REPORTER.VDJ_T_GD_REPORTER.REPORT_CONTIGS
2023-10-10 21:00:52 [runtime] (split_complete)  ID.Embryo11.SC_RNA_COUNTER_CS.SC_MULTI_CORE.MULTI_GEM_WELL_PROCESSOR.COUNT_GEM_WELL_PROCESSOR._BASIC_SC_RNA_COUNTER.INFER_GEM_WELL_THROUGHPUT
2023-10-10 21:00:52 [runtime] (run:local)       ID.Embryo11.SC_RNA_COUNTER_CS.SC_MULTI_CORE.MULTI_GEM_WELL_PROCESSOR.COUNT_GEM_WELL_PROCESSOR._BASIC_SC_RNA_COUNTER.INFER_GEM_WELL_THROUGHPUT.fork0.join
2023-10-10 21:00:52 [runtime] (ready)           ID.Embryo11.SC_RNA_COUNTER_CS.SC_MULTI_CORE.VDJ_T_GD_CLONOTYPE_ASSIGNER.CLONOTYPE_ASSIGNER.CREATE_AIRR_TSV
2023-10-10 21:00:52 [runtime] (ready)           ID.Embryo11.SC_RNA_COUNTER_CS.SC_MULTI_CORE.MULTI_REPORTER.VDJ_B_REPORTER.SUMMARIZE_VDJ_FILTERS
2023-10-10 21:00:52 [runtime] (ready)           ID.Embryo11.SC_RNA_COUNTER_CS.SC_MULTI_CORE.VDJ_B_CLONOTYPE_ASSIGNER.CLONOTYPE_ASSIGNER.CREATE_AIRR_TSV
2023-10-10 21:00:52 [runtime] (ready)           ID.Embryo11.SC_RNA_COUNTER_CS.SC_MULTI_CORE.MULTI_REPORTER.VDJ_B_REPORTER.REPORT_CONTIGS
2023-10-10 21:00:54 [runtime] (join_complete)   ID.Embryo11.SC_RNA_COUNTER_CS.SC_MULTI_CORE.MULTI_GEM_WELL_PROCESSOR.COUNT_GEM_WELL_PROCESSOR._BASIC_SC_RNA_COUNTER.INFER_GEM_WELL_THROUGHPUT
2023-10-10 21:00:54 [runtime] (ready)           ID.Embryo11.SC_RNA_COUNTER_CS.SC_MULTI_CORE.MULTI_GEM_WELL_PROCESSOR.COUNT_GEM_WELL_PROCESSOR._BASIC_SC_RNA_COUNTER._ASSIGN_TAGS.CALL_TAGS_MARGINAL
2023-10-10 21:00:58 [runtime] (join_complete)   ID.Embryo11.SC_RNA_COUNTER_CS.SC_MULTI_CORE.MULTI_GEM_WELL_PROCESSOR.COUNT_GEM_WELL_PROCESSOR._BASIC_SC_RNA_COUNTER._CELLS_REPORTER.WRITE_MOLECULE_INFO
2023-10-10 21:00:58 [runtime] (ready)           ID.Embryo11.SC_RNA_COUNTER_CS.SC_MULTI_CORE.COUNT_ANALYZER.DISABLE_SECONDARY_ANALYSIS
2023-10-10 21:00:58 [runtime] (run:local)       ID.Embryo11.SC_RNA_COUNTER_CS.SC_MULTI_CORE.COUNT_ANALYZER.DISABLE_SECONDARY_ANALYSIS.fork0.chnk0.main
2023-10-10 21:00:58 [runtime] (ready)           ID.Embryo11.SC_RNA_COUNTER_CS.SC_MULTI_CORE.MULTI_GEM_WELL_PROCESSOR.COUNT_GEM_WELL_PROCESSOR._BASIC_SC_RNA_COUNTER._ASSIGN_TAGS.CALL_TAGS_JIBES
2023-10-10 21:00:58 [runtime] (ready)           ID.Embryo11.SC_RNA_COUNTER_CS.SC_MULTI_CORE.MULTI_GEM_WELL_PROCESSOR.COUNT_GEM_WELL_PROCESSOR._BASIC_SC_RNA_COUNTER._CELLS_REPORTER.SUBSAMPLE_READS
2023-10-10 21:00:58 [runtime] (run:local)       ID.Embryo11.SC_RNA_COUNTER_CS.SC_MULTI_CORE.MULTI_GEM_WELL_PROCESSOR.COUNT_GEM_WELL_PROCESSOR._BASIC_SC_RNA_COUNTER._CELLS_REPORTER.SUBSAMPLE_READS.fork0.split
2023-10-10 21:00:58 [runtime] (ready)           ID.Embryo11.SC_RNA_COUNTER_CS.SC_MULTI_CORE.MULTI_GEM_WELL_PROCESSOR.COUNT_GEM_WELL_PROCESSOR._BASIC_SC_RNA_COUNTER._ASSIGN_TAGS.DETERMINE_SAMPLE_ASSIGNMENTS
2023-10-10 21:00:58 [runtime] (ready)           ID.Embryo11.SC_RNA_COUNTER_CS.SC_MULTI_CORE.MULTI_GEM_WELL_PROCESSOR.COUNT_GEM_WELL_PROCESSOR._BASIC_SC_RNA_COUNTER.MULTI_COLLATE_PER_SAMPLE_METRICS
2023-10-10 21:00:58 [runtime] (ready)           ID.Embryo11.SC_RNA_COUNTER_CS.SC_MULTI_CORE.MULTI_GEM_WELL_PROCESSOR.COUNT_GEM_WELL_PROCESSOR._BASIC_SC_RNA_COUNTER._ASSIGN_TAGS.COMPUTE_EXTRA_MULTIPLEXING_METRICS
2023-10-10 21:00:58 [runtime] (ready)           ID.Embryo11.SC_RNA_COUNTER_CS.SC_MULTI_CORE.MULTI_GEM_WELL_PROCESSOR.COUNT_GEM_WELL_PROCESSOR._BASIC_SC_RNA_COUNTER.DEMUX_PROBE_BC_MATRIX
2023-10-10 21:00:58 [runtime] (ready)           ID.Embryo11.SC_RNA_COUNTER_CS.SC_MULTI_CORE.MULTI_GEM_WELL_PROCESSOR.COUNT_GEM_WELL_PROCESSOR._BASIC_SC_RNA_COUNTER.MULTI_WRITE_PER_SAMPLE_MATRICES
2023-10-10 21:00:58 [runtime] (ready)           ID.Embryo11.SC_RNA_COUNTER_CS.SC_MULTI_CORE.MULTI_GEM_WELL_PROCESSOR.COUNT_GEM_WELL_PROCESSOR._BASIC_SC_RNA_COUNTER.MULTI_WRITE_PER_SAMPLE_BAM
2023-10-10 21:00:58 [runtime] (ready)           ID.Embryo11.SC_RNA_COUNTER_CS.SC_MULTI_CORE.MULTI_GEM_WELL_PROCESSOR.COUNT_GEM_WELL_PROCESSOR._BASIC_SC_RNA_COUNTER.MULTI_WRITE_PER_SAMPLE_MOLECULE_INFO
2023-10-10 21:00:58 [runtime] (ready)           ID.Embryo11.SC_RNA_COUNTER_CS.SC_MULTI_CORE.MULTI_GEM_WELL_PROCESSOR.COUNT_GEM_WELL_PROCESSOR._BASIC_SC_RNA_COUNTER._ASSIGN_TAGS.MERGE_METRICS
2023-10-10 21:00:58 [runtime] (ready)           ID.Embryo11.SC_RNA_COUNTER_CS.SC_MULTI_CORE.STRUCTIFY_PER_SAMPLE_OUTS
2023-10-10 21:00:58 [runtime] (run:local)       ID.Embryo11.SC_RNA_COUNTER_CS.SC_MULTI_CORE.STRUCTIFY_PER_SAMPLE_OUTS.fork0.chnk0.main
2023-10-10 21:00:59 [runtime] (chunks_complete) ID.Embryo11.SC_RNA_COUNTER_CS.SC_MULTI_CORE.COUNT_ANALYZER.DISABLE_SECONDARY_ANALYSIS
2023-10-10 21:00:59 [runtime] (chunks_complete) ID.Embryo11.SC_RNA_COUNTER_CS.SC_MULTI_CORE.STRUCTIFY_PER_SAMPLE_OUTS
2023-10-10 21:00:59 [runtime] (ready)           ID.Embryo11.SC_RNA_COUNTER_CS.SC_MULTI_CORE.DISABLE_FEATURE_STAGES
2023-10-10 21:00:59 [runtime] (run:local)       ID.Embryo11.SC_RNA_COUNTER_CS.SC_MULTI_CORE.DISABLE_FEATURE_STAGES.fork0.chnk0.main
2023-10-10 21:00:59 [runtime] (chunks_complete) ID.Embryo11.SC_RNA_COUNTER_CS.SC_MULTI_CORE.DISABLE_FEATURE_STAGES
2023-10-10 21:01:00 [runtime] (ready)           ID.Embryo11.SC_RNA_COUNTER_CS.SC_MULTI_CORE.MULTI_REPORTER.VDJ_T_REPORTER.BEAM_ANALYZER.CREATE_BARCODE_CSV
2023-10-10 21:01:00 [runtime] (ready)           ID.Embryo11.SC_RNA_COUNTER_CS.SC_MULTI_CORE.MULTI_REPORTER.VDJ_T_REPORTER.BEAM_ANALYZER.COMPUTE_ANTIGEN_VDJ_METRICS
2023-10-10 21:01:00 [runtime] (ready)           ID.Embryo11.SC_RNA_COUNTER_CS.SC_MULTI_CORE.MULTI_REPORTER.VDJ_T_GD_REPORTER.BEAM_ANALYZER.COMPUTE_ANTIGEN_VDJ_METRICS
2023-10-10 21:01:00 [runtime] (ready)           ID.Embryo11.SC_RNA_COUNTER_CS.SC_MULTI_CORE.MULTI_REPORTER.VDJ_B_REPORTER.BEAM_ANALYZER.CALCULATE_ANTIGEN_SPECIFICITY
2023-10-10 21:01:00 [runtime] (ready)           ID.Embryo11.SC_RNA_COUNTER_CS.SC_MULTI_CORE.COUNT_ANALYZER._ANTIBODY_ANALYZER.SUMMARIZE_ANTIBODY_ANALYSIS
2023-10-10 21:01:00 [runtime] (ready)           ID.Embryo11.SC_RNA_COUNTER_CS.SC_MULTI_CORE.MULTI_REPORTER.VDJ_B_REPORTER.BEAM_ANALYZER.COMPUTE_ANTIGEN_VDJ_METRICS
2023-10-10 21:01:00 [runtime] (ready)           ID.Embryo11.SC_RNA_COUNTER_CS.SC_MULTI_CORE.COUNT_ANALYZER._TARGETED_ANALYZER.DISABLE_GDNA_STAGES
2023-10-10 21:01:00 [runtime] (ready)           ID.Embryo11.SC_RNA_COUNTER_CS.SC_MULTI_CORE.MULTI_REPORTER.VDJ_B_REPORTER.BEAM_ANALYZER.CREATE_BARCODE_CSV
2023-10-10 21:01:00 [runtime] (ready)           ID.Embryo11.SC_RNA_COUNTER_CS.SC_MULTI_CORE.MULTI_REPORTER.VDJ_B_REPORTER.SUMMARIZE_VDJ_REPORTS
2023-10-10 21:01:00 [runtime] (ready)           ID.Embryo11.SC_RNA_COUNTER_CS.SC_MULTI_CORE.MULTI_REPORTER.VDJ_T_REPORTER.SUMMARIZE_VDJ_REPORTS
2023-10-10 21:01:00 [runtime] (split_complete)  ID.Embryo11.SC_RNA_COUNTER_CS.SC_MULTI_CORE.MULTI_GEM_WELL_PROCESSOR.COUNT_GEM_WELL_PROCESSOR._BASIC_SC_RNA_COUNTER._CELLS_REPORTER.SUBSAMPLE_READS
2023-10-10 21:01:00 [runtime] (run:local)       ID.Embryo11.SC_RNA_COUNTER_CS.SC_MULTI_CORE.MULTI_GEM_WELL_PROCESSOR.COUNT_GEM_WELL_PROCESSOR._BASIC_SC_RNA_COUNTER._CELLS_REPORTER.SUBSAMPLE_READS.fork0.chnk0.main
2023-10-10 21:01:00 [runtime] (run:local)       ID.Embryo11.SC_RNA_COUNTER_CS.SC_MULTI_CORE.MULTI_GEM_WELL_PROCESSOR.COUNT_GEM_WELL_PROCESSOR._BASIC_SC_RNA_COUNTER._CELLS_REPORTER.SUBSAMPLE_READS.fork0.chnk1.main
2023-10-10 21:01:00 [runtime] (ready)           ID.Embryo11.SC_RNA_COUNTER_CS.SC_MULTI_CORE.COUNT_ANALYZER._ANTIBODY_ANALYZER.CALL_ANTIBODIES
2023-10-10 21:01:00 [runtime] (ready)           ID.Embryo11.SC_RNA_COUNTER_CS.SC_MULTI_CORE.COUNT_ANALYZER._TARGETED_ANALYZER.SUBSAMPLE_ON_TARGET_READS
2023-10-10 21:01:00 [runtime] (ready)           ID.Embryo11.SC_RNA_COUNTER_CS.SC_MULTI_CORE.MULTI_REPORTER.VDJ_T_GD_REPORTER.SUMMARIZE_VDJ_REPORTS
2023-10-10 21:01:00 [runtime] (ready)           ID.Embryo11.SC_RNA_COUNTER_CS.SC_MULTI_CORE.MULTI_REPORTER.VDJ_B_REPORTER.VLOUPE_PREPROCESS
2023-10-10 21:01:00 [runtime] (ready)           ID.Embryo11.SC_RNA_COUNTER_CS.SC_MULTI_CORE.COUNT_ANALYZER.SC_RNA_ANALYZER.ANALYZER_PREFLIGHT
2023-10-10 21:01:00 [runtime] (run:local)       ID.Embryo11.SC_RNA_COUNTER_CS.SC_MULTI_CORE.COUNT_ANALYZER.SC_RNA_ANALYZER.ANALYZER_PREFLIGHT.fork0.chnk0.main
2023-10-10 21:01:00 [runtime] (ready)           ID.Embryo11.SC_RNA_COUNTER_CS.SC_MULTI_CORE.COUNT_ANALYZER._ANTIGEN_ANALYZER.CALL_ANTIBODIES
2023-10-10 21:01:00 [runtime] (ready)           ID.Embryo11.SC_RNA_COUNTER_CS.SC_MULTI_CORE.MULTI_REPORTER.VDJ_T_REPORTER.BEAM_ANALYZER.CALCULATE_ANTIGEN_SPECIFICITY
2023-10-10 21:01:00 [runtime] (ready)           ID.Embryo11.SC_RNA_COUNTER_CS.SC_MULTI_CORE.MULTI_REPORTER.VDJ_T_GD_REPORTER.BEAM_ANALYZER.CALCULATE_ANTIGEN_SPECIFICITY
2023-10-10 21:01:00 [runtime] (ready)           ID.Embryo11.SC_RNA_COUNTER_CS.SC_MULTI_CORE.COUNT_ANALYZER._ANTIGEN_ANALYZER.SUMMARIZE_ANTIBODY_ANALYSIS
2023-10-10 21:01:00 [runtime] (ready)           ID.Embryo11.SC_RNA_COUNTER_CS.SC_MULTI_CORE.COUNT_ANALYZER._TARGETED_ANALYZER.SUBSAMPLE_OFF_TARGET_READS
2023-10-10 21:01:00 [runtime] (ready)           ID.Embryo11.SC_RNA_COUNTER_CS.SC_MULTI_CORE.MULTI_REPORTER.VDJ_T_GD_REPORTER.BEAM_ANALYZER.CREATE_BARCODE_CSV
2023-10-10 21:01:00 [runtime] (ready)           ID.Embryo11.SC_RNA_COUNTER_CS.SC_MULTI_CORE.COUNT_ANALYZER._TARGETED_ANALYZER._RUN_GDNA_ANALYSIS.GET_GDNA_METRICS
2023-10-10 21:01:00 [runtime] (ready)           ID.Embryo11.SC_RNA_COUNTER_CS.GET_AGGREGATE_BARCODES_OUT
2023-10-10 21:01:00 [runtime] (run:local)       ID.Embryo11.SC_RNA_COUNTER_CS.GET_AGGREGATE_BARCODES_OUT.fork0.chnk0.main
2023-10-10 21:01:00 [runtime] (ready)           ID.Embryo11.SC_RNA_COUNTER_CS.SC_MULTI_CORE.MULTI_REPORTER.VDJ_T_REPORTER.WRITE_CONTIG_PROTO
2023-10-10 21:01:00 [runtime] (ready)           ID.Embryo11.SC_RNA_COUNTER_CS.SC_MULTI_CORE.MULTI_REPORTER.VDJ_T_GD_REPORTER.WRITE_CONTIG_PROTO
2023-10-10 21:01:00 [runtime] (ready)           ID.Embryo11.SC_RNA_COUNTER_CS.SC_MULTI_CORE.MULTI_REPORTER.PICK_BEAM_ANALYZER
2023-10-10 21:01:00 [runtime] (ready)           ID.Embryo11.SC_RNA_COUNTER_CS.SC_MULTI_CORE.MULTI_REPORTER.VDJ_T_REPORTER.VLOUPE_PREPROCESS
2023-10-10 21:01:01 [runtime] (ready)           ID.Embryo11.SC_RNA_COUNTER_CS.SC_MULTI_CORE.MULTI_REPORTER.VDJ_T_GD_REPORTER.VLOUPE_PREPROCESS
2023-10-10 21:01:01 [runtime] (ready)           ID.Embryo11.SC_RNA_COUNTER_CS.SC_MULTI_CORE.MULTI_REPORTER.VDJ_B_REPORTER.WRITE_CONTIG_PROTO
2023-10-10 21:01:01 [runtime] (ready)           ID.Embryo11.SC_RNA_COUNTER_CS.SC_MULTI_CORE.COUNT_ANALYZER._TARGETED_ANALYZER._RUN_GDNA_ANALYSIS.GET_GDNA_PLOT
2023-10-10 21:01:01 [runtime] (ready)           ID.Embryo11.SC_RNA_COUNTER_CS.SC_MULTI_CORE.COUNT_ANALYZER._TARGETED_ANALYZER._RUN_GDNA_ANALYSIS.MERGE_METRICS
2023-10-10 21:01:01 [runtime] (chunks_complete) ID.Embryo11.SC_RNA_COUNTER_CS.GET_AGGREGATE_BARCODES_OUT
2023-10-10 21:01:02 [runtime] (chunks_complete) ID.Embryo11.SC_RNA_COUNTER_CS.SC_MULTI_CORE.COUNT_ANALYZER.SC_RNA_ANALYZER.ANALYZER_PREFLIGHT
2023-10-10 21:01:02 [runtime] (ready)           ID.Embryo11.SC_RNA_COUNTER_CS.SC_MULTI_CORE.COUNT_ANALYZER.SC_RNA_ANALYZER.PREPROCESS_MATRIX
2023-10-10 21:01:02 [runtime] (run:local)       ID.Embryo11.SC_RNA_COUNTER_CS.SC_MULTI_CORE.COUNT_ANALYZER.SC_RNA_ANALYZER.PREPROCESS_MATRIX.fork0.split
2023-10-10 21:01:03 [runtime] (split_complete)  ID.Embryo11.SC_RNA_COUNTER_CS.SC_MULTI_CORE.COUNT_ANALYZER.SC_RNA_ANALYZER.PREPROCESS_MATRIX
2023-10-10 21:01:03 [runtime] (run:local)       ID.Embryo11.SC_RNA_COUNTER_CS.SC_MULTI_CORE.COUNT_ANALYZER.SC_RNA_ANALYZER.PREPROCESS_MATRIX.fork0.join
2023-10-10 21:01:06 [runtime] (join_complete)   ID.Embryo11.SC_RNA_COUNTER_CS.SC_MULTI_CORE.COUNT_ANALYZER.SC_RNA_ANALYZER.PREPROCESS_MATRIX
2023-10-10 21:01:06 [runtime] (ready)           ID.Embryo11.SC_RNA_COUNTER_CS.SC_MULTI_CORE.COUNT_ANALYZER.SC_RNA_ANALYZER.RUN_MULTIGENOME_ANALYSIS
2023-10-10 21:01:06 [runtime] (run:local)       ID.Embryo11.SC_RNA_COUNTER_CS.SC_MULTI_CORE.COUNT_ANALYZER.SC_RNA_ANALYZER.RUN_MULTIGENOME_ANALYSIS.fork0.split
2023-10-10 21:01:06 [runtime] (ready)           ID.Embryo11.SC_RNA_COUNTER_CS.SC_MULTI_CORE.COUNT_ANALYZER.SC_RNA_ANALYZER._ANTIGEN_ANALYZER.CALL_ANTIBODIES
2023-10-10 21:01:06 [runtime] (ready)           ID.Embryo11.SC_RNA_COUNTER_CS.SC_MULTI_CORE.COUNT_ANALYZER.SC_RNA_ANALYZER._ANTIBODY_ANALYZER.CALL_ANTIBODIES
2023-10-10 21:01:06 [runtime] (ready)           ID.Embryo11.SC_RNA_COUNTER_CS.SC_MULTI_CORE.COUNT_ANALYZER.SC_RNA_ANALYZER._ANTIGEN_ANALYZER.SUMMARIZE_ANTIBODY_ANALYSIS
2023-10-10 21:01:06 [runtime] (ready)           ID.Embryo11.SC_RNA_COUNTER_CS.SC_MULTI_CORE.COUNT_ANALYZER.SC_RNA_ANALYZER.RUN_BATCH_CORRECTION_PCA.PCA_PREP
2023-10-10 21:01:06 [runtime] (ready)           ID.Embryo11.SC_RNA_COUNTER_CS.SC_MULTI_CORE.COUNT_ANALYZER.SC_RNA_ANALYZER._ANTIBODY_ANALYZER.SUMMARIZE_ANTIBODY_ANALYSIS
2023-10-10 21:01:06 [runtime] (ready)           ID.Embryo11.SC_RNA_COUNTER_CS.SC_MULTI_CORE.COUNT_ANALYZER.SC_RNA_ANALYZER.RUN_BATCH_CORRECTION_PCA.RUN_PCA2
2023-10-10 21:01:06 [runtime] (ready)           ID.Embryo11.SC_RNA_COUNTER_CS.SC_MULTI_CORE.COUNT_ANALYZER.SC_RNA_ANALYZER.RUN_BATCH_CORRECTION_PCA.POST_PCA
2023-10-10 21:01:07 [runtime] (ready)           ID.Embryo11.SC_RNA_COUNTER_CS.SC_MULTI_CORE.COUNT_ANALYZER.SC_RNA_ANALYZER.CORRECT_CHEMISTRY_BATCH
2023-10-10 21:01:07 [runtime] (ready)           ID.Embryo11.SC_RNA_COUNTER_CS.SC_MULTI_CORE.COUNT_ANALYZER.SC_RNA_ANALYZER.RUN_PCA
2023-10-10 21:01:07 [runtime] (run:local)       ID.Embryo11.SC_RNA_COUNTER_CS.SC_MULTI_CORE.COUNT_ANALYZER.SC_RNA_ANALYZER.RUN_PCA.fork0.split
2023-10-10 21:01:07 [runtime] (split_complete)  ID.Embryo11.SC_RNA_COUNTER_CS.SC_MULTI_CORE.COUNT_ANALYZER.SC_RNA_ANALYZER.RUN_PCA
2023-10-10 21:01:07 [runtime] (run:local)       ID.Embryo11.SC_RNA_COUNTER_CS.SC_MULTI_CORE.COUNT_ANALYZER.SC_RNA_ANALYZER.RUN_PCA.fork0.chnk0.main
2023-10-10 21:01:07 [runtime] (split_complete)  ID.Embryo11.SC_RNA_COUNTER_CS.SC_MULTI_CORE.COUNT_ANALYZER.SC_RNA_ANALYZER.RUN_MULTIGENOME_ANALYSIS
2023-10-10 21:01:07 [runtime] (run:local)       ID.Embryo11.SC_RNA_COUNTER_CS.SC_MULTI_CORE.COUNT_ANALYZER.SC_RNA_ANALYZER.RUN_MULTIGENOME_ANALYSIS.fork0.join
2023-10-10 21:01:47 [runtime] (join_complete)   ID.Embryo11.SC_RNA_COUNTER_CS.SC_MULTI_CORE.COUNT_ANALYZER.SC_RNA_ANALYZER.RUN_MULTIGENOME_ANALYSIS
2023-10-10 21:01:47 [runtime] (chunks_complete) ID.Embryo11.SC_RNA_COUNTER_CS.SC_MULTI_CORE.COUNT_ANALYZER.SC_RNA_ANALYZER.RUN_PCA
2023-10-10 21:01:47 [runtime] (run:local)       ID.Embryo11.SC_RNA_COUNTER_CS.SC_MULTI_CORE.COUNT_ANALYZER.SC_RNA_ANALYZER.RUN_PCA.fork0.join
2023-10-10 21:01:48 [runtime] (join_complete)   ID.Embryo11.SC_RNA_COUNTER_CS.SC_MULTI_CORE.COUNT_ANALYZER.SC_RNA_ANALYZER.RUN_PCA
2023-10-10 21:01:48 [runtime] (ready)           ID.Embryo11.SC_RNA_COUNTER_CS.SC_MULTI_CORE.COUNT_ANALYZER.SC_RNA_ANALYZER.RUN_GRAPH_CLUSTERING
2023-10-10 21:01:48 [runtime] (run:local)       ID.Embryo11.SC_RNA_COUNTER_CS.SC_MULTI_CORE.COUNT_ANALYZER.SC_RNA_ANALYZER.RUN_GRAPH_CLUSTERING.fork0.split
2023-10-10 21:01:48 [runtime] (ready)           ID.Embryo11.SC_RNA_COUNTER_CS.SC_MULTI_CORE.COUNT_ANALYZER.SC_RNA_ANALYZER.RUN_KMEANS
2023-10-10 21:01:48 [runtime] (run:local)       ID.Embryo11.SC_RNA_COUNTER_CS.SC_MULTI_CORE.COUNT_ANALYZER.SC_RNA_ANALYZER.RUN_KMEANS.fork0.split
2023-10-10 21:01:48 [runtime] (ready)           ID.Embryo11.SC_RNA_COUNTER_CS.SC_MULTI_CORE.COUNT_ANALYZER.SC_RNA_ANALYZER.RUN_UMAP
2023-10-10 21:01:48 [runtime] (run:local)       ID.Embryo11.SC_RNA_COUNTER_CS.SC_MULTI_CORE.COUNT_ANALYZER.SC_RNA_ANALYZER.RUN_UMAP.fork0.split
2023-10-10 21:01:48 [runtime] (ready)           ID.Embryo11.SC_RNA_COUNTER_CS.SC_MULTI_CORE.COUNT_ANALYZER.SC_RNA_ANALYZER.RUN_TSNE
2023-10-10 21:01:48 [runtime] (run:local)       ID.Embryo11.SC_RNA_COUNTER_CS.SC_MULTI_CORE.COUNT_ANALYZER.SC_RNA_ANALYZER.RUN_TSNE.fork0.split
2023-10-10 21:01:48 [runtime] (split_complete)  ID.Embryo11.SC_RNA_COUNTER_CS.SC_MULTI_CORE.COUNT_ANALYZER.SC_RNA_ANALYZER.RUN_GRAPH_CLUSTERING
2023-10-10 21:01:48 [runtime] (run:local)       ID.Embryo11.SC_RNA_COUNTER_CS.SC_MULTI_CORE.COUNT_ANALYZER.SC_RNA_ANALYZER.RUN_GRAPH_CLUSTERING.fork0.chnk0.main
2023-10-10 21:01:49 [runtime] (split_complete)  ID.Embryo11.SC_RNA_COUNTER_CS.SC_MULTI_CORE.COUNT_ANALYZER.SC_RNA_ANALYZER.RUN_TSNE
2023-10-10 21:01:49 [runtime] (run:local)       ID.Embryo11.SC_RNA_COUNTER_CS.SC_MULTI_CORE.COUNT_ANALYZER.SC_RNA_ANALYZER.RUN_TSNE.fork0.chnk0.main
2023-10-10 21:01:49 [runtime] (split_complete)  ID.Embryo11.SC_RNA_COUNTER_CS.SC_MULTI_CORE.COUNT_ANALYZER.SC_RNA_ANALYZER.RUN_UMAP
2023-10-10 21:01:49 [runtime] (run:local)       ID.Embryo11.SC_RNA_COUNTER_CS.SC_MULTI_CORE.COUNT_ANALYZER.SC_RNA_ANALYZER.RUN_UMAP.fork0.chnk0.main
2023-10-10 21:01:49 [runtime] (chunks_complete) ID.Embryo11.SC_RNA_COUNTER_CS.SC_MULTI_CORE.COUNT_ANALYZER.SC_RNA_ANALYZER.RUN_GRAPH_CLUSTERING
2023-10-10 21:01:49 [runtime] (run:local)       ID.Embryo11.SC_RNA_COUNTER_CS.SC_MULTI_CORE.COUNT_ANALYZER.SC_RNA_ANALYZER.RUN_GRAPH_CLUSTERING.fork0.join
2023-10-10 21:01:49 [runtime] (join_complete)   ID.Embryo11.SC_RNA_COUNTER_CS.SC_MULTI_CORE.COUNT_ANALYZER.SC_RNA_ANALYZER.RUN_GRAPH_CLUSTERING
2023-10-10 21:01:49 [runtime] (ready)           ID.Embryo11.SC_RNA_COUNTER_CS.SC_MULTI_CORE.COUNT_ANALYZER.SC_RNA_ANALYZER.RUN_HIERARCHICAL_CLUSTERING
2023-10-10 21:01:49 [runtime] (chunks_complete) ID.Embryo11.SC_RNA_COUNTER_CS.SC_MULTI_CORE.COUNT_ANALYZER.SC_RNA_ANALYZER.RUN_TSNE
2023-10-10 21:01:49 [runtime] (run:local)       ID.Embryo11.SC_RNA_COUNTER_CS.SC_MULTI_CORE.COUNT_ANALYZER.SC_RNA_ANALYZER.RUN_TSNE.fork0.join
2023-10-10 21:01:49 [runtime] (join_complete)   ID.Embryo11.SC_RNA_COUNTER_CS.SC_MULTI_CORE.COUNT_ANALYZER.SC_RNA_ANALYZER.RUN_TSNE
2023-10-10 21:01:50 [runtime] (split_complete)  ID.Embryo11.SC_RNA_COUNTER_CS.SC_MULTI_CORE.COUNT_ANALYZER.SC_RNA_ANALYZER.RUN_KMEANS
2023-10-10 21:01:50 [runtime] (run:local)       ID.Embryo11.SC_RNA_COUNTER_CS.SC_MULTI_CORE.COUNT_ANALYZER.SC_RNA_ANALYZER.RUN_KMEANS.fork0.chnk0.main
2023-10-10 21:01:50 [runtime] (run:local)       ID.Embryo11.SC_RNA_COUNTER_CS.SC_MULTI_CORE.COUNT_ANALYZER.SC_RNA_ANALYZER.RUN_KMEANS.fork0.chnk1.main
2023-10-10 21:01:50 [runtime] (run:local)       ID.Embryo11.SC_RNA_COUNTER_CS.SC_MULTI_CORE.COUNT_ANALYZER.SC_RNA_ANALYZER.RUN_KMEANS.fork0.chnk2.main
2023-10-10 21:01:50 [runtime] (run:local)       ID.Embryo11.SC_RNA_COUNTER_CS.SC_MULTI_CORE.COUNT_ANALYZER.SC_RNA_ANALYZER.RUN_KMEANS.fork0.chnk3.main
2023-10-10 21:01:50 [runtime] (run:local)       ID.Embryo11.SC_RNA_COUNTER_CS.SC_MULTI_CORE.COUNT_ANALYZER.SC_RNA_ANALYZER.RUN_KMEANS.fork0.chnk4.main
2023-10-10 21:01:50 [runtime] (run:local)       ID.Embryo11.SC_RNA_COUNTER_CS.SC_MULTI_CORE.COUNT_ANALYZER.SC_RNA_ANALYZER.RUN_KMEANS.fork0.chnk5.main
2023-10-10 21:01:50 [runtime] (run:local)       ID.Embryo11.SC_RNA_COUNTER_CS.SC_MULTI_CORE.COUNT_ANALYZER.SC_RNA_ANALYZER.RUN_KMEANS.fork0.chnk6.main
2023-10-10 21:01:50 [runtime] (run:local)       ID.Embryo11.SC_RNA_COUNTER_CS.SC_MULTI_CORE.COUNT_ANALYZER.SC_RNA_ANALYZER.RUN_KMEANS.fork0.chnk7.main
2023-10-10 21:01:50 [runtime] (run:local)       ID.Embryo11.SC_RNA_COUNTER_CS.SC_MULTI_CORE.COUNT_ANALYZER.SC_RNA_ANALYZER.RUN_KMEANS.fork0.chnk8.main
2023-10-10 21:01:50 [runtime] (chunks_complete) ID.Embryo11.SC_RNA_COUNTER_CS.SC_MULTI_CORE.COUNT_ANALYZER.SC_RNA_ANALYZER.RUN_UMAP
2023-10-10 21:01:50 [runtime] (run:local)       ID.Embryo11.SC_RNA_COUNTER_CS.SC_MULTI_CORE.COUNT_ANALYZER.SC_RNA_ANALYZER.RUN_UMAP.fork0.join
2023-10-10 21:01:51 [runtime] (join_complete)   ID.Embryo11.SC_RNA_COUNTER_CS.SC_MULTI_CORE.COUNT_ANALYZER.SC_RNA_ANALYZER.RUN_UMAP
2023-10-10 21:01:52 [runtime] (chunks_complete) ID.Embryo11.SC_RNA_COUNTER_CS.SC_MULTI_CORE.COUNT_ANALYZER.SC_RNA_ANALYZER.RUN_KMEANS
2023-10-10 21:01:52 [runtime] (run:local)       ID.Embryo11.SC_RNA_COUNTER_CS.SC_MULTI_CORE.COUNT_ANALYZER.SC_RNA_ANALYZER.RUN_KMEANS.fork0.join
2023-10-10 21:01:54 [runtime] (join_complete)   ID.Embryo11.SC_RNA_COUNTER_CS.SC_MULTI_CORE.COUNT_ANALYZER.SC_RNA_ANALYZER.RUN_KMEANS
2023-10-10 21:01:54 [runtime] (ready)           ID.Embryo11.SC_RNA_COUNTER_CS.SC_MULTI_CORE.COUNT_ANALYZER.SC_RNA_ANALYZER.COMBINE_CLUSTERING
2023-10-10 21:01:54 [runtime] (run:local)       ID.Embryo11.SC_RNA_COUNTER_CS.SC_MULTI_CORE.COUNT_ANALYZER.SC_RNA_ANALYZER.COMBINE_CLUSTERING.fork0.chnk0.main
2023-10-10 21:01:54 [runtime] (chunks_complete) ID.Embryo11.SC_RNA_COUNTER_CS.SC_MULTI_CORE.COUNT_ANALYZER.SC_RNA_ANALYZER.COMBINE_CLUSTERING
2023-10-10 21:01:54 [runtime] (ready)           ID.Embryo11.SC_RNA_COUNTER_CS.SC_MULTI_CORE.COUNT_ANALYZER.SC_RNA_ANALYZER.RUN_DIFFERENTIAL_EXPRESSION
2023-10-10 21:01:54 [runtime] (run:local)       ID.Embryo11.SC_RNA_COUNTER_CS.SC_MULTI_CORE.COUNT_ANALYZER.SC_RNA_ANALYZER.RUN_DIFFERENTIAL_EXPRESSION.fork0.split
2023-10-10 21:01:55 [runtime] (split_complete)  ID.Embryo11.SC_RNA_COUNTER_CS.SC_MULTI_CORE.COUNT_ANALYZER.SC_RNA_ANALYZER.RUN_DIFFERENTIAL_EXPRESSION
2023-10-10 21:01:55 [runtime] (run:local)       ID.Embryo11.SC_RNA_COUNTER_CS.SC_MULTI_CORE.COUNT_ANALYZER.SC_RNA_ANALYZER.RUN_DIFFERENTIAL_EXPRESSION.fork0.chnk0.main
2023-10-10 21:01:55 [runtime] (run:local)       ID.Embryo11.SC_RNA_COUNTER_CS.SC_MULTI_CORE.COUNT_ANALYZER.SC_RNA_ANALYZER.RUN_DIFFERENTIAL_EXPRESSION.fork0.chnk1.main
2023-10-10 21:01:55 [runtime] (run:local)       ID.Embryo11.SC_RNA_COUNTER_CS.SC_MULTI_CORE.COUNT_ANALYZER.SC_RNA_ANALYZER.RUN_DIFFERENTIAL_EXPRESSION.fork0.chnk2.main
2023-10-10 21:01:55 [runtime] (run:local)       ID.Embryo11.SC_RNA_COUNTER_CS.SC_MULTI_CORE.COUNT_ANALYZER.SC_RNA_ANALYZER.RUN_DIFFERENTIAL_EXPRESSION.fork0.chnk3.main
2023-10-10 21:01:55 [runtime] (run:local)       ID.Embryo11.SC_RNA_COUNTER_CS.SC_MULTI_CORE.COUNT_ANALYZER.SC_RNA_ANALYZER.RUN_DIFFERENTIAL_EXPRESSION.fork0.chnk4.main
2023-10-10 21:01:55 [runtime] (run:local)       ID.Embryo11.SC_RNA_COUNTER_CS.SC_MULTI_CORE.COUNT_ANALYZER.SC_RNA_ANALYZER.RUN_DIFFERENTIAL_EXPRESSION.fork0.chnk5.main
2023-10-10 21:01:55 [runtime] (run:local)       ID.Embryo11.SC_RNA_COUNTER_CS.SC_MULTI_CORE.COUNT_ANALYZER.SC_RNA_ANALYZER.RUN_DIFFERENTIAL_EXPRESSION.fork0.chnk6.main
2023-10-10 21:01:55 [runtime] (run:local)       ID.Embryo11.SC_RNA_COUNTER_CS.SC_MULTI_CORE.COUNT_ANALYZER.SC_RNA_ANALYZER.RUN_DIFFERENTIAL_EXPRESSION.fork0.chnk7.main
2023-10-10 21:02:08 [runtime] (chunks_complete) ID.Embryo11.SC_RNA_COUNTER_CS.SC_MULTI_CORE.COUNT_ANALYZER.SC_RNA_ANALYZER.RUN_DIFFERENTIAL_EXPRESSION
2023-10-10 21:02:08 [runtime] (run:local)       ID.Embryo11.SC_RNA_COUNTER_CS.SC_MULTI_CORE.COUNT_ANALYZER.SC_RNA_ANALYZER.RUN_DIFFERENTIAL_EXPRESSION.fork0.join
2023-10-10 21:02:09 [runtime] (join_complete)   ID.Embryo11.SC_RNA_COUNTER_CS.SC_MULTI_CORE.COUNT_ANALYZER.SC_RNA_ANALYZER.RUN_DIFFERENTIAL_EXPRESSION
2023-10-10 21:02:09 [runtime] (ready)           ID.Embryo11.SC_RNA_COUNTER_CS.SC_MULTI_CORE.COUNT_ANALYZER.SC_RNA_ANALYZER.SUMMARIZE_ANALYSIS
2023-10-10 21:02:09 [runtime] (run:local)       ID.Embryo11.SC_RNA_COUNTER_CS.SC_MULTI_CORE.COUNT_ANALYZER.SC_RNA_ANALYZER.SUMMARIZE_ANALYSIS.fork0.split
2023-10-10 21:02:09 [runtime] (split_complete)  ID.Embryo11.SC_RNA_COUNTER_CS.SC_MULTI_CORE.COUNT_ANALYZER.SC_RNA_ANALYZER.SUMMARIZE_ANALYSIS
2023-10-10 21:02:09 [runtime] (run:local)       ID.Embryo11.SC_RNA_COUNTER_CS.SC_MULTI_CORE.COUNT_ANALYZER.SC_RNA_ANALYZER.SUMMARIZE_ANALYSIS.fork0.chnk0.main
2023-10-10 21:02:10 [runtime] (chunks_complete) ID.Embryo11.SC_RNA_COUNTER_CS.SC_MULTI_CORE.COUNT_ANALYZER.SC_RNA_ANALYZER.SUMMARIZE_ANALYSIS
2023-10-10 21:02:10 [runtime] (run:local)       ID.Embryo11.SC_RNA_COUNTER_CS.SC_MULTI_CORE.COUNT_ANALYZER.SC_RNA_ANALYZER.SUMMARIZE_ANALYSIS.fork0.join
2023-10-10 21:02:11 [runtime] (join_complete)   ID.Embryo11.SC_RNA_COUNTER_CS.SC_MULTI_CORE.COUNT_ANALYZER.SC_RNA_ANALYZER.SUMMARIZE_ANALYSIS
2023-10-10 21:02:11 [runtime] (ready)           ID.Embryo11.SC_RNA_COUNTER_CS.SC_MULTI_CORE.MULTI_REPORTER.GENERATE_LIBRARY_PLOTS
2023-10-10 21:02:44 [runtime] (chunks_complete) ID.Embryo11.SC_RNA_COUNTER_CS.SC_MULTI_CORE.MULTI_GEM_WELL_PROCESSOR.COUNT_GEM_WELL_PROCESSOR._BASIC_SC_RNA_COUNTER._CELLS_REPORTER.SUBSAMPLE_READS
2023-10-10 21:02:44 [runtime] (run:local)       ID.Embryo11.SC_RNA_COUNTER_CS.SC_MULTI_CORE.MULTI_GEM_WELL_PROCESSOR.COUNT_GEM_WELL_PROCESSOR._BASIC_SC_RNA_COUNTER._CELLS_REPORTER.SUBSAMPLE_READS.fork0.join
2023-10-10 21:02:46 [runtime] (join_complete)   ID.Embryo11.SC_RNA_COUNTER_CS.SC_MULTI_CORE.MULTI_GEM_WELL_PROCESSOR.COUNT_GEM_WELL_PROCESSOR._BASIC_SC_RNA_COUNTER._CELLS_REPORTER.SUBSAMPLE_READS
2023-10-10 21:02:46 [runtime] (ready)           ID.Embryo11.SC_RNA_COUNTER_CS.SC_MULTI_CORE.MULTI_GEM_WELL_PROCESSOR.COUNT_GEM_WELL_PROCESSOR._BASIC_SC_RNA_COUNTER._CELLS_REPORTER.SUMMARIZE_BASIC_REPORTS
2023-10-10 21:02:46 [runtime] (run:local)       ID.Embryo11.SC_RNA_COUNTER_CS.SC_MULTI_CORE.MULTI_GEM_WELL_PROCESSOR.COUNT_GEM_WELL_PROCESSOR._BASIC_SC_RNA_COUNTER._CELLS_REPORTER.SUMMARIZE_BASIC_REPORTS.fork0.split
2023-10-10 21:02:46 [runtime] (chunks_complete) ID.Embryo11.SC_RNA_COUNTER_CS.SC_MULTI_CORE.MULTI_GEM_WELL_PROCESSOR.COUNT_GEM_WELL_PROCESSOR._BASIC_SC_RNA_COUNTER.WRITE_POS_BAM
2023-10-10 21:02:46 [runtime] (run:local)       ID.Embryo11.SC_RNA_COUNTER_CS.SC_MULTI_CORE.MULTI_GEM_WELL_PROCESSOR.COUNT_GEM_WELL_PROCESSOR._BASIC_SC_RNA_COUNTER.WRITE_POS_BAM.fork0.join
2023-10-10 21:02:47 [runtime] (split_complete)  ID.Embryo11.SC_RNA_COUNTER_CS.SC_MULTI_CORE.MULTI_GEM_WELL_PROCESSOR.COUNT_GEM_WELL_PROCESSOR._BASIC_SC_RNA_COUNTER._CELLS_REPORTER.SUMMARIZE_BASIC_REPORTS
2023-10-10 21:02:47 [runtime] (run:local)       ID.Embryo11.SC_RNA_COUNTER_CS.SC_MULTI_CORE.MULTI_GEM_WELL_PROCESSOR.COUNT_GEM_WELL_PROCESSOR._BASIC_SC_RNA_COUNTER._CELLS_REPORTER.SUMMARIZE_BASIC_REPORTS.fork0.join
2023-10-10 21:02:51 [runtime] (join_complete)   ID.Embryo11.SC_RNA_COUNTER_CS.SC_MULTI_CORE.MULTI_GEM_WELL_PROCESSOR.COUNT_GEM_WELL_PROCESSOR._BASIC_SC_RNA_COUNTER._CELLS_REPORTER.SUMMARIZE_BASIC_REPORTS
2023-10-10 21:02:51 [runtime] (ready)           ID.Embryo11.SC_RNA_COUNTER_CS.SC_MULTI_CORE.MULTI_GEM_WELL_PROCESSOR.COUNT_GEM_WELL_PROCESSOR._BASIC_SC_RNA_COUNTER.MERGE_METRICS
2023-10-10 21:02:51 [runtime] (run:local)       ID.Embryo11.SC_RNA_COUNTER_CS.SC_MULTI_CORE.MULTI_GEM_WELL_PROCESSOR.COUNT_GEM_WELL_PROCESSOR._BASIC_SC_RNA_COUNTER.MERGE_METRICS.fork0.chnk0.main
2023-10-10 21:02:51 [runtime] (chunks_complete) ID.Embryo11.SC_RNA_COUNTER_CS.SC_MULTI_CORE.MULTI_GEM_WELL_PROCESSOR.COUNT_GEM_WELL_PROCESSOR._BASIC_SC_RNA_COUNTER.MERGE_METRICS
2023-10-10 21:02:51 [runtime] (ready)           ID.Embryo11.SC_RNA_COUNTER_CS.SC_MULTI_CORE.COUNT_ANALYZER._TARGETED_ANALYZER.CALCULATE_TARGETED_METRICS
2023-10-10 21:02:51 [runtime] (ready)           ID.Embryo11.SC_RNA_COUNTER_CS.SC_MULTI_CORE.COUNT_ANALYZER._CRISPR_ANALYZER.CALL_PROTOSPACERS
2023-10-10 21:02:51 [runtime] (ready)           ID.Embryo11.SC_RNA_COUNTER_CS.SC_MULTI_CORE.COUNT_ANALYZER._TARGETED_ANALYZER.MERGE_METRICS
2023-10-10 21:02:51 [runtime] (ready)           ID.Embryo11.SC_RNA_COUNTER_CS.SC_MULTI_CORE.COUNT_ANALYZER._CRISPR_ANALYZER._PERTURBATIONS_BY_TARGET
2023-10-10 21:02:51 [runtime] (ready)           ID.Embryo11.SC_RNA_COUNTER_CS.SC_MULTI_CORE.COUNT_ANALYZER._CRISPR_ANALYZER._PERTURBATIONS_BY_FEATURE
2023-10-10 21:02:51 [runtime] (ready)           ID.Embryo11.SC_RNA_COUNTER_CS.SC_MULTI_CORE.MULTI_REPORTER.SUMMARIZE_REPORTS
2023-10-10 21:02:52 [runtime] (run:local)       ID.Embryo11.SC_RNA_COUNTER_CS.SC_MULTI_CORE.MULTI_REPORTER.SUMMARIZE_REPORTS.fork0.chnk0.main
2023-10-10 21:02:52 [runtime] (ready)           ID.Embryo11.SC_RNA_COUNTER_CS.SC_MULTI_CORE.COUNT_ANALYZER._CRISPR_ANALYZER.SUMMARIZE_CRISPR_ANALYSIS
2023-10-10 21:02:56 [runtime] (chunks_complete) ID.Embryo11.SC_RNA_COUNTER_CS.SC_MULTI_CORE.MULTI_REPORTER.SUMMARIZE_REPORTS
2023-10-10 21:02:56 [runtime] (ready)           ID.Embryo11.SC_RNA_COUNTER_CS.SC_MULTI_CORE.MULTI_REPORTER.CLOUPE_PREPROCESS
2023-10-10 21:02:56 [runtime] (run:local)       ID.Embryo11.SC_RNA_COUNTER_CS.SC_MULTI_CORE.MULTI_REPORTER.CLOUPE_PREPROCESS.fork0.split
2023-10-10 21:02:57 [runtime] (split_complete)  ID.Embryo11.SC_RNA_COUNTER_CS.SC_MULTI_CORE.MULTI_REPORTER.CLOUPE_PREPROCESS
2023-10-10 21:02:57 [runtime] (run:local)       ID.Embryo11.SC_RNA_COUNTER_CS.SC_MULTI_CORE.MULTI_REPORTER.CLOUPE_PREPROCESS.fork0.chnk0.main
2023-10-10 21:03:02 [runtime] (chunks_complete) ID.Embryo11.SC_RNA_COUNTER_CS.SC_MULTI_CORE.MULTI_REPORTER.CLOUPE_PREPROCESS
2023-10-10 21:03:02 [runtime] (run:local)       ID.Embryo11.SC_RNA_COUNTER_CS.SC_MULTI_CORE.MULTI_REPORTER.CLOUPE_PREPROCESS.fork0.join
2023-10-10 21:03:03 [runtime] (join_complete)   ID.Embryo11.SC_RNA_COUNTER_CS.SC_MULTI_CORE.MULTI_REPORTER.CLOUPE_PREPROCESS
2023-10-10 21:03:03 [runtime] (ready)           ID.Embryo11.SC_RNA_COUNTER_CS.SC_MULTI_CORE.MULTI_REPORTER.CHOOSE_CLOUPE
2023-10-10 21:03:03 [runtime] (run:local)       ID.Embryo11.SC_RNA_COUNTER_CS.SC_MULTI_CORE.MULTI_REPORTER.CHOOSE_CLOUPE.fork0.chnk0.main
2023-10-10 21:03:04 [runtime] (chunks_complete) ID.Embryo11.SC_RNA_COUNTER_CS.SC_MULTI_CORE.MULTI_REPORTER.CHOOSE_CLOUPE
2023-10-10 21:07:23 [runtime] (join_complete)   ID.Embryo11.SC_RNA_COUNTER_CS.SC_MULTI_CORE.MULTI_GEM_WELL_PROCESSOR.COUNT_GEM_WELL_PROCESSOR._BASIC_SC_RNA_COUNTER.WRITE_POS_BAM

Outputs:
- Run summary HTML:                         /home/mcn26/palmer_scratch/from_scratch/process/2_cellranger_make_matricies/Embryo11/outs/web_summary.html
- Run summary CSV:                          /home/mcn26/palmer_scratch/from_scratch/process/2_cellranger_make_matricies/Embryo11/outs/metrics_summary.csv
- BAM:                                      /home/mcn26/palmer_scratch/from_scratch/process/2_cellranger_make_matricies/Embryo11/outs/possorted_genome_bam.bam
- BAM BAI index:                            /home/mcn26/palmer_scratch/from_scratch/process/2_cellranger_make_matricies/Embryo11/outs/possorted_genome_bam.bam.bai
- BAM CSI index:                            null
- Filtered feature-barcode matrices MEX:    /home/mcn26/palmer_scratch/from_scratch/process/2_cellranger_make_matricies/Embryo11/outs/filtered_feature_bc_matrix
- Filtered feature-barcode matrices HDF5:   /home/mcn26/palmer_scratch/from_scratch/process/2_cellranger_make_matricies/Embryo11/outs/filtered_feature_bc_matrix.h5
- Unfiltered feature-barcode matrices MEX:  /home/mcn26/palmer_scratch/from_scratch/process/2_cellranger_make_matricies/Embryo11/outs/raw_feature_bc_matrix
- Unfiltered feature-barcode matrices HDF5: /home/mcn26/palmer_scratch/from_scratch/process/2_cellranger_make_matricies/Embryo11/outs/raw_feature_bc_matrix.h5
- Secondary analysis output CSV:            /home/mcn26/palmer_scratch/from_scratch/process/2_cellranger_make_matricies/Embryo11/outs/analysis
- Per-molecule read information:            /home/mcn26/palmer_scratch/from_scratch/process/2_cellranger_make_matricies/Embryo11/outs/molecule_info.h5
- CRISPR-specific analysis:                 null
- Antibody aggregate barcodes:              null
- Loupe Browser file:                       /home/mcn26/palmer_scratch/from_scratch/process/2_cellranger_make_matricies/Embryo11/outs/cloupe.cloupe
- Feature Reference:                        null
- Target Panel File:                        null
- Probe Set File:                           null

Waiting 6 seconds for UI to do final refresh.
Pipestance completed successfully!

2023-10-10 21:07:35 Shutting down.
Saving pipestance info to "Embryo11/Embryo11.mri.tgz"
