Martian Runtime - v4.0.11
Serving UI at http://r813u03n04.mccleary.ycrc.yale.edu:41413?auth=CizcEo6DPAn6HAcRBsSqaHgCTjpFzx468IegmvBatiM

Running preflight checks (please wait)...
Checking sample info...
Checking FASTQ folder...
Checking reference...
Checking reference_path (/vast/palmer/scratch/reilly/mcn26/from_scratch/refdata-gex-GRCh38-2020-A) on r813u03n04.mccleary.ycrc.yale.edu...
Checking optional arguments...
mro: v4.0.11
mrp: v4.0.11
Anaconda: Python 3.10.11
numpy: 1.24.3
scipy: 1.10.1
pysam: 0.21.0
h5py: 3.6.0
pandas: 1.5.3
STAR: 2.7.2a
samtools: samtools 1.16.1
2023-10-10 18:24:01 [runtime] (ready)           ID.Embryo9.SC_RNA_COUNTER_CS.WRITE_GENE_INDEX
2023-10-10 18:24:01 [runtime] (run:local)       ID.Embryo9.SC_RNA_COUNTER_CS.WRITE_GENE_INDEX.fork0.chnk0.main
2023-10-10 18:24:01 [runtime] (ready)           ID.Embryo9.SC_RNA_COUNTER_CS.SC_MULTI_CORE.MULTI_CHEMISTRY_DETECTOR.DETECT_COUNT_CHEMISTRY
2023-10-10 18:24:01 [runtime] (run:local)       ID.Embryo9.SC_RNA_COUNTER_CS.SC_MULTI_CORE.MULTI_CHEMISTRY_DETECTOR.DETECT_COUNT_CHEMISTRY.fork0.chnk0.main
2023-10-10 18:24:01 [runtime] (ready)           ID.Embryo9.SC_RNA_COUNTER_CS.SC_MULTI_CORE.SPLIT_VDJ_INPUTS
2023-10-10 18:24:01 [runtime] (ready)           ID.Embryo9.SC_RNA_COUNTER_CS.SC_MULTI_CORE.MULTI_CHEMISTRY_DETECTOR.CHECK_SINGLE_BEAM_MODE
2023-10-10 18:24:01 [runtime] (ready)           ID.Embryo9.SC_RNA_COUNTER_CS.SC_MULTI_CORE.MAKE_FULL_CONFIG._MAKE_VDJ_CONFIG
2023-10-10 18:24:01 [runtime] (run:local)       ID.Embryo9.SC_RNA_COUNTER_CS.SC_MULTI_CORE.MAKE_FULL_CONFIG._MAKE_VDJ_CONFIG.fork0.chnk0.main
2023-10-10 18:24:01 [runtime] (ready)           ID.Embryo9.SC_RNA_COUNTER_CS.SC_MULTI_CORE.SANITIZE_MAP_CALLS
2023-10-10 18:24:01 [runtime] (ready)           ID.Embryo9.SC_RNA_COUNTER_CS.SC_MULTI_CORE.MULTI_GEM_WELL_PROCESSOR.COUNT_GEM_WELL_PROCESSOR._BASIC_SC_RNA_COUNTER._MATRIX_COMPUTER.COMPUTE_CORRECTION_FACTOR
2023-10-10 18:24:01 [runtime] (run:local)       ID.Embryo9.SC_RNA_COUNTER_CS.SC_MULTI_CORE.MULTI_GEM_WELL_PROCESSOR.COUNT_GEM_WELL_PROCESSOR._BASIC_SC_RNA_COUNTER._MATRIX_COMPUTER.COMPUTE_CORRECTION_FACTOR.fork0.chnk0.main
2023-10-10 18:24:01 [runtime] (ready)           ID.Embryo9.SC_RNA_COUNTER_CS.FULL_COUNT_INPUTS.WRITE_GENE_INDEX
2023-10-10 18:24:01 [runtime] (run:local)       ID.Embryo9.SC_RNA_COUNTER_CS.FULL_COUNT_INPUTS.WRITE_GENE_INDEX.fork0.chnk0.main
2023-10-10 18:24:02 [runtime] (chunks_complete) ID.Embryo9.SC_RNA_COUNTER_CS.SC_MULTI_CORE.MAKE_FULL_CONFIG._MAKE_VDJ_CONFIG
2023-10-10 18:24:02 [runtime] (ready)           ID.Embryo9.SC_RNA_COUNTER_CS.SC_MULTI_CORE.MULTI_GEM_WELL_PROCESSOR.VDJ_T_GD_GEM_WELL_PROCESSOR.MULTI_SETUP_CHUNKS
2023-10-10 18:24:02 [runtime] (ready)           ID.Embryo9.SC_RNA_COUNTER_CS.SC_MULTI_CORE.MULTI_GEM_WELL_PROCESSOR.VDJ_T_GEM_WELL_PROCESSOR.MULTI_SETUP_CHUNKS
2023-10-10 18:24:02 [runtime] (ready)           ID.Embryo9.SC_RNA_COUNTER_CS.SC_MULTI_CORE.MULTI_GEM_WELL_PROCESSOR.VDJ_B_GEM_WELL_PROCESSOR.MULTI_SETUP_CHUNKS
2023-10-10 18:24:02 [runtime] (ready)           ID.Embryo9.SC_RNA_COUNTER_CS.SC_MULTI_CORE.MULTI_GEM_WELL_PROCESSOR.VDJ_T_GD_GEM_WELL_PROCESSOR.SC_VDJ_CONTIG_ASSEMBLER.MAKE_SHARD
2023-10-10 18:24:02 [runtime] (ready)           ID.Embryo9.SC_RNA_COUNTER_CS.SC_MULTI_CORE.MULTI_GEM_WELL_PROCESSOR.VDJ_B_GEM_WELL_PROCESSOR.SC_VDJ_CONTIG_ASSEMBLER.MAKE_SHARD
2023-10-10 18:24:02 [runtime] (chunks_complete) ID.Embryo9.SC_RNA_COUNTER_CS.SC_MULTI_CORE.MULTI_GEM_WELL_PROCESSOR.COUNT_GEM_WELL_PROCESSOR._BASIC_SC_RNA_COUNTER._MATRIX_COMPUTER.COMPUTE_CORRECTION_FACTOR
2023-10-10 18:24:02 [runtime] (ready)           ID.Embryo9.SC_RNA_COUNTER_CS.SC_MULTI_CORE.MULTI_GEM_WELL_PROCESSOR.VDJ_T_GEM_WELL_PROCESSOR.SC_VDJ_CONTIG_ASSEMBLER.MAKE_SHARD
2023-10-10 18:24:02 [runtime] (ready)           ID.Embryo9.SC_RNA_COUNTER_CS.SC_MULTI_CORE.MULTI_GEM_WELL_PROCESSOR.VDJ_B_GEM_WELL_PROCESSOR.SC_VDJ_CONTIG_ASSEMBLER.BARCODE_CORRECTION
2023-10-10 18:24:02 [runtime] (ready)           ID.Embryo9.SC_RNA_COUNTER_CS.SC_MULTI_CORE.MULTI_GEM_WELL_PROCESSOR.VDJ_T_GD_GEM_WELL_PROCESSOR.SC_VDJ_CONTIG_ASSEMBLER.BARCODE_CORRECTION
2023-10-10 18:24:02 [runtime] (ready)           ID.Embryo9.SC_RNA_COUNTER_CS.SC_MULTI_CORE.MULTI_GEM_WELL_PROCESSOR.VDJ_T_GEM_WELL_PROCESSOR.SC_VDJ_CONTIG_ASSEMBLER.BARCODE_CORRECTION
2023-10-10 18:24:02 [runtime] (ready)           ID.Embryo9.SC_RNA_COUNTER_CS.SC_MULTI_CORE.MULTI_GEM_WELL_PROCESSOR.VDJ_B_GEM_WELL_PROCESSOR.SC_VDJ_CONTIG_ASSEMBLER.RUST_BRIDGE
2023-10-10 18:24:02 [runtime] (ready)           ID.Embryo9.SC_RNA_COUNTER_CS.SC_MULTI_CORE.MULTI_GEM_WELL_PROCESSOR.VDJ_T_GD_GEM_WELL_PROCESSOR.SC_VDJ_CONTIG_ASSEMBLER.RUST_BRIDGE
2023-10-10 18:24:02 [runtime] (ready)           ID.Embryo9.SC_RNA_COUNTER_CS.SC_MULTI_CORE.MULTI_GEM_WELL_PROCESSOR.VDJ_B_GEM_WELL_PROCESSOR.SC_VDJ_CONTIG_ASSEMBLER.ASSEMBLE_VDJ
2023-10-10 18:24:02 [runtime] (ready)           ID.Embryo9.SC_RNA_COUNTER_CS.SC_MULTI_CORE.MULTI_GEM_WELL_PROCESSOR.VDJ_T_GEM_WELL_PROCESSOR.SC_VDJ_CONTIG_ASSEMBLER.RUST_BRIDGE
2023-10-10 18:24:02 [runtime] (ready)           ID.Embryo9.SC_RNA_COUNTER_CS.SC_MULTI_CORE.MULTI_GEM_WELL_PROCESSOR.VDJ_B_GEM_WELL_PROCESSOR.SC_VDJ_CONTIG_ASSEMBLER.MERGE_METRICS
2023-10-10 18:24:02 [runtime] (ready)           ID.Embryo9.SC_RNA_COUNTER_CS.SC_MULTI_CORE.MULTI_GEM_WELL_PROCESSOR.VDJ_T_GD_GEM_WELL_PROCESSOR.SC_VDJ_CONTIG_ASSEMBLER.ASSEMBLE_VDJ
2023-10-10 18:24:02 [runtime] (ready)           ID.Embryo9.SC_RNA_COUNTER_CS.SC_MULTI_CORE.MULTI_GEM_WELL_PROCESSOR.VDJ_T_GEM_WELL_PROCESSOR.SC_VDJ_CONTIG_ASSEMBLER.ASSEMBLE_VDJ
2023-10-10 18:24:02 [runtime] (ready)           ID.Embryo9.SC_RNA_COUNTER_CS.SC_MULTI_CORE.MULTI_GEM_WELL_PROCESSOR.VDJ_T_GD_GEM_WELL_PROCESSOR.SC_VDJ_CONTIG_ASSEMBLER.MERGE_METRICS
2023-10-10 18:24:02 [runtime] (ready)           ID.Embryo9.SC_RNA_COUNTER_CS.SC_MULTI_CORE.MULTI_GEM_WELL_PROCESSOR.VDJ_T_GEM_WELL_PROCESSOR.SC_VDJ_CONTIG_ASSEMBLER.MERGE_METRICS
2023-10-10 18:24:12 [runtime] (chunks_complete) ID.Embryo9.SC_RNA_COUNTER_CS.WRITE_GENE_INDEX
2023-10-10 18:24:12 [runtime] (chunks_complete) ID.Embryo9.SC_RNA_COUNTER_CS.FULL_COUNT_INPUTS.WRITE_GENE_INDEX
2023-10-10 18:24:12 [runtime] (ready)           ID.Embryo9.SC_RNA_COUNTER_CS.SC_MULTI_CORE.MULTI_GEM_WELL_PROCESSOR.COUNT_GEM_WELL_PROCESSOR.PARSE_TARGET_FEATURES
2023-10-10 18:24:12 [runtime] (run:local)       ID.Embryo9.SC_RNA_COUNTER_CS.SC_MULTI_CORE.MULTI_GEM_WELL_PROCESSOR.COUNT_GEM_WELL_PROCESSOR.PARSE_TARGET_FEATURES.fork0.chnk0.main
2023-10-10 18:24:12 [runtime] (chunks_complete) ID.Embryo9.SC_RNA_COUNTER_CS.SC_MULTI_CORE.MULTI_GEM_WELL_PROCESSOR.COUNT_GEM_WELL_PROCESSOR.PARSE_TARGET_FEATURES
2023-10-10 18:24:23 [runtime] (chunks_complete) ID.Embryo9.SC_RNA_COUNTER_CS.SC_MULTI_CORE.MULTI_CHEMISTRY_DETECTOR.DETECT_COUNT_CHEMISTRY
2023-10-10 18:24:23 [runtime] (ready)           ID.Embryo9.SC_RNA_COUNTER_CS.SC_MULTI_CORE.CREATE_MULTI_GRAPH
2023-10-10 18:24:23 [runtime] (ready)           ID.Embryo9.SC_RNA_COUNTER_CS.SC_MULTI_CORE.MULTI_CHEMISTRY_DETECTOR.CHECK_BARCODES_COMPATIBILITY
2023-10-10 18:24:23 [runtime] (run:local)       ID.Embryo9.SC_RNA_COUNTER_CS.SC_MULTI_CORE.MULTI_CHEMISTRY_DETECTOR.CHECK_BARCODES_COMPATIBILITY.fork0.chnk0.main
2023-10-10 18:24:23 [runtime] (ready)           ID.Embryo9.SC_RNA_COUNTER_CS.SC_MULTI_CORE.MULTI_GEM_WELL_PROCESSOR.COUNT_GEM_WELL_PROCESSOR.MULTI_SETUP_CHUNKS
2023-10-10 18:24:23 [runtime] (run:local)       ID.Embryo9.SC_RNA_COUNTER_CS.SC_MULTI_CORE.MULTI_GEM_WELL_PROCESSOR.COUNT_GEM_WELL_PROCESSOR.MULTI_SETUP_CHUNKS.fork0.chnk0.main
2023-10-10 18:24:23 [runtime] (ready)           ID.Embryo9.SC_RNA_COUNTER_CS.SC_MULTI_CORE.MULTI_GEM_WELL_PROCESSOR.MAKE_VDJ_FILTER_SWITCH
2023-10-10 18:24:23 [runtime] (run:local)       ID.Embryo9.SC_RNA_COUNTER_CS.SC_MULTI_CORE.MULTI_GEM_WELL_PROCESSOR.MAKE_VDJ_FILTER_SWITCH.fork0.chnk0.main
2023-10-10 18:24:23 [runtime] (chunks_complete) ID.Embryo9.SC_RNA_COUNTER_CS.SC_MULTI_CORE.MULTI_CHEMISTRY_DETECTOR.CHECK_BARCODES_COMPATIBILITY
2023-10-10 18:24:23 [runtime] (chunks_complete) ID.Embryo9.SC_RNA_COUNTER_CS.SC_MULTI_CORE.MULTI_GEM_WELL_PROCESSOR.COUNT_GEM_WELL_PROCESSOR.MULTI_SETUP_CHUNKS
2023-10-10 18:24:24 [runtime] (chunks_complete) ID.Embryo9.SC_RNA_COUNTER_CS.SC_MULTI_CORE.MULTI_GEM_WELL_PROCESSOR.MAKE_VDJ_FILTER_SWITCH
2023-10-10 18:24:24 [runtime] (ready)           ID.Embryo9.SC_RNA_COUNTER_CS.SC_MULTI_CORE.MULTI_GEM_WELL_PROCESSOR.COUNT_GEM_WELL_PROCESSOR._BASIC_SC_RNA_COUNTER._MATRIX_COMPUTER.MAKE_SHARD
2023-10-10 18:24:24 [runtime] (run:local)       ID.Embryo9.SC_RNA_COUNTER_CS.SC_MULTI_CORE.MULTI_GEM_WELL_PROCESSOR.COUNT_GEM_WELL_PROCESSOR._BASIC_SC_RNA_COUNTER._MATRIX_COMPUTER.MAKE_SHARD.fork0.split
2023-10-10 18:24:24 [runtime] (ready)           ID.Embryo9.SC_RNA_COUNTER_CS.SC_MULTI_CORE.MULTI_GEM_WELL_PROCESSOR.VDJ_B_GEM_WELL_PROCESSOR.ASM_CALL_CELLS
2023-10-10 18:24:24 [runtime] (ready)           ID.Embryo9.SC_RNA_COUNTER_CS.SC_MULTI_CORE.MULTI_GEM_WELL_PROCESSOR.VDJ_T_GD_GEM_WELL_PROCESSOR.ASM_CALL_CELLS
2023-10-10 18:24:24 [runtime] (ready)           ID.Embryo9.SC_RNA_COUNTER_CS.SC_MULTI_CORE.MULTI_GEM_WELL_PROCESSOR.VDJ_T_GEM_WELL_PROCESSOR.ASM_CALL_CELLS
2023-10-10 18:24:28 [runtime] (split_complete)  ID.Embryo9.SC_RNA_COUNTER_CS.SC_MULTI_CORE.MULTI_GEM_WELL_PROCESSOR.COUNT_GEM_WELL_PROCESSOR._BASIC_SC_RNA_COUNTER._MATRIX_COMPUTER.MAKE_SHARD
2023-10-10 18:24:28 [runtime] (run:local)       ID.Embryo9.SC_RNA_COUNTER_CS.SC_MULTI_CORE.MULTI_GEM_WELL_PROCESSOR.COUNT_GEM_WELL_PROCESSOR._BASIC_SC_RNA_COUNTER._MATRIX_COMPUTER.MAKE_SHARD.fork0.chnk0.main
2023-10-10 18:30:29 [runtime] (update)          ID.Embryo9.SC_RNA_COUNTER_CS.SC_MULTI_CORE.MULTI_GEM_WELL_PROCESSOR.COUNT_GEM_WELL_PROCESSOR._BASIC_SC_RNA_COUNTER._MATRIX_COMPUTER.MAKE_SHARD.fork0 chunks_running
2023-10-10 18:36:30 [runtime] (update)          ID.Embryo9.SC_RNA_COUNTER_CS.SC_MULTI_CORE.MULTI_GEM_WELL_PROCESSOR.COUNT_GEM_WELL_PROCESSOR._BASIC_SC_RNA_COUNTER._MATRIX_COMPUTER.MAKE_SHARD.fork0 chunks_running
2023-10-10 18:42:31 [runtime] (update)          ID.Embryo9.SC_RNA_COUNTER_CS.SC_MULTI_CORE.MULTI_GEM_WELL_PROCESSOR.COUNT_GEM_WELL_PROCESSOR._BASIC_SC_RNA_COUNTER._MATRIX_COMPUTER.MAKE_SHARD.fork0 chunks_running
2023-10-10 18:48:30 [runtime] (update)          ID.Embryo9.SC_RNA_COUNTER_CS.SC_MULTI_CORE.MULTI_GEM_WELL_PROCESSOR.COUNT_GEM_WELL_PROCESSOR._BASIC_SC_RNA_COUNTER._MATRIX_COMPUTER.MAKE_SHARD.fork0 chunks_running
2023-10-10 18:51:44 [runtime] (chunks_complete) ID.Embryo9.SC_RNA_COUNTER_CS.SC_MULTI_CORE.MULTI_GEM_WELL_PROCESSOR.COUNT_GEM_WELL_PROCESSOR._BASIC_SC_RNA_COUNTER._MATRIX_COMPUTER.MAKE_SHARD
2023-10-10 18:51:44 [runtime] (run:local)       ID.Embryo9.SC_RNA_COUNTER_CS.SC_MULTI_CORE.MULTI_GEM_WELL_PROCESSOR.COUNT_GEM_WELL_PROCESSOR._BASIC_SC_RNA_COUNTER._MATRIX_COMPUTER.MAKE_SHARD.fork0.join
2023-10-10 18:51:45 [runtime] (join_complete)   ID.Embryo9.SC_RNA_COUNTER_CS.SC_MULTI_CORE.MULTI_GEM_WELL_PROCESSOR.COUNT_GEM_WELL_PROCESSOR._BASIC_SC_RNA_COUNTER._MATRIX_COMPUTER.MAKE_SHARD
2023-10-10 18:51:45 [runtime] (ready)           ID.Embryo9.SC_RNA_COUNTER_CS.SC_MULTI_CORE.MULTI_GEM_WELL_PROCESSOR.COUNT_GEM_WELL_PROCESSOR._BASIC_SC_RNA_COUNTER._MATRIX_COMPUTER.MAKE_CORRECTION_MAP
2023-10-10 18:51:45 [runtime] (run:local)       ID.Embryo9.SC_RNA_COUNTER_CS.SC_MULTI_CORE.MULTI_GEM_WELL_PROCESSOR.COUNT_GEM_WELL_PROCESSOR._BASIC_SC_RNA_COUNTER._MATRIX_COMPUTER.MAKE_CORRECTION_MAP.fork0.split
2023-10-10 18:51:45 [runtime] (split_complete)  ID.Embryo9.SC_RNA_COUNTER_CS.SC_MULTI_CORE.MULTI_GEM_WELL_PROCESSOR.COUNT_GEM_WELL_PROCESSOR._BASIC_SC_RNA_COUNTER._MATRIX_COMPUTER.MAKE_CORRECTION_MAP
2023-10-10 18:51:45 [runtime] (run:local)       ID.Embryo9.SC_RNA_COUNTER_CS.SC_MULTI_CORE.MULTI_GEM_WELL_PROCESSOR.COUNT_GEM_WELL_PROCESSOR._BASIC_SC_RNA_COUNTER._MATRIX_COMPUTER.MAKE_CORRECTION_MAP.fork0.join
2023-10-10 18:51:45 [runtime] (join_complete)   ID.Embryo9.SC_RNA_COUNTER_CS.SC_MULTI_CORE.MULTI_GEM_WELL_PROCESSOR.COUNT_GEM_WELL_PROCESSOR._BASIC_SC_RNA_COUNTER._MATRIX_COMPUTER.MAKE_CORRECTION_MAP
2023-10-10 18:51:45 [runtime] (ready)           ID.Embryo9.SC_RNA_COUNTER_CS.SC_MULTI_CORE.MULTI_GEM_WELL_PROCESSOR.COUNT_GEM_WELL_PROCESSOR._BASIC_SC_RNA_COUNTER._MATRIX_COMPUTER.BARCODE_CORRECTION
2023-10-10 18:51:45 [runtime] (run:local)       ID.Embryo9.SC_RNA_COUNTER_CS.SC_MULTI_CORE.MULTI_GEM_WELL_PROCESSOR.COUNT_GEM_WELL_PROCESSOR._BASIC_SC_RNA_COUNTER._MATRIX_COMPUTER.BARCODE_CORRECTION.fork0.split
2023-10-10 18:51:45 [runtime] (split_complete)  ID.Embryo9.SC_RNA_COUNTER_CS.SC_MULTI_CORE.MULTI_GEM_WELL_PROCESSOR.COUNT_GEM_WELL_PROCESSOR._BASIC_SC_RNA_COUNTER._MATRIX_COMPUTER.BARCODE_CORRECTION
2023-10-10 18:51:46 [runtime] (run:local)       ID.Embryo9.SC_RNA_COUNTER_CS.SC_MULTI_CORE.MULTI_GEM_WELL_PROCESSOR.COUNT_GEM_WELL_PROCESSOR._BASIC_SC_RNA_COUNTER._MATRIX_COMPUTER.BARCODE_CORRECTION.fork0.chnk00.main
2023-10-10 18:51:46 [runtime] (run:local)       ID.Embryo9.SC_RNA_COUNTER_CS.SC_MULTI_CORE.MULTI_GEM_WELL_PROCESSOR.COUNT_GEM_WELL_PROCESSOR._BASIC_SC_RNA_COUNTER._MATRIX_COMPUTER.BARCODE_CORRECTION.fork0.chnk01.main
2023-10-10 18:51:46 [runtime] (run:local)       ID.Embryo9.SC_RNA_COUNTER_CS.SC_MULTI_CORE.MULTI_GEM_WELL_PROCESSOR.COUNT_GEM_WELL_PROCESSOR._BASIC_SC_RNA_COUNTER._MATRIX_COMPUTER.BARCODE_CORRECTION.fork0.chnk02.main
2023-10-10 18:51:46 [runtime] (run:local)       ID.Embryo9.SC_RNA_COUNTER_CS.SC_MULTI_CORE.MULTI_GEM_WELL_PROCESSOR.COUNT_GEM_WELL_PROCESSOR._BASIC_SC_RNA_COUNTER._MATRIX_COMPUTER.BARCODE_CORRECTION.fork0.chnk03.main
2023-10-10 18:51:46 [runtime] (run:local)       ID.Embryo9.SC_RNA_COUNTER_CS.SC_MULTI_CORE.MULTI_GEM_WELL_PROCESSOR.COUNT_GEM_WELL_PROCESSOR._BASIC_SC_RNA_COUNTER._MATRIX_COMPUTER.BARCODE_CORRECTION.fork0.chnk04.main
2023-10-10 18:51:46 [runtime] (run:local)       ID.Embryo9.SC_RNA_COUNTER_CS.SC_MULTI_CORE.MULTI_GEM_WELL_PROCESSOR.COUNT_GEM_WELL_PROCESSOR._BASIC_SC_RNA_COUNTER._MATRIX_COMPUTER.BARCODE_CORRECTION.fork0.chnk05.main
2023-10-10 18:51:46 [runtime] (run:local)       ID.Embryo9.SC_RNA_COUNTER_CS.SC_MULTI_CORE.MULTI_GEM_WELL_PROCESSOR.COUNT_GEM_WELL_PROCESSOR._BASIC_SC_RNA_COUNTER._MATRIX_COMPUTER.BARCODE_CORRECTION.fork0.chnk06.main
2023-10-10 18:51:46 [runtime] (run:local)       ID.Embryo9.SC_RNA_COUNTER_CS.SC_MULTI_CORE.MULTI_GEM_WELL_PROCESSOR.COUNT_GEM_WELL_PROCESSOR._BASIC_SC_RNA_COUNTER._MATRIX_COMPUTER.BARCODE_CORRECTION.fork0.chnk07.main
2023-10-10 18:51:46 [runtime] (run:local)       ID.Embryo9.SC_RNA_COUNTER_CS.SC_MULTI_CORE.MULTI_GEM_WELL_PROCESSOR.COUNT_GEM_WELL_PROCESSOR._BASIC_SC_RNA_COUNTER._MATRIX_COMPUTER.BARCODE_CORRECTION.fork0.chnk08.main
2023-10-10 18:51:46 [runtime] (run:local)       ID.Embryo9.SC_RNA_COUNTER_CS.SC_MULTI_CORE.MULTI_GEM_WELL_PROCESSOR.COUNT_GEM_WELL_PROCESSOR._BASIC_SC_RNA_COUNTER._MATRIX_COMPUTER.BARCODE_CORRECTION.fork0.chnk09.main
2023-10-10 18:51:46 [runtime] (run:local)       ID.Embryo9.SC_RNA_COUNTER_CS.SC_MULTI_CORE.MULTI_GEM_WELL_PROCESSOR.COUNT_GEM_WELL_PROCESSOR._BASIC_SC_RNA_COUNTER._MATRIX_COMPUTER.BARCODE_CORRECTION.fork0.chnk10.main
2023-10-10 18:51:46 [runtime] (run:local)       ID.Embryo9.SC_RNA_COUNTER_CS.SC_MULTI_CORE.MULTI_GEM_WELL_PROCESSOR.COUNT_GEM_WELL_PROCESSOR._BASIC_SC_RNA_COUNTER._MATRIX_COMPUTER.BARCODE_CORRECTION.fork0.chnk11.main
2023-10-10 18:51:46 [runtime] (run:local)       ID.Embryo9.SC_RNA_COUNTER_CS.SC_MULTI_CORE.MULTI_GEM_WELL_PROCESSOR.COUNT_GEM_WELL_PROCESSOR._BASIC_SC_RNA_COUNTER._MATRIX_COMPUTER.BARCODE_CORRECTION.fork0.chnk12.main
2023-10-10 18:51:46 [runtime] (run:local)       ID.Embryo9.SC_RNA_COUNTER_CS.SC_MULTI_CORE.MULTI_GEM_WELL_PROCESSOR.COUNT_GEM_WELL_PROCESSOR._BASIC_SC_RNA_COUNTER._MATRIX_COMPUTER.BARCODE_CORRECTION.fork0.chnk13.main
2023-10-10 18:51:46 [runtime] (run:local)       ID.Embryo9.SC_RNA_COUNTER_CS.SC_MULTI_CORE.MULTI_GEM_WELL_PROCESSOR.COUNT_GEM_WELL_PROCESSOR._BASIC_SC_RNA_COUNTER._MATRIX_COMPUTER.BARCODE_CORRECTION.fork0.chnk14.main
2023-10-10 18:51:46 [runtime] (run:local)       ID.Embryo9.SC_RNA_COUNTER_CS.SC_MULTI_CORE.MULTI_GEM_WELL_PROCESSOR.COUNT_GEM_WELL_PROCESSOR._BASIC_SC_RNA_COUNTER._MATRIX_COMPUTER.BARCODE_CORRECTION.fork0.chnk15.main
2023-10-10 18:51:46 [runtime] (run:local)       ID.Embryo9.SC_RNA_COUNTER_CS.SC_MULTI_CORE.MULTI_GEM_WELL_PROCESSOR.COUNT_GEM_WELL_PROCESSOR._BASIC_SC_RNA_COUNTER._MATRIX_COMPUTER.BARCODE_CORRECTION.fork0.chnk16.main
2023-10-10 18:51:46 [runtime] (run:local)       ID.Embryo9.SC_RNA_COUNTER_CS.SC_MULTI_CORE.MULTI_GEM_WELL_PROCESSOR.COUNT_GEM_WELL_PROCESSOR._BASIC_SC_RNA_COUNTER._MATRIX_COMPUTER.BARCODE_CORRECTION.fork0.chnk17.main
2023-10-10 18:51:46 [runtime] (run:local)       ID.Embryo9.SC_RNA_COUNTER_CS.SC_MULTI_CORE.MULTI_GEM_WELL_PROCESSOR.COUNT_GEM_WELL_PROCESSOR._BASIC_SC_RNA_COUNTER._MATRIX_COMPUTER.BARCODE_CORRECTION.fork0.chnk18.main
2023-10-10 18:51:46 [runtime] (run:local)       ID.Embryo9.SC_RNA_COUNTER_CS.SC_MULTI_CORE.MULTI_GEM_WELL_PROCESSOR.COUNT_GEM_WELL_PROCESSOR._BASIC_SC_RNA_COUNTER._MATRIX_COMPUTER.BARCODE_CORRECTION.fork0.chnk19.main
2023-10-10 18:51:46 [runtime] (run:local)       ID.Embryo9.SC_RNA_COUNTER_CS.SC_MULTI_CORE.MULTI_GEM_WELL_PROCESSOR.COUNT_GEM_WELL_PROCESSOR._BASIC_SC_RNA_COUNTER._MATRIX_COMPUTER.BARCODE_CORRECTION.fork0.chnk20.main
2023-10-10 18:51:46 [runtime] (run:local)       ID.Embryo9.SC_RNA_COUNTER_CS.SC_MULTI_CORE.MULTI_GEM_WELL_PROCESSOR.COUNT_GEM_WELL_PROCESSOR._BASIC_SC_RNA_COUNTER._MATRIX_COMPUTER.BARCODE_CORRECTION.fork0.chnk21.main
2023-10-10 18:51:46 [runtime] (run:local)       ID.Embryo9.SC_RNA_COUNTER_CS.SC_MULTI_CORE.MULTI_GEM_WELL_PROCESSOR.COUNT_GEM_WELL_PROCESSOR._BASIC_SC_RNA_COUNTER._MATRIX_COMPUTER.BARCODE_CORRECTION.fork0.chnk22.main
2023-10-10 18:51:46 [runtime] (run:local)       ID.Embryo9.SC_RNA_COUNTER_CS.SC_MULTI_CORE.MULTI_GEM_WELL_PROCESSOR.COUNT_GEM_WELL_PROCESSOR._BASIC_SC_RNA_COUNTER._MATRIX_COMPUTER.BARCODE_CORRECTION.fork0.chnk23.main
2023-10-10 18:51:46 [runtime] (run:local)       ID.Embryo9.SC_RNA_COUNTER_CS.SC_MULTI_CORE.MULTI_GEM_WELL_PROCESSOR.COUNT_GEM_WELL_PROCESSOR._BASIC_SC_RNA_COUNTER._MATRIX_COMPUTER.BARCODE_CORRECTION.fork0.chnk24.main
2023-10-10 18:51:46 [runtime] (run:local)       ID.Embryo9.SC_RNA_COUNTER_CS.SC_MULTI_CORE.MULTI_GEM_WELL_PROCESSOR.COUNT_GEM_WELL_PROCESSOR._BASIC_SC_RNA_COUNTER._MATRIX_COMPUTER.BARCODE_CORRECTION.fork0.chnk25.main
2023-10-10 18:51:46 [runtime] (run:local)       ID.Embryo9.SC_RNA_COUNTER_CS.SC_MULTI_CORE.MULTI_GEM_WELL_PROCESSOR.COUNT_GEM_WELL_PROCESSOR._BASIC_SC_RNA_COUNTER._MATRIX_COMPUTER.BARCODE_CORRECTION.fork0.chnk26.main
2023-10-10 18:51:46 [runtime] (run:local)       ID.Embryo9.SC_RNA_COUNTER_CS.SC_MULTI_CORE.MULTI_GEM_WELL_PROCESSOR.COUNT_GEM_WELL_PROCESSOR._BASIC_SC_RNA_COUNTER._MATRIX_COMPUTER.BARCODE_CORRECTION.fork0.chnk27.main
2023-10-10 18:51:46 [runtime] (run:local)       ID.Embryo9.SC_RNA_COUNTER_CS.SC_MULTI_CORE.MULTI_GEM_WELL_PROCESSOR.COUNT_GEM_WELL_PROCESSOR._BASIC_SC_RNA_COUNTER._MATRIX_COMPUTER.BARCODE_CORRECTION.fork0.chnk28.main
2023-10-10 18:51:46 [runtime] (run:local)       ID.Embryo9.SC_RNA_COUNTER_CS.SC_MULTI_CORE.MULTI_GEM_WELL_PROCESSOR.COUNT_GEM_WELL_PROCESSOR._BASIC_SC_RNA_COUNTER._MATRIX_COMPUTER.BARCODE_CORRECTION.fork0.chnk29.main
2023-10-10 18:51:46 [runtime] (run:local)       ID.Embryo9.SC_RNA_COUNTER_CS.SC_MULTI_CORE.MULTI_GEM_WELL_PROCESSOR.COUNT_GEM_WELL_PROCESSOR._BASIC_SC_RNA_COUNTER._MATRIX_COMPUTER.BARCODE_CORRECTION.fork0.chnk30.main
2023-10-10 18:52:06 [runtime] (chunks_complete) ID.Embryo9.SC_RNA_COUNTER_CS.SC_MULTI_CORE.MULTI_GEM_WELL_PROCESSOR.COUNT_GEM_WELL_PROCESSOR._BASIC_SC_RNA_COUNTER._MATRIX_COMPUTER.BARCODE_CORRECTION
2023-10-10 18:52:06 [runtime] (run:local)       ID.Embryo9.SC_RNA_COUNTER_CS.SC_MULTI_CORE.MULTI_GEM_WELL_PROCESSOR.COUNT_GEM_WELL_PROCESSOR._BASIC_SC_RNA_COUNTER._MATRIX_COMPUTER.BARCODE_CORRECTION.fork0.join
2023-10-10 18:52:07 [runtime] (join_complete)   ID.Embryo9.SC_RNA_COUNTER_CS.SC_MULTI_CORE.MULTI_GEM_WELL_PROCESSOR.COUNT_GEM_WELL_PROCESSOR._BASIC_SC_RNA_COUNTER._MATRIX_COMPUTER.BARCODE_CORRECTION
2023-10-10 18:52:07 [runtime] (ready)           ID.Embryo9.SC_RNA_COUNTER_CS.SC_MULTI_CORE.MULTI_GEM_WELL_PROCESSOR.COUNT_GEM_WELL_PROCESSOR._BASIC_SC_RNA_COUNTER._MATRIX_COMPUTER.SET_ALIGNER_SUBSAMPLE_RATE
2023-10-10 18:52:07 [runtime] (run:local)       ID.Embryo9.SC_RNA_COUNTER_CS.SC_MULTI_CORE.MULTI_GEM_WELL_PROCESSOR.COUNT_GEM_WELL_PROCESSOR._BASIC_SC_RNA_COUNTER._MATRIX_COMPUTER.SET_ALIGNER_SUBSAMPLE_RATE.fork0.chnk0.main
2023-10-10 18:52:07 [runtime] (ready)           ID.Embryo9.SC_RNA_COUNTER_CS.SC_MULTI_CORE.MULTI_GEM_WELL_PROCESSOR.COUNT_GEM_WELL_PROCESSOR._BASIC_SC_RNA_COUNTER._MATRIX_COMPUTER.WRITE_BARCODE_INDEX
2023-10-10 18:52:07 [runtime] (run:local)       ID.Embryo9.SC_RNA_COUNTER_CS.SC_MULTI_CORE.MULTI_GEM_WELL_PROCESSOR.COUNT_GEM_WELL_PROCESSOR._BASIC_SC_RNA_COUNTER._MATRIX_COMPUTER.WRITE_BARCODE_INDEX.fork0.chnk0.main
2023-10-10 18:52:07 [runtime] (ready)           ID.Embryo9.SC_RNA_COUNTER_CS.SC_MULTI_CORE.MULTI_GEM_WELL_PROCESSOR.COUNT_GEM_WELL_PROCESSOR._BASIC_SC_RNA_COUNTER._MATRIX_COMPUTER._SLFE_PARTIAL_FIRST_PASS.SUBSAMPLE_BARCODES
2023-10-10 18:52:07 [runtime] (ready)           ID.Embryo9.SC_RNA_COUNTER_CS.SC_MULTI_CORE.MULTI_GEM_WELL_PROCESSOR.COUNT_GEM_WELL_PROCESSOR._BASIC_SC_RNA_COUNTER._MATRIX_COMPUTER._SLFE_PARTIAL_FIRST_PASS.INITIAL_ALIGN_AND_COUNT
2023-10-10 18:52:07 [runtime] (chunks_complete) ID.Embryo9.SC_RNA_COUNTER_CS.SC_MULTI_CORE.MULTI_GEM_WELL_PROCESSOR.COUNT_GEM_WELL_PROCESSOR._BASIC_SC_RNA_COUNTER._MATRIX_COMPUTER.SET_ALIGNER_SUBSAMPLE_RATE
2023-10-10 18:52:07 [runtime] (chunks_complete) ID.Embryo9.SC_RNA_COUNTER_CS.SC_MULTI_CORE.MULTI_GEM_WELL_PROCESSOR.COUNT_GEM_WELL_PROCESSOR._BASIC_SC_RNA_COUNTER._MATRIX_COMPUTER.WRITE_BARCODE_INDEX
2023-10-10 18:52:07 [runtime] (ready)           ID.Embryo9.SC_RNA_COUNTER_CS.SC_MULTI_CORE.MULTI_GEM_WELL_PROCESSOR.COUNT_GEM_WELL_PROCESSOR._BASIC_SC_RNA_COUNTER._MATRIX_COMPUTER._SLFE_PARTIAL_FIRST_PASS.SET_TARGETED_UMI_FILTER
2023-10-10 18:52:07 [runtime] (ready)           ID.Embryo9.SC_RNA_COUNTER_CS.SC_MULTI_CORE.MULTI_GEM_WELL_PROCESSOR.COUNT_GEM_WELL_PROCESSOR._BASIC_SC_RNA_COUNTER._MATRIX_COMPUTER.ALIGN_AND_COUNT
2023-10-10 18:52:08 [runtime] (run:local)       ID.Embryo9.SC_RNA_COUNTER_CS.SC_MULTI_CORE.MULTI_GEM_WELL_PROCESSOR.COUNT_GEM_WELL_PROCESSOR._BASIC_SC_RNA_COUNTER._MATRIX_COMPUTER.ALIGN_AND_COUNT.fork0.split
2023-10-10 18:52:11 [runtime] (split_complete)  ID.Embryo9.SC_RNA_COUNTER_CS.SC_MULTI_CORE.MULTI_GEM_WELL_PROCESSOR.COUNT_GEM_WELL_PROCESSOR._BASIC_SC_RNA_COUNTER._MATRIX_COMPUTER.ALIGN_AND_COUNT
2023-10-10 18:52:11 [runtime] (run:local)       ID.Embryo9.SC_RNA_COUNTER_CS.SC_MULTI_CORE.MULTI_GEM_WELL_PROCESSOR.COUNT_GEM_WELL_PROCESSOR._BASIC_SC_RNA_COUNTER._MATRIX_COMPUTER.ALIGN_AND_COUNT.fork0.chnk00.main
2023-10-10 18:52:11 [runtime] (run:local)       ID.Embryo9.SC_RNA_COUNTER_CS.SC_MULTI_CORE.MULTI_GEM_WELL_PROCESSOR.COUNT_GEM_WELL_PROCESSOR._BASIC_SC_RNA_COUNTER._MATRIX_COMPUTER.ALIGN_AND_COUNT.fork0.chnk01.main
2023-10-10 18:52:11 [runtime] (run:local)       ID.Embryo9.SC_RNA_COUNTER_CS.SC_MULTI_CORE.MULTI_GEM_WELL_PROCESSOR.COUNT_GEM_WELL_PROCESSOR._BASIC_SC_RNA_COUNTER._MATRIX_COMPUTER.ALIGN_AND_COUNT.fork0.chnk02.main
2023-10-10 18:52:11 [runtime] (run:local)       ID.Embryo9.SC_RNA_COUNTER_CS.SC_MULTI_CORE.MULTI_GEM_WELL_PROCESSOR.COUNT_GEM_WELL_PROCESSOR._BASIC_SC_RNA_COUNTER._MATRIX_COMPUTER.ALIGN_AND_COUNT.fork0.chnk03.main
2023-10-10 18:52:11 [runtime] (run:local)       ID.Embryo9.SC_RNA_COUNTER_CS.SC_MULTI_CORE.MULTI_GEM_WELL_PROCESSOR.COUNT_GEM_WELL_PROCESSOR._BASIC_SC_RNA_COUNTER._MATRIX_COMPUTER.ALIGN_AND_COUNT.fork0.chnk04.main
2023-10-10 18:52:11 [runtime] (run:local)       ID.Embryo9.SC_RNA_COUNTER_CS.SC_MULTI_CORE.MULTI_GEM_WELL_PROCESSOR.COUNT_GEM_WELL_PROCESSOR._BASIC_SC_RNA_COUNTER._MATRIX_COMPUTER.ALIGN_AND_COUNT.fork0.chnk05.main
2023-10-10 18:52:11 [runtime] (run:local)       ID.Embryo9.SC_RNA_COUNTER_CS.SC_MULTI_CORE.MULTI_GEM_WELL_PROCESSOR.COUNT_GEM_WELL_PROCESSOR._BASIC_SC_RNA_COUNTER._MATRIX_COMPUTER.ALIGN_AND_COUNT.fork0.chnk06.main
2023-10-10 18:52:11 [runtime] (run:local)       ID.Embryo9.SC_RNA_COUNTER_CS.SC_MULTI_CORE.MULTI_GEM_WELL_PROCESSOR.COUNT_GEM_WELL_PROCESSOR._BASIC_SC_RNA_COUNTER._MATRIX_COMPUTER.ALIGN_AND_COUNT.fork0.chnk07.main
2023-10-10 18:52:11 [runtime] (run:local)       ID.Embryo9.SC_RNA_COUNTER_CS.SC_MULTI_CORE.MULTI_GEM_WELL_PROCESSOR.COUNT_GEM_WELL_PROCESSOR._BASIC_SC_RNA_COUNTER._MATRIX_COMPUTER.ALIGN_AND_COUNT.fork0.chnk08.main
2023-10-10 18:52:11 [runtime] (run:local)       ID.Embryo9.SC_RNA_COUNTER_CS.SC_MULTI_CORE.MULTI_GEM_WELL_PROCESSOR.COUNT_GEM_WELL_PROCESSOR._BASIC_SC_RNA_COUNTER._MATRIX_COMPUTER.ALIGN_AND_COUNT.fork0.chnk09.main
2023-10-10 18:52:12 [runtime] (run:local)       ID.Embryo9.SC_RNA_COUNTER_CS.SC_MULTI_CORE.MULTI_GEM_WELL_PROCESSOR.COUNT_GEM_WELL_PROCESSOR._BASIC_SC_RNA_COUNTER._MATRIX_COMPUTER.ALIGN_AND_COUNT.fork0.chnk10.main
2023-10-10 18:52:12 [runtime] (run:local)       ID.Embryo9.SC_RNA_COUNTER_CS.SC_MULTI_CORE.MULTI_GEM_WELL_PROCESSOR.COUNT_GEM_WELL_PROCESSOR._BASIC_SC_RNA_COUNTER._MATRIX_COMPUTER.ALIGN_AND_COUNT.fork0.chnk11.main
2023-10-10 18:52:12 [runtime] (run:local)       ID.Embryo9.SC_RNA_COUNTER_CS.SC_MULTI_CORE.MULTI_GEM_WELL_PROCESSOR.COUNT_GEM_WELL_PROCESSOR._BASIC_SC_RNA_COUNTER._MATRIX_COMPUTER.ALIGN_AND_COUNT.fork0.chnk12.main
2023-10-10 18:52:12 [runtime] (run:local)       ID.Embryo9.SC_RNA_COUNTER_CS.SC_MULTI_CORE.MULTI_GEM_WELL_PROCESSOR.COUNT_GEM_WELL_PROCESSOR._BASIC_SC_RNA_COUNTER._MATRIX_COMPUTER.ALIGN_AND_COUNT.fork0.chnk13.main
2023-10-10 18:52:12 [runtime] (run:local)       ID.Embryo9.SC_RNA_COUNTER_CS.SC_MULTI_CORE.MULTI_GEM_WELL_PROCESSOR.COUNT_GEM_WELL_PROCESSOR._BASIC_SC_RNA_COUNTER._MATRIX_COMPUTER.ALIGN_AND_COUNT.fork0.chnk14.main
2023-10-10 18:52:12 [runtime] (run:local)       ID.Embryo9.SC_RNA_COUNTER_CS.SC_MULTI_CORE.MULTI_GEM_WELL_PROCESSOR.COUNT_GEM_WELL_PROCESSOR._BASIC_SC_RNA_COUNTER._MATRIX_COMPUTER.ALIGN_AND_COUNT.fork0.chnk15.main
2023-10-10 18:52:12 [runtime] (run:local)       ID.Embryo9.SC_RNA_COUNTER_CS.SC_MULTI_CORE.MULTI_GEM_WELL_PROCESSOR.COUNT_GEM_WELL_PROCESSOR._BASIC_SC_RNA_COUNTER._MATRIX_COMPUTER.ALIGN_AND_COUNT.fork0.chnk16.main
2023-10-10 18:52:12 [runtime] (run:local)       ID.Embryo9.SC_RNA_COUNTER_CS.SC_MULTI_CORE.MULTI_GEM_WELL_PROCESSOR.COUNT_GEM_WELL_PROCESSOR._BASIC_SC_RNA_COUNTER._MATRIX_COMPUTER.ALIGN_AND_COUNT.fork0.chnk17.main
2023-10-10 18:52:12 [runtime] (run:local)       ID.Embryo9.SC_RNA_COUNTER_CS.SC_MULTI_CORE.MULTI_GEM_WELL_PROCESSOR.COUNT_GEM_WELL_PROCESSOR._BASIC_SC_RNA_COUNTER._MATRIX_COMPUTER.ALIGN_AND_COUNT.fork0.chnk18.main
2023-10-10 18:52:12 [runtime] (run:local)       ID.Embryo9.SC_RNA_COUNTER_CS.SC_MULTI_CORE.MULTI_GEM_WELL_PROCESSOR.COUNT_GEM_WELL_PROCESSOR._BASIC_SC_RNA_COUNTER._MATRIX_COMPUTER.ALIGN_AND_COUNT.fork0.chnk19.main
2023-10-10 18:52:12 [runtime] (run:local)       ID.Embryo9.SC_RNA_COUNTER_CS.SC_MULTI_CORE.MULTI_GEM_WELL_PROCESSOR.COUNT_GEM_WELL_PROCESSOR._BASIC_SC_RNA_COUNTER._MATRIX_COMPUTER.ALIGN_AND_COUNT.fork0.chnk20.main
2023-10-10 18:52:12 [runtime] (run:local)       ID.Embryo9.SC_RNA_COUNTER_CS.SC_MULTI_CORE.MULTI_GEM_WELL_PROCESSOR.COUNT_GEM_WELL_PROCESSOR._BASIC_SC_RNA_COUNTER._MATRIX_COMPUTER.ALIGN_AND_COUNT.fork0.chnk21.main
2023-10-10 18:52:12 [runtime] (run:local)       ID.Embryo9.SC_RNA_COUNTER_CS.SC_MULTI_CORE.MULTI_GEM_WELL_PROCESSOR.COUNT_GEM_WELL_PROCESSOR._BASIC_SC_RNA_COUNTER._MATRIX_COMPUTER.ALIGN_AND_COUNT.fork0.chnk22.main
2023-10-10 18:57:32 [runtime] (update)          ID.Embryo9.SC_RNA_COUNTER_CS.SC_MULTI_CORE.MULTI_GEM_WELL_PROCESSOR.COUNT_GEM_WELL_PROCESSOR._BASIC_SC_RNA_COUNTER._MATRIX_COMPUTER.ALIGN_AND_COUNT.fork0 chunks running (3/23 completed)
2023-10-10 19:03:30 [runtime] (update)          ID.Embryo9.SC_RNA_COUNTER_CS.SC_MULTI_CORE.MULTI_GEM_WELL_PROCESSOR.COUNT_GEM_WELL_PROCESSOR._BASIC_SC_RNA_COUNTER._MATRIX_COMPUTER.ALIGN_AND_COUNT.fork0 chunks running (4/23 completed)
2023-10-10 19:08:32 [runtime] (update)          ID.Embryo9.SC_RNA_COUNTER_CS.SC_MULTI_CORE.MULTI_GEM_WELL_PROCESSOR.COUNT_GEM_WELL_PROCESSOR._BASIC_SC_RNA_COUNTER._MATRIX_COMPUTER.ALIGN_AND_COUNT.fork0 chunks running (4/23 completed)
2023-10-10 19:14:31 [runtime] (update)          ID.Embryo9.SC_RNA_COUNTER_CS.SC_MULTI_CORE.MULTI_GEM_WELL_PROCESSOR.COUNT_GEM_WELL_PROCESSOR._BASIC_SC_RNA_COUNTER._MATRIX_COMPUTER.ALIGN_AND_COUNT.fork0 chunks running (5/23 completed)
2023-10-10 19:20:32 [runtime] (update)          ID.Embryo9.SC_RNA_COUNTER_CS.SC_MULTI_CORE.MULTI_GEM_WELL_PROCESSOR.COUNT_GEM_WELL_PROCESSOR._BASIC_SC_RNA_COUNTER._MATRIX_COMPUTER.ALIGN_AND_COUNT.fork0 chunks running (7/23 completed)
2023-10-10 19:27:16 [runtime] (update)          ID.Embryo9.SC_RNA_COUNTER_CS.SC_MULTI_CORE.MULTI_GEM_WELL_PROCESSOR.COUNT_GEM_WELL_PROCESSOR._BASIC_SC_RNA_COUNTER._MATRIX_COMPUTER.ALIGN_AND_COUNT.fork0 chunks running (8/23 completed)
2023-10-10 19:33:24 [runtime] (update)          ID.Embryo9.SC_RNA_COUNTER_CS.SC_MULTI_CORE.MULTI_GEM_WELL_PROCESSOR.COUNT_GEM_WELL_PROCESSOR._BASIC_SC_RNA_COUNTER._MATRIX_COMPUTER.ALIGN_AND_COUNT.fork0 chunks running (9/23 completed)
2023-10-10 19:39:04 [runtime] (update)          ID.Embryo9.SC_RNA_COUNTER_CS.SC_MULTI_CORE.MULTI_GEM_WELL_PROCESSOR.COUNT_GEM_WELL_PROCESSOR._BASIC_SC_RNA_COUNTER._MATRIX_COMPUTER.ALIGN_AND_COUNT.fork0 chunks running (10/23 completed)
2023-10-10 19:45:07 [runtime] (update)          ID.Embryo9.SC_RNA_COUNTER_CS.SC_MULTI_CORE.MULTI_GEM_WELL_PROCESSOR.COUNT_GEM_WELL_PROCESSOR._BASIC_SC_RNA_COUNTER._MATRIX_COMPUTER.ALIGN_AND_COUNT.fork0 chunks running (11/23 completed)
2023-10-10 19:50:25 [runtime] (update)          ID.Embryo9.SC_RNA_COUNTER_CS.SC_MULTI_CORE.MULTI_GEM_WELL_PROCESSOR.COUNT_GEM_WELL_PROCESSOR._BASIC_SC_RNA_COUNTER._MATRIX_COMPUTER.ALIGN_AND_COUNT.fork0 chunks running (13/23 completed)
2023-10-10 19:56:28 [runtime] (update)          ID.Embryo9.SC_RNA_COUNTER_CS.SC_MULTI_CORE.MULTI_GEM_WELL_PROCESSOR.COUNT_GEM_WELL_PROCESSOR._BASIC_SC_RNA_COUNTER._MATRIX_COMPUTER.ALIGN_AND_COUNT.fork0 chunks running (14/23 completed)
2023-10-10 20:02:11 [runtime] (update)          ID.Embryo9.SC_RNA_COUNTER_CS.SC_MULTI_CORE.MULTI_GEM_WELL_PROCESSOR.COUNT_GEM_WELL_PROCESSOR._BASIC_SC_RNA_COUNTER._MATRIX_COMPUTER.ALIGN_AND_COUNT.fork0 chunks running (15/23 completed)
2023-10-10 20:08:13 [runtime] (update)          ID.Embryo9.SC_RNA_COUNTER_CS.SC_MULTI_CORE.MULTI_GEM_WELL_PROCESSOR.COUNT_GEM_WELL_PROCESSOR._BASIC_SC_RNA_COUNTER._MATRIX_COMPUTER.ALIGN_AND_COUNT.fork0 chunks running (16/23 completed)
2023-10-10 20:14:14 [runtime] (update)          ID.Embryo9.SC_RNA_COUNTER_CS.SC_MULTI_CORE.MULTI_GEM_WELL_PROCESSOR.COUNT_GEM_WELL_PROCESSOR._BASIC_SC_RNA_COUNTER._MATRIX_COMPUTER.ALIGN_AND_COUNT.fork0 chunks running (17/23 completed)
2023-10-10 20:19:21 [runtime] (update)          ID.Embryo9.SC_RNA_COUNTER_CS.SC_MULTI_CORE.MULTI_GEM_WELL_PROCESSOR.COUNT_GEM_WELL_PROCESSOR._BASIC_SC_RNA_COUNTER._MATRIX_COMPUTER.ALIGN_AND_COUNT.fork0 chunks running (19/23 completed)
2023-10-10 20:24:52 [runtime] (update)          ID.Embryo9.SC_RNA_COUNTER_CS.SC_MULTI_CORE.MULTI_GEM_WELL_PROCESSOR.COUNT_GEM_WELL_PROCESSOR._BASIC_SC_RNA_COUNTER._MATRIX_COMPUTER.ALIGN_AND_COUNT.fork0 chunks running (20/23 completed)
2023-10-10 20:31:24 [runtime] (update)          ID.Embryo9.SC_RNA_COUNTER_CS.SC_MULTI_CORE.MULTI_GEM_WELL_PROCESSOR.COUNT_GEM_WELL_PROCESSOR._BASIC_SC_RNA_COUNTER._MATRIX_COMPUTER.ALIGN_AND_COUNT.fork0 chunks running (21/23 completed)
2023-10-10 20:37:22 [runtime] (update)          ID.Embryo9.SC_RNA_COUNTER_CS.SC_MULTI_CORE.MULTI_GEM_WELL_PROCESSOR.COUNT_GEM_WELL_PROCESSOR._BASIC_SC_RNA_COUNTER._MATRIX_COMPUTER.ALIGN_AND_COUNT.fork0 chunks running (21/23 completed)
2023-10-10 20:43:41 [runtime] (update)          ID.Embryo9.SC_RNA_COUNTER_CS.SC_MULTI_CORE.MULTI_GEM_WELL_PROCESSOR.COUNT_GEM_WELL_PROCESSOR._BASIC_SC_RNA_COUNTER._MATRIX_COMPUTER.ALIGN_AND_COUNT.fork0 chunks running (22/23 completed)
2023-10-10 20:45:02 [runtime] (chunks_complete) ID.Embryo9.SC_RNA_COUNTER_CS.SC_MULTI_CORE.MULTI_GEM_WELL_PROCESSOR.COUNT_GEM_WELL_PROCESSOR._BASIC_SC_RNA_COUNTER._MATRIX_COMPUTER.ALIGN_AND_COUNT
2023-10-10 20:45:02 [runtime] (run:local)       ID.Embryo9.SC_RNA_COUNTER_CS.SC_MULTI_CORE.MULTI_GEM_WELL_PROCESSOR.COUNT_GEM_WELL_PROCESSOR._BASIC_SC_RNA_COUNTER._MATRIX_COMPUTER.ALIGN_AND_COUNT.fork0.join
2023-10-10 20:45:02 [runtime] (join_complete)   ID.Embryo9.SC_RNA_COUNTER_CS.SC_MULTI_CORE.MULTI_GEM_WELL_PROCESSOR.COUNT_GEM_WELL_PROCESSOR._BASIC_SC_RNA_COUNTER._MATRIX_COMPUTER.ALIGN_AND_COUNT
2023-10-10 20:45:06 [runtime] (ready)           ID.Embryo9.SC_RNA_COUNTER_CS.SC_MULTI_CORE.MULTI_GEM_WELL_PROCESSOR.COUNT_GEM_WELL_PROCESSOR._BASIC_SC_RNA_COUNTER._MATRIX_COMPUTER.WRITE_BARCODE_SUMMARY
2023-10-10 20:45:06 [runtime] (run:local)       ID.Embryo9.SC_RNA_COUNTER_CS.SC_MULTI_CORE.MULTI_GEM_WELL_PROCESSOR.COUNT_GEM_WELL_PROCESSOR._BASIC_SC_RNA_COUNTER._MATRIX_COMPUTER.WRITE_BARCODE_SUMMARY.fork0.chnk0.main
2023-10-10 20:45:06 [runtime] (ready)           ID.Embryo9.SC_RNA_COUNTER_CS.SC_MULTI_CORE.MULTI_GEM_WELL_PROCESSOR.COUNT_GEM_WELL_PROCESSOR._BASIC_SC_RNA_COUNTER._MATRIX_COMPUTER.WRITE_H5_MATRIX
2023-10-10 20:45:06 [runtime] (run:local)       ID.Embryo9.SC_RNA_COUNTER_CS.SC_MULTI_CORE.MULTI_GEM_WELL_PROCESSOR.COUNT_GEM_WELL_PROCESSOR._BASIC_SC_RNA_COUNTER._MATRIX_COMPUTER.WRITE_H5_MATRIX.fork0.chnk0.main
2023-10-10 20:45:06 [runtime] (ready)           ID.Embryo9.SC_RNA_COUNTER_CS.SC_MULTI_CORE.MULTI_GEM_WELL_PROCESSOR.COUNT_GEM_WELL_PROCESSOR._BASIC_SC_RNA_COUNTER._MATRIX_COMPUTER.WRITE_MATRIX_MARKET
2023-10-10 20:45:06 [runtime] (run:local)       ID.Embryo9.SC_RNA_COUNTER_CS.SC_MULTI_CORE.MULTI_GEM_WELL_PROCESSOR.COUNT_GEM_WELL_PROCESSOR._BASIC_SC_RNA_COUNTER._MATRIX_COMPUTER.WRITE_MATRIX_MARKET.fork0.chnk0.main
2023-10-10 20:45:06 [runtime] (ready)           ID.Embryo9.SC_RNA_COUNTER_CS.SC_MULTI_CORE.MULTI_GEM_WELL_PROCESSOR.COUNT_GEM_WELL_PROCESSOR._BASIC_SC_RNA_COUNTER._MATRIX_COMPUTER.COLLATE_METRICS
2023-10-10 20:45:06 [runtime] (run:local)       ID.Embryo9.SC_RNA_COUNTER_CS.SC_MULTI_CORE.MULTI_GEM_WELL_PROCESSOR.COUNT_GEM_WELL_PROCESSOR._BASIC_SC_RNA_COUNTER._MATRIX_COMPUTER.COLLATE_METRICS.fork0.split
2023-10-10 20:45:06 [runtime] (split_complete)  ID.Embryo9.SC_RNA_COUNTER_CS.SC_MULTI_CORE.MULTI_GEM_WELL_PROCESSOR.COUNT_GEM_WELL_PROCESSOR._BASIC_SC_RNA_COUNTER._MATRIX_COMPUTER.COLLATE_METRICS
2023-10-10 20:45:06 [runtime] (run:local)       ID.Embryo9.SC_RNA_COUNTER_CS.SC_MULTI_CORE.MULTI_GEM_WELL_PROCESSOR.COUNT_GEM_WELL_PROCESSOR._BASIC_SC_RNA_COUNTER._MATRIX_COMPUTER.COLLATE_METRICS.fork0.chnk0.main
2023-10-10 20:45:07 [runtime] (chunks_complete) ID.Embryo9.SC_RNA_COUNTER_CS.SC_MULTI_CORE.MULTI_GEM_WELL_PROCESSOR.COUNT_GEM_WELL_PROCESSOR._BASIC_SC_RNA_COUNTER._MATRIX_COMPUTER.WRITE_BARCODE_SUMMARY
2023-10-10 20:45:08 [runtime] (chunks_complete) ID.Embryo9.SC_RNA_COUNTER_CS.SC_MULTI_CORE.MULTI_GEM_WELL_PROCESSOR.COUNT_GEM_WELL_PROCESSOR._BASIC_SC_RNA_COUNTER._MATRIX_COMPUTER.COLLATE_METRICS
2023-10-10 20:45:08 [runtime] (run:local)       ID.Embryo9.SC_RNA_COUNTER_CS.SC_MULTI_CORE.MULTI_GEM_WELL_PROCESSOR.COUNT_GEM_WELL_PROCESSOR._BASIC_SC_RNA_COUNTER._MATRIX_COMPUTER.COLLATE_METRICS.fork0.join
2023-10-10 20:45:08 [runtime] (join_complete)   ID.Embryo9.SC_RNA_COUNTER_CS.SC_MULTI_CORE.MULTI_GEM_WELL_PROCESSOR.COUNT_GEM_WELL_PROCESSOR._BASIC_SC_RNA_COUNTER._MATRIX_COMPUTER.COLLATE_METRICS
2023-10-10 20:45:08 [runtime] (ready)           ID.Embryo9.SC_RNA_COUNTER_CS.SC_MULTI_CORE.MULTI_GEM_WELL_PROCESSOR.COUNT_GEM_WELL_PROCESSOR._BASIC_SC_RNA_COUNTER._MATRIX_COMPUTER.MERGE_METRICS
2023-10-10 20:45:08 [runtime] (run:local)       ID.Embryo9.SC_RNA_COUNTER_CS.SC_MULTI_CORE.MULTI_GEM_WELL_PROCESSOR.COUNT_GEM_WELL_PROCESSOR._BASIC_SC_RNA_COUNTER._MATRIX_COMPUTER.MERGE_METRICS.fork0.chnk0.main
2023-10-10 20:45:08 [runtime] (chunks_complete) ID.Embryo9.SC_RNA_COUNTER_CS.SC_MULTI_CORE.MULTI_GEM_WELL_PROCESSOR.COUNT_GEM_WELL_PROCESSOR._BASIC_SC_RNA_COUNTER._MATRIX_COMPUTER.MERGE_METRICS
2023-10-10 20:45:09 [runtime] (chunks_complete) ID.Embryo9.SC_RNA_COUNTER_CS.SC_MULTI_CORE.MULTI_GEM_WELL_PROCESSOR.COUNT_GEM_WELL_PROCESSOR._BASIC_SC_RNA_COUNTER._MATRIX_COMPUTER.WRITE_H5_MATRIX
2023-10-10 20:45:09 [runtime] (ready)           ID.Embryo9.SC_RNA_COUNTER_CS.SC_MULTI_CORE.MULTI_GEM_WELL_PROCESSOR.COUNT_GEM_WELL_PROCESSOR._BASIC_SC_RNA_COUNTER.DISABLE_STAGES
2023-10-10 20:45:09 [runtime] (run:local)       ID.Embryo9.SC_RNA_COUNTER_CS.SC_MULTI_CORE.MULTI_GEM_WELL_PROCESSOR.COUNT_GEM_WELL_PROCESSOR._BASIC_SC_RNA_COUNTER.DISABLE_STAGES.fork0.chnk0.main
2023-10-10 20:45:09 [runtime] (chunks_complete) ID.Embryo9.SC_RNA_COUNTER_CS.SC_MULTI_CORE.MULTI_GEM_WELL_PROCESSOR.COUNT_GEM_WELL_PROCESSOR._BASIC_SC_RNA_COUNTER._MATRIX_COMPUTER.WRITE_MATRIX_MARKET
2023-10-10 20:45:10 [runtime] (ready)           ID.Embryo9.SC_RNA_COUNTER_CS.SC_MULTI_CORE.MULTI_GEM_WELL_PROCESSOR.COUNT_GEM_WELL_PROCESSOR._BASIC_SC_RNA_COUNTER.FILTER_BARCODES
2023-10-10 20:45:10 [runtime] (run:local)       ID.Embryo9.SC_RNA_COUNTER_CS.SC_MULTI_CORE.MULTI_GEM_WELL_PROCESSOR.COUNT_GEM_WELL_PROCESSOR._BASIC_SC_RNA_COUNTER.FILTER_BARCODES.fork0.split
2023-10-10 20:45:11 [runtime] (split_complete)  ID.Embryo9.SC_RNA_COUNTER_CS.SC_MULTI_CORE.MULTI_GEM_WELL_PROCESSOR.COUNT_GEM_WELL_PROCESSOR._BASIC_SC_RNA_COUNTER.FILTER_BARCODES
2023-10-10 20:45:11 [runtime] (run:local)       ID.Embryo9.SC_RNA_COUNTER_CS.SC_MULTI_CORE.MULTI_GEM_WELL_PROCESSOR.COUNT_GEM_WELL_PROCESSOR._BASIC_SC_RNA_COUNTER.FILTER_BARCODES.fork0.chnk0.main
2023-10-10 20:45:12 [runtime] (chunks_complete) ID.Embryo9.SC_RNA_COUNTER_CS.SC_MULTI_CORE.MULTI_GEM_WELL_PROCESSOR.COUNT_GEM_WELL_PROCESSOR._BASIC_SC_RNA_COUNTER.DISABLE_STAGES
2023-10-10 20:45:12 [runtime] (ready)           ID.Embryo9.SC_RNA_COUNTER_CS.SC_MULTI_CORE.MULTI_GEM_WELL_PROCESSOR.COUNT_GEM_WELL_PROCESSOR._BASIC_SC_RNA_COUNTER._ASSIGN_TAGS.MULTIPLEXING_METHOD
2023-10-10 20:45:12 [runtime] (ready)           ID.Embryo9.SC_RNA_COUNTER_CS.SC_MULTI_CORE.MULTI_GEM_WELL_PROCESSOR.COUNT_GEM_WELL_PROCESSOR._BASIC_SC_RNA_COUNTER.WRITE_POS_BAM
2023-10-10 20:45:12 [runtime] (run:local)       ID.Embryo9.SC_RNA_COUNTER_CS.SC_MULTI_CORE.MULTI_GEM_WELL_PROCESSOR.COUNT_GEM_WELL_PROCESSOR._BASIC_SC_RNA_COUNTER.WRITE_POS_BAM.fork0.split
2023-10-10 20:45:12 [runtime] (ready)           ID.Embryo9.SC_RNA_COUNTER_CS.SC_MULTI_CORE.MULTI_GEM_WELL_PROCESSOR.COUNT_GEM_WELL_PROCESSOR._BASIC_SC_RNA_COUNTER._ASSIGN_TAGS.CALL_TAGS_OH
2023-10-10 20:45:16 [runtime] (split_complete)  ID.Embryo9.SC_RNA_COUNTER_CS.SC_MULTI_CORE.MULTI_GEM_WELL_PROCESSOR.COUNT_GEM_WELL_PROCESSOR._BASIC_SC_RNA_COUNTER.WRITE_POS_BAM
2023-10-10 20:45:16 [runtime] (run:local)       ID.Embryo9.SC_RNA_COUNTER_CS.SC_MULTI_CORE.MULTI_GEM_WELL_PROCESSOR.COUNT_GEM_WELL_PROCESSOR._BASIC_SC_RNA_COUNTER.WRITE_POS_BAM.fork0.chnk00.main
2023-10-10 20:45:16 [runtime] (run:local)       ID.Embryo9.SC_RNA_COUNTER_CS.SC_MULTI_CORE.MULTI_GEM_WELL_PROCESSOR.COUNT_GEM_WELL_PROCESSOR._BASIC_SC_RNA_COUNTER.WRITE_POS_BAM.fork0.chnk01.main
2023-10-10 20:45:16 [runtime] (run:local)       ID.Embryo9.SC_RNA_COUNTER_CS.SC_MULTI_CORE.MULTI_GEM_WELL_PROCESSOR.COUNT_GEM_WELL_PROCESSOR._BASIC_SC_RNA_COUNTER.WRITE_POS_BAM.fork0.chnk02.main
2023-10-10 20:45:16 [runtime] (run:local)       ID.Embryo9.SC_RNA_COUNTER_CS.SC_MULTI_CORE.MULTI_GEM_WELL_PROCESSOR.COUNT_GEM_WELL_PROCESSOR._BASIC_SC_RNA_COUNTER.WRITE_POS_BAM.fork0.chnk03.main
2023-10-10 20:45:16 [runtime] (run:local)       ID.Embryo9.SC_RNA_COUNTER_CS.SC_MULTI_CORE.MULTI_GEM_WELL_PROCESSOR.COUNT_GEM_WELL_PROCESSOR._BASIC_SC_RNA_COUNTER.WRITE_POS_BAM.fork0.chnk04.main
2023-10-10 20:45:16 [runtime] (run:local)       ID.Embryo9.SC_RNA_COUNTER_CS.SC_MULTI_CORE.MULTI_GEM_WELL_PROCESSOR.COUNT_GEM_WELL_PROCESSOR._BASIC_SC_RNA_COUNTER.WRITE_POS_BAM.fork0.chnk05.main
2023-10-10 20:45:16 [runtime] (run:local)       ID.Embryo9.SC_RNA_COUNTER_CS.SC_MULTI_CORE.MULTI_GEM_WELL_PROCESSOR.COUNT_GEM_WELL_PROCESSOR._BASIC_SC_RNA_COUNTER.WRITE_POS_BAM.fork0.chnk06.main
2023-10-10 20:45:16 [runtime] (run:local)       ID.Embryo9.SC_RNA_COUNTER_CS.SC_MULTI_CORE.MULTI_GEM_WELL_PROCESSOR.COUNT_GEM_WELL_PROCESSOR._BASIC_SC_RNA_COUNTER.WRITE_POS_BAM.fork0.chnk07.main
2023-10-10 20:45:16 [runtime] (run:local)       ID.Embryo9.SC_RNA_COUNTER_CS.SC_MULTI_CORE.MULTI_GEM_WELL_PROCESSOR.COUNT_GEM_WELL_PROCESSOR._BASIC_SC_RNA_COUNTER.WRITE_POS_BAM.fork0.chnk08.main
2023-10-10 20:45:16 [runtime] (run:local)       ID.Embryo9.SC_RNA_COUNTER_CS.SC_MULTI_CORE.MULTI_GEM_WELL_PROCESSOR.COUNT_GEM_WELL_PROCESSOR._BASIC_SC_RNA_COUNTER.WRITE_POS_BAM.fork0.chnk09.main
2023-10-10 20:45:16 [runtime] (run:local)       ID.Embryo9.SC_RNA_COUNTER_CS.SC_MULTI_CORE.MULTI_GEM_WELL_PROCESSOR.COUNT_GEM_WELL_PROCESSOR._BASIC_SC_RNA_COUNTER.WRITE_POS_BAM.fork0.chnk10.main
2023-10-10 20:45:16 [runtime] (run:local)       ID.Embryo9.SC_RNA_COUNTER_CS.SC_MULTI_CORE.MULTI_GEM_WELL_PROCESSOR.COUNT_GEM_WELL_PROCESSOR._BASIC_SC_RNA_COUNTER.WRITE_POS_BAM.fork0.chnk11.main
2023-10-10 20:45:16 [runtime] (run:local)       ID.Embryo9.SC_RNA_COUNTER_CS.SC_MULTI_CORE.MULTI_GEM_WELL_PROCESSOR.COUNT_GEM_WELL_PROCESSOR._BASIC_SC_RNA_COUNTER.WRITE_POS_BAM.fork0.chnk12.main
2023-10-10 20:45:16 [runtime] (run:local)       ID.Embryo9.SC_RNA_COUNTER_CS.SC_MULTI_CORE.MULTI_GEM_WELL_PROCESSOR.COUNT_GEM_WELL_PROCESSOR._BASIC_SC_RNA_COUNTER.WRITE_POS_BAM.fork0.chnk13.main
2023-10-10 20:45:16 [runtime] (run:local)       ID.Embryo9.SC_RNA_COUNTER_CS.SC_MULTI_CORE.MULTI_GEM_WELL_PROCESSOR.COUNT_GEM_WELL_PROCESSOR._BASIC_SC_RNA_COUNTER.WRITE_POS_BAM.fork0.chnk14.main
2023-10-10 20:45:16 [runtime] (run:local)       ID.Embryo9.SC_RNA_COUNTER_CS.SC_MULTI_CORE.MULTI_GEM_WELL_PROCESSOR.COUNT_GEM_WELL_PROCESSOR._BASIC_SC_RNA_COUNTER.WRITE_POS_BAM.fork0.chnk15.main
2023-10-10 20:45:16 [runtime] (run:local)       ID.Embryo9.SC_RNA_COUNTER_CS.SC_MULTI_CORE.MULTI_GEM_WELL_PROCESSOR.COUNT_GEM_WELL_PROCESSOR._BASIC_SC_RNA_COUNTER.WRITE_POS_BAM.fork0.chnk16.main
2023-10-10 20:45:16 [runtime] (run:local)       ID.Embryo9.SC_RNA_COUNTER_CS.SC_MULTI_CORE.MULTI_GEM_WELL_PROCESSOR.COUNT_GEM_WELL_PROCESSOR._BASIC_SC_RNA_COUNTER.WRITE_POS_BAM.fork0.chnk17.main
2023-10-10 20:45:16 [runtime] (run:local)       ID.Embryo9.SC_RNA_COUNTER_CS.SC_MULTI_CORE.MULTI_GEM_WELL_PROCESSOR.COUNT_GEM_WELL_PROCESSOR._BASIC_SC_RNA_COUNTER.WRITE_POS_BAM.fork0.chnk18.main
2023-10-10 20:45:16 [runtime] (run:local)       ID.Embryo9.SC_RNA_COUNTER_CS.SC_MULTI_CORE.MULTI_GEM_WELL_PROCESSOR.COUNT_GEM_WELL_PROCESSOR._BASIC_SC_RNA_COUNTER.WRITE_POS_BAM.fork0.chnk19.main
2023-10-10 20:45:16 [runtime] (run:local)       ID.Embryo9.SC_RNA_COUNTER_CS.SC_MULTI_CORE.MULTI_GEM_WELL_PROCESSOR.COUNT_GEM_WELL_PROCESSOR._BASIC_SC_RNA_COUNTER.WRITE_POS_BAM.fork0.chnk20.main
2023-10-10 20:45:16 [runtime] (run:local)       ID.Embryo9.SC_RNA_COUNTER_CS.SC_MULTI_CORE.MULTI_GEM_WELL_PROCESSOR.COUNT_GEM_WELL_PROCESSOR._BASIC_SC_RNA_COUNTER.WRITE_POS_BAM.fork0.chnk21.main
2023-10-10 20:45:16 [runtime] (run:local)       ID.Embryo9.SC_RNA_COUNTER_CS.SC_MULTI_CORE.MULTI_GEM_WELL_PROCESSOR.COUNT_GEM_WELL_PROCESSOR._BASIC_SC_RNA_COUNTER.WRITE_POS_BAM.fork0.chnk22.main
2023-10-10 20:48:34 [runtime] (chunks_complete) ID.Embryo9.SC_RNA_COUNTER_CS.SC_MULTI_CORE.MULTI_GEM_WELL_PROCESSOR.COUNT_GEM_WELL_PROCESSOR._BASIC_SC_RNA_COUNTER.FILTER_BARCODES
2023-10-10 20:48:34 [runtime] (run:local)       ID.Embryo9.SC_RNA_COUNTER_CS.SC_MULTI_CORE.MULTI_GEM_WELL_PROCESSOR.COUNT_GEM_WELL_PROCESSOR._BASIC_SC_RNA_COUNTER.FILTER_BARCODES.fork0.join
2023-10-10 20:50:29 [runtime] (update)          ID.Embryo9.SC_RNA_COUNTER_CS.SC_MULTI_CORE.MULTI_GEM_WELL_PROCESSOR.COUNT_GEM_WELL_PROCESSOR._BASIC_SC_RNA_COUNTER.WRITE_POS_BAM.fork0 chunks running (8/23 completed)
2023-10-10 20:55:42 [runtime] (update)          ID.Embryo9.SC_RNA_COUNTER_CS.SC_MULTI_CORE.MULTI_GEM_WELL_PROCESSOR.COUNT_GEM_WELL_PROCESSOR._BASIC_SC_RNA_COUNTER.WRITE_POS_BAM.fork0 chunks running (19/23 completed)
2023-10-10 20:56:17 [runtime] (join_complete)   ID.Embryo9.SC_RNA_COUNTER_CS.SC_MULTI_CORE.MULTI_GEM_WELL_PROCESSOR.COUNT_GEM_WELL_PROCESSOR._BASIC_SC_RNA_COUNTER.FILTER_BARCODES
2023-10-10 20:56:17 [runtime] (ready)           ID.Embryo9.SC_RNA_COUNTER_CS.SC_MULTI_CORE.MULTI_GEM_WELL_PROCESSOR.VDJ_T_GEM_WELL_PROCESSOR.HANDLE_GEX_CELLS
2023-10-10 20:56:17 [runtime] (ready)           ID.Embryo9.SC_RNA_COUNTER_CS.SC_MULTI_CORE.MULTI_GEM_WELL_PROCESSOR.COUNT_GEM_WELL_PROCESSOR._BASIC_SC_RNA_COUNTER.INFER_GEM_WELL_THROUGHPUT
2023-10-10 20:56:17 [runtime] (run:local)       ID.Embryo9.SC_RNA_COUNTER_CS.SC_MULTI_CORE.MULTI_GEM_WELL_PROCESSOR.COUNT_GEM_WELL_PROCESSOR._BASIC_SC_RNA_COUNTER.INFER_GEM_WELL_THROUGHPUT.fork0.split
2023-10-10 20:56:17 [runtime] (ready)           ID.Embryo9.SC_RNA_COUNTER_CS.SC_MULTI_CORE.MULTI_GEM_WELL_PROCESSOR.COUNT_GEM_WELL_PROCESSOR._BASIC_SC_RNA_COUNTER.COLLATE_PROBE_METRICS
2023-10-10 20:56:17 [runtime] (ready)           ID.Embryo9.SC_RNA_COUNTER_CS.SC_MULTI_CORE.MULTI_GEM_WELL_PROCESSOR.VDJ_B_GEM_WELL_PROCESSOR.HANDLE_GEX_CELLS
2023-10-10 20:56:17 [runtime] (ready)           ID.Embryo9.SC_RNA_COUNTER_CS.SC_MULTI_CORE.MULTI_GEM_WELL_PROCESSOR.COUNT_GEM_WELL_PROCESSOR._BASIC_SC_RNA_COUNTER.CHECK_CORRECTION_FACTOR
2023-10-10 20:56:17 [runtime] (run:local)       ID.Embryo9.SC_RNA_COUNTER_CS.SC_MULTI_CORE.MULTI_GEM_WELL_PROCESSOR.COUNT_GEM_WELL_PROCESSOR._BASIC_SC_RNA_COUNTER.CHECK_CORRECTION_FACTOR.fork0.chnk0.main
2023-10-10 20:56:17 [runtime] (ready)           ID.Embryo9.SC_RNA_COUNTER_CS.SC_MULTI_CORE.MULTI_GEM_WELL_PROCESSOR.COUNT_GEM_WELL_PROCESSOR._BASIC_SC_RNA_COUNTER._ASSIGN_TAGS.CALL_TAGS_RTL
2023-10-10 20:56:17 [runtime] (ready)           ID.Embryo9.SC_RNA_COUNTER_CS.SC_MULTI_CORE.MULTI_GEM_WELL_PROCESSOR.VDJ_T_GD_GEM_WELL_PROCESSOR.HANDLE_GEX_CELLS
2023-10-10 20:56:17 [runtime] (ready)           ID.Embryo9.SC_RNA_COUNTER_CS.SC_MULTI_CORE.MULTI_GEM_WELL_PROCESSOR.COUNT_GEM_WELL_PROCESSOR._BASIC_SC_RNA_COUNTER._CELLS_REPORTER.WRITE_MOLECULE_INFO
2023-10-10 20:56:17 [runtime] (run:local)       ID.Embryo9.SC_RNA_COUNTER_CS.SC_MULTI_CORE.MULTI_GEM_WELL_PROCESSOR.COUNT_GEM_WELL_PROCESSOR._BASIC_SC_RNA_COUNTER._CELLS_REPORTER.WRITE_MOLECULE_INFO.fork0.split
2023-10-10 20:56:17 [runtime] (ready)           ID.Embryo9.SC_RNA_COUNTER_CS.SC_MULTI_CORE.VDJ_T_CLONOTYPE_ASSIGNER.CLONOTYPE_ASSIGNER.RUN_ENCLONE
2023-10-10 20:56:17 [runtime] (ready)           ID.Embryo9.SC_RNA_COUNTER_CS.SC_MULTI_CORE.VDJ_B_CLONOTYPE_ASSIGNER.CLONOTYPE_ASSIGNER.RUN_ENCLONE
2023-10-10 20:56:17 [runtime] (ready)           ID.Embryo9.SC_RNA_COUNTER_CS.SC_MULTI_CORE.VDJ_T_CLONOTYPE_ASSIGNER.CLONOTYPE_ASSIGNER.WRITE_CLONOTYPE_OUTS
2023-10-10 20:56:17 [runtime] (ready)           ID.Embryo9.SC_RNA_COUNTER_CS.SC_MULTI_CORE.VDJ_T_CLONOTYPE_ASSIGNER.CLONOTYPE_ASSIGNER.FILL_CLONOTYPE_INFO
2023-10-10 20:56:17 [runtime] (ready)           ID.Embryo9.SC_RNA_COUNTER_CS.SC_MULTI_CORE.VDJ_T_GD_CLONOTYPE_ASSIGNER.CLONOTYPE_ASSIGNER.RUN_ENCLONE
2023-10-10 20:56:17 [runtime] (ready)           ID.Embryo9.SC_RNA_COUNTER_CS.SC_MULTI_CORE.VDJ_B_CLONOTYPE_ASSIGNER.CLONOTYPE_ASSIGNER.WRITE_CONSENSUS_TXT
2023-10-10 20:56:17 [runtime] (ready)           ID.Embryo9.SC_RNA_COUNTER_CS.SC_MULTI_CORE.VDJ_T_CLONOTYPE_ASSIGNER.CLONOTYPE_ASSIGNER.WRITE_CONSENSUS_BAM
2023-10-10 20:56:17 [runtime] (ready)           ID.Embryo9.SC_RNA_COUNTER_CS.SC_MULTI_CORE.VDJ_T_CLONOTYPE_ASSIGNER.CLONOTYPE_ASSIGNER.WRITE_CONSENSUS_TXT
2023-10-10 20:56:17 [runtime] (chunks_complete) ID.Embryo9.SC_RNA_COUNTER_CS.SC_MULTI_CORE.MULTI_GEM_WELL_PROCESSOR.COUNT_GEM_WELL_PROCESSOR._BASIC_SC_RNA_COUNTER.CHECK_CORRECTION_FACTOR
2023-10-10 20:56:18 [runtime] (ready)           ID.Embryo9.SC_RNA_COUNTER_CS.SC_MULTI_CORE.VDJ_B_CLONOTYPE_ASSIGNER.CLONOTYPE_ASSIGNER.FILL_CLONOTYPE_INFO
2023-10-10 20:56:18 [runtime] (ready)           ID.Embryo9.SC_RNA_COUNTER_CS.SC_MULTI_CORE.VDJ_B_CLONOTYPE_ASSIGNER.CLONOTYPE_ASSIGNER.WRITE_CLONOTYPE_OUTS
2023-10-10 20:56:18 [runtime] (split_complete)  ID.Embryo9.SC_RNA_COUNTER_CS.SC_MULTI_CORE.MULTI_GEM_WELL_PROCESSOR.COUNT_GEM_WELL_PROCESSOR._BASIC_SC_RNA_COUNTER._CELLS_REPORTER.WRITE_MOLECULE_INFO
2023-10-10 20:56:18 [runtime] (run:local)       ID.Embryo9.SC_RNA_COUNTER_CS.SC_MULTI_CORE.MULTI_GEM_WELL_PROCESSOR.COUNT_GEM_WELL_PROCESSOR._BASIC_SC_RNA_COUNTER._CELLS_REPORTER.WRITE_MOLECULE_INFO.fork0.join
2023-10-10 20:56:18 [runtime] (ready)           ID.Embryo9.SC_RNA_COUNTER_CS.SC_MULTI_CORE.VDJ_T_GD_CLONOTYPE_ASSIGNER.CLONOTYPE_ASSIGNER.WRITE_CONSENSUS_TXT
2023-10-10 20:56:18 [runtime] (ready)           ID.Embryo9.SC_RNA_COUNTER_CS.SC_MULTI_CORE.VDJ_T_GD_CLONOTYPE_ASSIGNER.CLONOTYPE_ASSIGNER.WRITE_CLONOTYPE_OUTS
2023-10-10 20:56:18 [runtime] (ready)           ID.Embryo9.SC_RNA_COUNTER_CS.SC_MULTI_CORE.VDJ_T_CLONOTYPE_ASSIGNER.CLONOTYPE_ASSIGNER.WRITE_ANN_CSV
2023-10-10 20:56:18 [runtime] (ready)           ID.Embryo9.SC_RNA_COUNTER_CS.SC_MULTI_CORE.VDJ_T_GD_CLONOTYPE_ASSIGNER.CLONOTYPE_ASSIGNER.FILL_CLONOTYPE_INFO
2023-10-10 20:56:18 [runtime] (ready)           ID.Embryo9.SC_RNA_COUNTER_CS.SC_MULTI_CORE.VDJ_T_CLONOTYPE_ASSIGNER.CLONOTYPE_ASSIGNER.WRITE_CONCAT_REF_OUTS
2023-10-10 20:56:18 [runtime] (ready)           ID.Embryo9.SC_RNA_COUNTER_CS.SC_MULTI_CORE.VDJ_T_CLONOTYPE_ASSIGNER.HANDLE_NO_VDJ_REF
2023-10-10 20:56:18 [runtime] (ready)           ID.Embryo9.SC_RNA_COUNTER_CS.SC_MULTI_CORE.COPY_VDJ_REFERENCE
2023-10-10 20:56:18 [runtime] (ready)           ID.Embryo9.SC_RNA_COUNTER_CS.SC_MULTI_CORE.VDJ_B_CLONOTYPE_ASSIGNER.CLONOTYPE_ASSIGNER.WRITE_CONSENSUS_BAM
2023-10-10 20:56:18 [runtime] (ready)           ID.Embryo9.SC_RNA_COUNTER_CS.SC_MULTI_CORE.VDJ_B_CLONOTYPE_ASSIGNER.HANDLE_NO_VDJ_REF
2023-10-10 20:56:18 [runtime] (ready)           ID.Embryo9.SC_RNA_COUNTER_CS.SC_MULTI_CORE.VDJ_T_GD_CLONOTYPE_ASSIGNER.CLONOTYPE_ASSIGNER.WRITE_ANN_CSV
2023-10-10 20:56:18 [runtime] (ready)           ID.Embryo9.SC_RNA_COUNTER_CS.SC_MULTI_CORE.VDJ_T_GD_CLONOTYPE_ASSIGNER.CLONOTYPE_ASSIGNER.WRITE_CONCAT_REF_OUTS
2023-10-10 20:56:18 [runtime] (ready)           ID.Embryo9.SC_RNA_COUNTER_CS.SC_MULTI_CORE.VDJ_B_CLONOTYPE_ASSIGNER.CLONOTYPE_ASSIGNER.WRITE_ANN_CSV
2023-10-10 20:56:18 [runtime] (ready)           ID.Embryo9.SC_RNA_COUNTER_CS.SC_MULTI_CORE.VDJ_T_CLONOTYPE_ASSIGNER.CLONOTYPE_ASSIGNER.CREATE_AIRR_TSV
2023-10-10 20:56:18 [runtime] (ready)           ID.Embryo9.SC_RNA_COUNTER_CS.SC_MULTI_CORE.VDJ_T_GD_CLONOTYPE_ASSIGNER.CLONOTYPE_ASSIGNER.WRITE_CONSENSUS_BAM
2023-10-10 20:56:18 [runtime] (split_complete)  ID.Embryo9.SC_RNA_COUNTER_CS.SC_MULTI_CORE.MULTI_GEM_WELL_PROCESSOR.COUNT_GEM_WELL_PROCESSOR._BASIC_SC_RNA_COUNTER.INFER_GEM_WELL_THROUGHPUT
2023-10-10 20:56:18 [runtime] (run:local)       ID.Embryo9.SC_RNA_COUNTER_CS.SC_MULTI_CORE.MULTI_GEM_WELL_PROCESSOR.COUNT_GEM_WELL_PROCESSOR._BASIC_SC_RNA_COUNTER.INFER_GEM_WELL_THROUGHPUT.fork0.join
2023-10-10 20:56:18 [runtime] (ready)           ID.Embryo9.SC_RNA_COUNTER_CS.SC_MULTI_CORE.VDJ_B_CLONOTYPE_ASSIGNER.CLONOTYPE_ASSIGNER.WRITE_CONCAT_REF_OUTS
2023-10-10 20:56:18 [runtime] (ready)           ID.Embryo9.SC_RNA_COUNTER_CS.SC_MULTI_CORE.MULTI_REPORTER.VDJ_T_REPORTER.SUMMARIZE_VDJ_FILTERS
2023-10-10 20:56:18 [runtime] (ready)           ID.Embryo9.SC_RNA_COUNTER_CS.SC_MULTI_CORE.MULTI_REPORTER.VDJ_B_REPORTER.WRITE_CONTIG_OUTS
2023-10-10 20:56:18 [runtime] (ready)           ID.Embryo9.SC_RNA_COUNTER_CS.SC_MULTI_CORE.VDJ_T_GD_CLONOTYPE_ASSIGNER.CLONOTYPE_ASSIGNER.CREATE_AIRR_TSV
2023-10-10 20:56:18 [runtime] (ready)           ID.Embryo9.SC_RNA_COUNTER_CS.SC_MULTI_CORE.MULTI_REPORTER.VDJ_B_REPORTER.SUMMARIZE_VDJ_FILTERS
2023-10-10 20:56:18 [runtime] (ready)           ID.Embryo9.SC_RNA_COUNTER_CS.SC_MULTI_CORE.MULTI_REPORTER.VDJ_T_REPORTER.WRITE_CONTIG_OUTS
2023-10-10 20:56:18 [runtime] (ready)           ID.Embryo9.SC_RNA_COUNTER_CS.SC_MULTI_CORE.VDJ_T_GD_CLONOTYPE_ASSIGNER.HANDLE_NO_VDJ_REF
2023-10-10 20:56:18 [runtime] (ready)           ID.Embryo9.SC_RNA_COUNTER_CS.SC_MULTI_CORE.MULTI_REPORTER.VDJ_B_REPORTER.REPORT_CONTIGS
2023-10-10 20:56:18 [runtime] (ready)           ID.Embryo9.SC_RNA_COUNTER_CS.SC_MULTI_CORE.VDJ_B_CLONOTYPE_ASSIGNER.CLONOTYPE_ASSIGNER.CREATE_AIRR_TSV
2023-10-10 20:56:18 [runtime] (ready)           ID.Embryo9.SC_RNA_COUNTER_CS.SC_MULTI_CORE.MULTI_REPORTER.VDJ_T_REPORTER.REPORT_CONTIGS
2023-10-10 20:56:18 [runtime] (ready)           ID.Embryo9.SC_RNA_COUNTER_CS.SC_MULTI_CORE.MULTI_REPORTER.VDJ_T_GD_REPORTER.SUMMARIZE_VDJ_FILTERS
2023-10-10 20:56:18 [runtime] (ready)           ID.Embryo9.SC_RNA_COUNTER_CS.SC_MULTI_CORE.MULTI_REPORTER.VDJ_T_GD_REPORTER.WRITE_CONTIG_OUTS
2023-10-10 20:56:18 [runtime] (ready)           ID.Embryo9.SC_RNA_COUNTER_CS.SC_MULTI_CORE.MULTI_REPORTER.VDJ_T_GD_REPORTER.REPORT_CONTIGS
2023-10-10 20:56:19 [runtime] (join_complete)   ID.Embryo9.SC_RNA_COUNTER_CS.SC_MULTI_CORE.MULTI_GEM_WELL_PROCESSOR.COUNT_GEM_WELL_PROCESSOR._BASIC_SC_RNA_COUNTER.INFER_GEM_WELL_THROUGHPUT
2023-10-10 20:56:19 [runtime] (ready)           ID.Embryo9.SC_RNA_COUNTER_CS.SC_MULTI_CORE.MULTI_GEM_WELL_PROCESSOR.COUNT_GEM_WELL_PROCESSOR._BASIC_SC_RNA_COUNTER._ASSIGN_TAGS.CALL_TAGS_MARGINAL
2023-10-10 20:56:23 [runtime] (join_complete)   ID.Embryo9.SC_RNA_COUNTER_CS.SC_MULTI_CORE.MULTI_GEM_WELL_PROCESSOR.COUNT_GEM_WELL_PROCESSOR._BASIC_SC_RNA_COUNTER._CELLS_REPORTER.WRITE_MOLECULE_INFO
2023-10-10 20:56:23 [runtime] (ready)           ID.Embryo9.SC_RNA_COUNTER_CS.SC_MULTI_CORE.COUNT_ANALYZER.DISABLE_SECONDARY_ANALYSIS
2023-10-10 20:56:23 [runtime] (run:local)       ID.Embryo9.SC_RNA_COUNTER_CS.SC_MULTI_CORE.COUNT_ANALYZER.DISABLE_SECONDARY_ANALYSIS.fork0.chnk0.main
2023-10-10 20:56:23 [runtime] (ready)           ID.Embryo9.SC_RNA_COUNTER_CS.SC_MULTI_CORE.MULTI_GEM_WELL_PROCESSOR.COUNT_GEM_WELL_PROCESSOR._BASIC_SC_RNA_COUNTER._ASSIGN_TAGS.CALL_TAGS_JIBES
2023-10-10 20:56:23 [runtime] (ready)           ID.Embryo9.SC_RNA_COUNTER_CS.SC_MULTI_CORE.MULTI_GEM_WELL_PROCESSOR.COUNT_GEM_WELL_PROCESSOR._BASIC_SC_RNA_COUNTER._CELLS_REPORTER.SUBSAMPLE_READS
2023-10-10 20:56:23 [runtime] (run:local)       ID.Embryo9.SC_RNA_COUNTER_CS.SC_MULTI_CORE.MULTI_GEM_WELL_PROCESSOR.COUNT_GEM_WELL_PROCESSOR._BASIC_SC_RNA_COUNTER._CELLS_REPORTER.SUBSAMPLE_READS.fork0.split
2023-10-10 20:56:23 [runtime] (ready)           ID.Embryo9.SC_RNA_COUNTER_CS.SC_MULTI_CORE.MULTI_GEM_WELL_PROCESSOR.COUNT_GEM_WELL_PROCESSOR._BASIC_SC_RNA_COUNTER._ASSIGN_TAGS.DETERMINE_SAMPLE_ASSIGNMENTS
2023-10-10 20:56:23 [runtime] (ready)           ID.Embryo9.SC_RNA_COUNTER_CS.SC_MULTI_CORE.MULTI_GEM_WELL_PROCESSOR.COUNT_GEM_WELL_PROCESSOR._BASIC_SC_RNA_COUNTER._ASSIGN_TAGS.COMPUTE_EXTRA_MULTIPLEXING_METRICS
2023-10-10 20:56:23 [runtime] (ready)           ID.Embryo9.SC_RNA_COUNTER_CS.SC_MULTI_CORE.MULTI_GEM_WELL_PROCESSOR.COUNT_GEM_WELL_PROCESSOR._BASIC_SC_RNA_COUNTER.MULTI_COLLATE_PER_SAMPLE_METRICS
2023-10-10 20:56:23 [runtime] (ready)           ID.Embryo9.SC_RNA_COUNTER_CS.SC_MULTI_CORE.MULTI_GEM_WELL_PROCESSOR.COUNT_GEM_WELL_PROCESSOR._BASIC_SC_RNA_COUNTER.DEMUX_PROBE_BC_MATRIX
2023-10-10 20:56:23 [runtime] (ready)           ID.Embryo9.SC_RNA_COUNTER_CS.SC_MULTI_CORE.MULTI_GEM_WELL_PROCESSOR.COUNT_GEM_WELL_PROCESSOR._BASIC_SC_RNA_COUNTER.MULTI_WRITE_PER_SAMPLE_BAM
2023-10-10 20:56:23 [runtime] (ready)           ID.Embryo9.SC_RNA_COUNTER_CS.SC_MULTI_CORE.MULTI_GEM_WELL_PROCESSOR.COUNT_GEM_WELL_PROCESSOR._BASIC_SC_RNA_COUNTER.MULTI_WRITE_PER_SAMPLE_MATRICES
2023-10-10 20:56:23 [runtime] (ready)           ID.Embryo9.SC_RNA_COUNTER_CS.SC_MULTI_CORE.MULTI_GEM_WELL_PROCESSOR.COUNT_GEM_WELL_PROCESSOR._BASIC_SC_RNA_COUNTER.MULTI_WRITE_PER_SAMPLE_MOLECULE_INFO
2023-10-10 20:56:23 [runtime] (ready)           ID.Embryo9.SC_RNA_COUNTER_CS.SC_MULTI_CORE.MULTI_GEM_WELL_PROCESSOR.COUNT_GEM_WELL_PROCESSOR._BASIC_SC_RNA_COUNTER._ASSIGN_TAGS.MERGE_METRICS
2023-10-10 20:56:23 [runtime] (ready)           ID.Embryo9.SC_RNA_COUNTER_CS.SC_MULTI_CORE.STRUCTIFY_PER_SAMPLE_OUTS
2023-10-10 20:56:23 [runtime] (run:local)       ID.Embryo9.SC_RNA_COUNTER_CS.SC_MULTI_CORE.STRUCTIFY_PER_SAMPLE_OUTS.fork0.chnk0.main
2023-10-10 20:56:24 [runtime] (chunks_complete) ID.Embryo9.SC_RNA_COUNTER_CS.SC_MULTI_CORE.COUNT_ANALYZER.DISABLE_SECONDARY_ANALYSIS
2023-10-10 20:56:24 [runtime] (chunks_complete) ID.Embryo9.SC_RNA_COUNTER_CS.SC_MULTI_CORE.STRUCTIFY_PER_SAMPLE_OUTS
2023-10-10 20:56:24 [runtime] (ready)           ID.Embryo9.SC_RNA_COUNTER_CS.SC_MULTI_CORE.DISABLE_FEATURE_STAGES
2023-10-10 20:56:24 [runtime] (run:local)       ID.Embryo9.SC_RNA_COUNTER_CS.SC_MULTI_CORE.DISABLE_FEATURE_STAGES.fork0.chnk0.main
2023-10-10 20:56:24 [runtime] (chunks_complete) ID.Embryo9.SC_RNA_COUNTER_CS.SC_MULTI_CORE.DISABLE_FEATURE_STAGES
2023-10-10 20:56:25 [runtime] (ready)           ID.Embryo9.SC_RNA_COUNTER_CS.SC_MULTI_CORE.MULTI_REPORTER.VDJ_T_REPORTER.BEAM_ANALYZER.CALCULATE_ANTIGEN_SPECIFICITY
2023-10-10 20:56:25 [runtime] (ready)           ID.Embryo9.SC_RNA_COUNTER_CS.SC_MULTI_CORE.MULTI_REPORTER.VDJ_B_REPORTER.BEAM_ANALYZER.COMPUTE_ANTIGEN_VDJ_METRICS
2023-10-10 20:56:25 [runtime] (ready)           ID.Embryo9.SC_RNA_COUNTER_CS.SC_MULTI_CORE.COUNT_ANALYZER._ANTIBODY_ANALYZER.SUMMARIZE_ANTIBODY_ANALYSIS
2023-10-10 20:56:25 [runtime] (ready)           ID.Embryo9.SC_RNA_COUNTER_CS.SC_MULTI_CORE.COUNT_ANALYZER._TARGETED_ANALYZER.SUBSAMPLE_OFF_TARGET_READS
2023-10-10 20:56:25 [runtime] (ready)           ID.Embryo9.SC_RNA_COUNTER_CS.SC_MULTI_CORE.MULTI_REPORTER.VDJ_B_REPORTER.BEAM_ANALYZER.CREATE_BARCODE_CSV
2023-10-10 20:56:25 [runtime] (ready)           ID.Embryo9.SC_RNA_COUNTER_CS.SC_MULTI_CORE.MULTI_REPORTER.VDJ_B_REPORTER.BEAM_ANALYZER.CALCULATE_ANTIGEN_SPECIFICITY
2023-10-10 20:56:25 [runtime] (ready)           ID.Embryo9.SC_RNA_COUNTER_CS.SC_MULTI_CORE.COUNT_ANALYZER._ANTIBODY_ANALYZER.CALL_ANTIBODIES
2023-10-10 20:56:25 [runtime] (ready)           ID.Embryo9.SC_RNA_COUNTER_CS.SC_MULTI_CORE.MULTI_REPORTER.VDJ_T_REPORTER.BEAM_ANALYZER.CREATE_BARCODE_CSV
2023-10-10 20:56:25 [runtime] (ready)           ID.Embryo9.SC_RNA_COUNTER_CS.SC_MULTI_CORE.MULTI_REPORTER.VDJ_T_REPORTER.BEAM_ANALYZER.COMPUTE_ANTIGEN_VDJ_METRICS
2023-10-10 20:56:25 [runtime] (ready)           ID.Embryo9.SC_RNA_COUNTER_CS.SC_MULTI_CORE.MULTI_REPORTER.VDJ_T_GD_REPORTER.BEAM_ANALYZER.CALCULATE_ANTIGEN_SPECIFICITY
2023-10-10 20:56:25 [runtime] (ready)           ID.Embryo9.SC_RNA_COUNTER_CS.SC_MULTI_CORE.MULTI_REPORTER.VDJ_T_GD_REPORTER.BEAM_ANALYZER.CREATE_BARCODE_CSV
2023-10-10 20:56:25 [runtime] (ready)           ID.Embryo9.SC_RNA_COUNTER_CS.SC_MULTI_CORE.COUNT_ANALYZER.SC_RNA_ANALYZER.ANALYZER_PREFLIGHT
2023-10-10 20:56:25 [runtime] (run:local)       ID.Embryo9.SC_RNA_COUNTER_CS.SC_MULTI_CORE.COUNT_ANALYZER.SC_RNA_ANALYZER.ANALYZER_PREFLIGHT.fork0.chnk0.main
2023-10-10 20:56:25 [runtime] (ready)           ID.Embryo9.SC_RNA_COUNTER_CS.SC_MULTI_CORE.COUNT_ANALYZER._ANTIGEN_ANALYZER.SUMMARIZE_ANTIBODY_ANALYSIS
2023-10-10 20:56:25 [runtime] (ready)           ID.Embryo9.SC_RNA_COUNTER_CS.SC_MULTI_CORE.COUNT_ANALYZER._TARGETED_ANALYZER.DISABLE_GDNA_STAGES
2023-10-10 20:56:25 [runtime] (ready)           ID.Embryo9.SC_RNA_COUNTER_CS.SC_MULTI_CORE.COUNT_ANALYZER._TARGETED_ANALYZER.SUBSAMPLE_ON_TARGET_READS
2023-10-10 20:56:25 [runtime] (ready)           ID.Embryo9.SC_RNA_COUNTER_CS.SC_MULTI_CORE.MULTI_REPORTER.VDJ_T_GD_REPORTER.BEAM_ANALYZER.COMPUTE_ANTIGEN_VDJ_METRICS
2023-10-10 20:56:25 [runtime] (ready)           ID.Embryo9.SC_RNA_COUNTER_CS.SC_MULTI_CORE.COUNT_ANALYZER._ANTIGEN_ANALYZER.CALL_ANTIBODIES
2023-10-10 20:56:25 [runtime] (ready)           ID.Embryo9.SC_RNA_COUNTER_CS.SC_MULTI_CORE.MULTI_REPORTER.VDJ_B_REPORTER.SUMMARIZE_VDJ_REPORTS
2023-10-10 20:56:25 [runtime] (ready)           ID.Embryo9.SC_RNA_COUNTER_CS.SC_MULTI_CORE.MULTI_REPORTER.VDJ_T_REPORTER.VLOUPE_PREPROCESS
2023-10-10 20:56:25 [runtime] (split_complete)  ID.Embryo9.SC_RNA_COUNTER_CS.SC_MULTI_CORE.MULTI_GEM_WELL_PROCESSOR.COUNT_GEM_WELL_PROCESSOR._BASIC_SC_RNA_COUNTER._CELLS_REPORTER.SUBSAMPLE_READS
2023-10-10 20:56:25 [runtime] (run:local)       ID.Embryo9.SC_RNA_COUNTER_CS.SC_MULTI_CORE.MULTI_GEM_WELL_PROCESSOR.COUNT_GEM_WELL_PROCESSOR._BASIC_SC_RNA_COUNTER._CELLS_REPORTER.SUBSAMPLE_READS.fork0.chnk0.main
2023-10-10 20:56:25 [runtime] (run:local)       ID.Embryo9.SC_RNA_COUNTER_CS.SC_MULTI_CORE.MULTI_GEM_WELL_PROCESSOR.COUNT_GEM_WELL_PROCESSOR._BASIC_SC_RNA_COUNTER._CELLS_REPORTER.SUBSAMPLE_READS.fork0.chnk1.main
2023-10-10 20:56:25 [runtime] (ready)           ID.Embryo9.SC_RNA_COUNTER_CS.SC_MULTI_CORE.COUNT_ANALYZER._TARGETED_ANALYZER._RUN_GDNA_ANALYSIS.GET_GDNA_METRICS
2023-10-10 20:56:25 [runtime] (ready)           ID.Embryo9.SC_RNA_COUNTER_CS.SC_MULTI_CORE.MULTI_REPORTER.VDJ_T_GD_REPORTER.VLOUPE_PREPROCESS
2023-10-10 20:56:25 [runtime] (ready)           ID.Embryo9.SC_RNA_COUNTER_CS.SC_MULTI_CORE.MULTI_REPORTER.PICK_BEAM_ANALYZER
2023-10-10 20:56:25 [runtime] (ready)           ID.Embryo9.SC_RNA_COUNTER_CS.SC_MULTI_CORE.MULTI_REPORTER.VDJ_T_REPORTER.SUMMARIZE_VDJ_REPORTS
2023-10-10 20:56:25 [runtime] (ready)           ID.Embryo9.SC_RNA_COUNTER_CS.SC_MULTI_CORE.MULTI_REPORTER.VDJ_B_REPORTER.VLOUPE_PREPROCESS
2023-10-10 20:56:25 [runtime] (ready)           ID.Embryo9.SC_RNA_COUNTER_CS.SC_MULTI_CORE.MULTI_REPORTER.VDJ_T_GD_REPORTER.SUMMARIZE_VDJ_REPORTS
2023-10-10 20:56:26 [runtime] (ready)           ID.Embryo9.SC_RNA_COUNTER_CS.GET_AGGREGATE_BARCODES_OUT
2023-10-10 20:56:26 [runtime] (run:local)       ID.Embryo9.SC_RNA_COUNTER_CS.GET_AGGREGATE_BARCODES_OUT.fork0.chnk0.main
2023-10-10 20:56:26 [runtime] (ready)           ID.Embryo9.SC_RNA_COUNTER_CS.SC_MULTI_CORE.COUNT_ANALYZER._TARGETED_ANALYZER._RUN_GDNA_ANALYSIS.GET_GDNA_PLOT
2023-10-10 20:56:26 [runtime] (ready)           ID.Embryo9.SC_RNA_COUNTER_CS.SC_MULTI_CORE.MULTI_REPORTER.VDJ_B_REPORTER.WRITE_CONTIG_PROTO
2023-10-10 20:56:26 [runtime] (ready)           ID.Embryo9.SC_RNA_COUNTER_CS.SC_MULTI_CORE.MULTI_REPORTER.VDJ_T_REPORTER.WRITE_CONTIG_PROTO
2023-10-10 20:56:26 [runtime] (ready)           ID.Embryo9.SC_RNA_COUNTER_CS.SC_MULTI_CORE.MULTI_REPORTER.VDJ_T_GD_REPORTER.WRITE_CONTIG_PROTO
2023-10-10 20:56:26 [runtime] (ready)           ID.Embryo9.SC_RNA_COUNTER_CS.SC_MULTI_CORE.COUNT_ANALYZER._TARGETED_ANALYZER._RUN_GDNA_ANALYSIS.MERGE_METRICS
2023-10-10 20:56:26 [runtime] (chunks_complete) ID.Embryo9.SC_RNA_COUNTER_CS.SC_MULTI_CORE.COUNT_ANALYZER.SC_RNA_ANALYZER.ANALYZER_PREFLIGHT
2023-10-10 20:56:26 [runtime] (ready)           ID.Embryo9.SC_RNA_COUNTER_CS.SC_MULTI_CORE.COUNT_ANALYZER.SC_RNA_ANALYZER.PREPROCESS_MATRIX
2023-10-10 20:56:26 [runtime] (run:local)       ID.Embryo9.SC_RNA_COUNTER_CS.SC_MULTI_CORE.COUNT_ANALYZER.SC_RNA_ANALYZER.PREPROCESS_MATRIX.fork0.split
2023-10-10 20:56:28 [runtime] (chunks_complete) ID.Embryo9.SC_RNA_COUNTER_CS.GET_AGGREGATE_BARCODES_OUT
2023-10-10 20:56:28 [runtime] (split_complete)  ID.Embryo9.SC_RNA_COUNTER_CS.SC_MULTI_CORE.COUNT_ANALYZER.SC_RNA_ANALYZER.PREPROCESS_MATRIX
2023-10-10 20:56:28 [runtime] (run:local)       ID.Embryo9.SC_RNA_COUNTER_CS.SC_MULTI_CORE.COUNT_ANALYZER.SC_RNA_ANALYZER.PREPROCESS_MATRIX.fork0.join
2023-10-10 20:56:31 [runtime] (join_complete)   ID.Embryo9.SC_RNA_COUNTER_CS.SC_MULTI_CORE.COUNT_ANALYZER.SC_RNA_ANALYZER.PREPROCESS_MATRIX
2023-10-10 20:56:31 [runtime] (ready)           ID.Embryo9.SC_RNA_COUNTER_CS.SC_MULTI_CORE.COUNT_ANALYZER.SC_RNA_ANALYZER.RUN_MULTIGENOME_ANALYSIS
2023-10-10 20:56:31 [runtime] (run:local)       ID.Embryo9.SC_RNA_COUNTER_CS.SC_MULTI_CORE.COUNT_ANALYZER.SC_RNA_ANALYZER.RUN_MULTIGENOME_ANALYSIS.fork0.split
2023-10-10 20:56:31 [runtime] (ready)           ID.Embryo9.SC_RNA_COUNTER_CS.SC_MULTI_CORE.COUNT_ANALYZER.SC_RNA_ANALYZER._ANTIGEN_ANALYZER.CALL_ANTIBODIES
2023-10-10 20:56:31 [runtime] (ready)           ID.Embryo9.SC_RNA_COUNTER_CS.SC_MULTI_CORE.COUNT_ANALYZER.SC_RNA_ANALYZER._ANTIBODY_ANALYZER.CALL_ANTIBODIES
2023-10-10 20:56:31 [runtime] (ready)           ID.Embryo9.SC_RNA_COUNTER_CS.SC_MULTI_CORE.COUNT_ANALYZER.SC_RNA_ANALYZER._ANTIBODY_ANALYZER.SUMMARIZE_ANTIBODY_ANALYSIS
2023-10-10 20:56:31 [runtime] (ready)           ID.Embryo9.SC_RNA_COUNTER_CS.SC_MULTI_CORE.COUNT_ANALYZER.SC_RNA_ANALYZER._ANTIGEN_ANALYZER.SUMMARIZE_ANTIBODY_ANALYSIS
2023-10-10 20:56:31 [runtime] (ready)           ID.Embryo9.SC_RNA_COUNTER_CS.SC_MULTI_CORE.COUNT_ANALYZER.SC_RNA_ANALYZER.RUN_BATCH_CORRECTION_PCA.PCA_PREP
2023-10-10 20:56:31 [runtime] (ready)           ID.Embryo9.SC_RNA_COUNTER_CS.SC_MULTI_CORE.COUNT_ANALYZER.SC_RNA_ANALYZER.RUN_BATCH_CORRECTION_PCA.RUN_PCA2
2023-10-10 20:56:31 [runtime] (ready)           ID.Embryo9.SC_RNA_COUNTER_CS.SC_MULTI_CORE.COUNT_ANALYZER.SC_RNA_ANALYZER.RUN_BATCH_CORRECTION_PCA.POST_PCA
2023-10-10 20:56:31 [runtime] (ready)           ID.Embryo9.SC_RNA_COUNTER_CS.SC_MULTI_CORE.COUNT_ANALYZER.SC_RNA_ANALYZER.CORRECT_CHEMISTRY_BATCH
2023-10-10 20:56:31 [runtime] (ready)           ID.Embryo9.SC_RNA_COUNTER_CS.SC_MULTI_CORE.COUNT_ANALYZER.SC_RNA_ANALYZER.RUN_PCA
2023-10-10 20:56:31 [runtime] (run:local)       ID.Embryo9.SC_RNA_COUNTER_CS.SC_MULTI_CORE.COUNT_ANALYZER.SC_RNA_ANALYZER.RUN_PCA.fork0.split
2023-10-10 20:56:31 [runtime] (split_complete)  ID.Embryo9.SC_RNA_COUNTER_CS.SC_MULTI_CORE.COUNT_ANALYZER.SC_RNA_ANALYZER.RUN_PCA
2023-10-10 20:56:31 [runtime] (run:local)       ID.Embryo9.SC_RNA_COUNTER_CS.SC_MULTI_CORE.COUNT_ANALYZER.SC_RNA_ANALYZER.RUN_PCA.fork0.chnk0.main
2023-10-10 20:56:31 [runtime] (split_complete)  ID.Embryo9.SC_RNA_COUNTER_CS.SC_MULTI_CORE.COUNT_ANALYZER.SC_RNA_ANALYZER.RUN_MULTIGENOME_ANALYSIS
2023-10-10 20:56:31 [runtime] (run:local)       ID.Embryo9.SC_RNA_COUNTER_CS.SC_MULTI_CORE.COUNT_ANALYZER.SC_RNA_ANALYZER.RUN_MULTIGENOME_ANALYSIS.fork0.join
2023-10-10 20:56:34 [runtime] (chunks_complete) ID.Embryo9.SC_RNA_COUNTER_CS.SC_MULTI_CORE.COUNT_ANALYZER.SC_RNA_ANALYZER.RUN_PCA
2023-10-10 20:56:34 [runtime] (run:local)       ID.Embryo9.SC_RNA_COUNTER_CS.SC_MULTI_CORE.COUNT_ANALYZER.SC_RNA_ANALYZER.RUN_PCA.fork0.join
2023-10-10 20:56:34 [runtime] (join_complete)   ID.Embryo9.SC_RNA_COUNTER_CS.SC_MULTI_CORE.COUNT_ANALYZER.SC_RNA_ANALYZER.RUN_PCA
2023-10-10 20:56:35 [runtime] (ready)           ID.Embryo9.SC_RNA_COUNTER_CS.SC_MULTI_CORE.COUNT_ANALYZER.SC_RNA_ANALYZER.RUN_TSNE
2023-10-10 20:56:35 [runtime] (run:local)       ID.Embryo9.SC_RNA_COUNTER_CS.SC_MULTI_CORE.COUNT_ANALYZER.SC_RNA_ANALYZER.RUN_TSNE.fork0.split
2023-10-10 20:56:35 [runtime] (ready)           ID.Embryo9.SC_RNA_COUNTER_CS.SC_MULTI_CORE.COUNT_ANALYZER.SC_RNA_ANALYZER.RUN_UMAP
2023-10-10 20:56:35 [runtime] (run:local)       ID.Embryo9.SC_RNA_COUNTER_CS.SC_MULTI_CORE.COUNT_ANALYZER.SC_RNA_ANALYZER.RUN_UMAP.fork0.split
2023-10-10 20:56:35 [runtime] (ready)           ID.Embryo9.SC_RNA_COUNTER_CS.SC_MULTI_CORE.COUNT_ANALYZER.SC_RNA_ANALYZER.RUN_KMEANS
2023-10-10 20:56:35 [runtime] (run:local)       ID.Embryo9.SC_RNA_COUNTER_CS.SC_MULTI_CORE.COUNT_ANALYZER.SC_RNA_ANALYZER.RUN_KMEANS.fork0.split
2023-10-10 20:56:35 [runtime] (ready)           ID.Embryo9.SC_RNA_COUNTER_CS.SC_MULTI_CORE.COUNT_ANALYZER.SC_RNA_ANALYZER.RUN_GRAPH_CLUSTERING
2023-10-10 20:56:35 [runtime] (run:local)       ID.Embryo9.SC_RNA_COUNTER_CS.SC_MULTI_CORE.COUNT_ANALYZER.SC_RNA_ANALYZER.RUN_GRAPH_CLUSTERING.fork0.split
2023-10-10 20:56:35 [runtime] (split_complete)  ID.Embryo9.SC_RNA_COUNTER_CS.SC_MULTI_CORE.COUNT_ANALYZER.SC_RNA_ANALYZER.RUN_TSNE
2023-10-10 20:56:35 [runtime] (run:local)       ID.Embryo9.SC_RNA_COUNTER_CS.SC_MULTI_CORE.COUNT_ANALYZER.SC_RNA_ANALYZER.RUN_TSNE.fork0.chnk0.main
2023-10-10 20:56:35 [runtime] (split_complete)  ID.Embryo9.SC_RNA_COUNTER_CS.SC_MULTI_CORE.COUNT_ANALYZER.SC_RNA_ANALYZER.RUN_UMAP
2023-10-10 20:56:35 [runtime] (run:local)       ID.Embryo9.SC_RNA_COUNTER_CS.SC_MULTI_CORE.COUNT_ANALYZER.SC_RNA_ANALYZER.RUN_UMAP.fork0.chnk0.main
2023-10-10 20:56:35 [runtime] (join_complete)   ID.Embryo9.SC_RNA_COUNTER_CS.SC_MULTI_CORE.COUNT_ANALYZER.SC_RNA_ANALYZER.RUN_MULTIGENOME_ANALYSIS
2023-10-10 20:56:35 [runtime] (split_complete)  ID.Embryo9.SC_RNA_COUNTER_CS.SC_MULTI_CORE.COUNT_ANALYZER.SC_RNA_ANALYZER.RUN_GRAPH_CLUSTERING
2023-10-10 20:56:35 [runtime] (run:local)       ID.Embryo9.SC_RNA_COUNTER_CS.SC_MULTI_CORE.COUNT_ANALYZER.SC_RNA_ANALYZER.RUN_GRAPH_CLUSTERING.fork0.chnk0.main
2023-10-10 20:56:35 [runtime] (chunks_complete) ID.Embryo9.SC_RNA_COUNTER_CS.SC_MULTI_CORE.COUNT_ANALYZER.SC_RNA_ANALYZER.RUN_TSNE
2023-10-10 20:56:35 [runtime] (run:local)       ID.Embryo9.SC_RNA_COUNTER_CS.SC_MULTI_CORE.COUNT_ANALYZER.SC_RNA_ANALYZER.RUN_TSNE.fork0.join
2023-10-10 20:56:36 [runtime] (chunks_complete) ID.Embryo9.SC_RNA_COUNTER_CS.SC_MULTI_CORE.COUNT_ANALYZER.SC_RNA_ANALYZER.RUN_UMAP
2023-10-10 20:56:36 [runtime] (run:local)       ID.Embryo9.SC_RNA_COUNTER_CS.SC_MULTI_CORE.COUNT_ANALYZER.SC_RNA_ANALYZER.RUN_UMAP.fork0.join
2023-10-10 20:56:37 [runtime] (split_complete)  ID.Embryo9.SC_RNA_COUNTER_CS.SC_MULTI_CORE.COUNT_ANALYZER.SC_RNA_ANALYZER.RUN_KMEANS
2023-10-10 20:56:37 [runtime] (run:local)       ID.Embryo9.SC_RNA_COUNTER_CS.SC_MULTI_CORE.COUNT_ANALYZER.SC_RNA_ANALYZER.RUN_KMEANS.fork0.chnk0.main
2023-10-10 20:56:37 [runtime] (run:local)       ID.Embryo9.SC_RNA_COUNTER_CS.SC_MULTI_CORE.COUNT_ANALYZER.SC_RNA_ANALYZER.RUN_KMEANS.fork0.chnk1.main
2023-10-10 20:56:37 [runtime] (run:local)       ID.Embryo9.SC_RNA_COUNTER_CS.SC_MULTI_CORE.COUNT_ANALYZER.SC_RNA_ANALYZER.RUN_KMEANS.fork0.chnk2.main
2023-10-10 20:56:37 [runtime] (run:local)       ID.Embryo9.SC_RNA_COUNTER_CS.SC_MULTI_CORE.COUNT_ANALYZER.SC_RNA_ANALYZER.RUN_KMEANS.fork0.chnk3.main
2023-10-10 20:56:37 [runtime] (run:local)       ID.Embryo9.SC_RNA_COUNTER_CS.SC_MULTI_CORE.COUNT_ANALYZER.SC_RNA_ANALYZER.RUN_KMEANS.fork0.chnk4.main
2023-10-10 20:56:37 [runtime] (run:local)       ID.Embryo9.SC_RNA_COUNTER_CS.SC_MULTI_CORE.COUNT_ANALYZER.SC_RNA_ANALYZER.RUN_KMEANS.fork0.chnk5.main
2023-10-10 20:56:37 [runtime] (run:local)       ID.Embryo9.SC_RNA_COUNTER_CS.SC_MULTI_CORE.COUNT_ANALYZER.SC_RNA_ANALYZER.RUN_KMEANS.fork0.chnk6.main
2023-10-10 20:56:37 [runtime] (run:local)       ID.Embryo9.SC_RNA_COUNTER_CS.SC_MULTI_CORE.COUNT_ANALYZER.SC_RNA_ANALYZER.RUN_KMEANS.fork0.chnk7.main
2023-10-10 20:56:37 [runtime] (run:local)       ID.Embryo9.SC_RNA_COUNTER_CS.SC_MULTI_CORE.COUNT_ANALYZER.SC_RNA_ANALYZER.RUN_KMEANS.fork0.chnk8.main
2023-10-10 20:56:37 [runtime] (chunks_complete) ID.Embryo9.SC_RNA_COUNTER_CS.SC_MULTI_CORE.COUNT_ANALYZER.SC_RNA_ANALYZER.RUN_GRAPH_CLUSTERING
2023-10-10 20:56:37 [runtime] (run:local)       ID.Embryo9.SC_RNA_COUNTER_CS.SC_MULTI_CORE.COUNT_ANALYZER.SC_RNA_ANALYZER.RUN_GRAPH_CLUSTERING.fork0.join
2023-10-10 20:56:37 [runtime] (join_complete)   ID.Embryo9.SC_RNA_COUNTER_CS.SC_MULTI_CORE.COUNT_ANALYZER.SC_RNA_ANALYZER.RUN_UMAP
2023-10-10 20:56:37 [runtime] (join_complete)   ID.Embryo9.SC_RNA_COUNTER_CS.SC_MULTI_CORE.COUNT_ANALYZER.SC_RNA_ANALYZER.RUN_TSNE
2023-10-10 20:56:40 [runtime] (join_complete)   ID.Embryo9.SC_RNA_COUNTER_CS.SC_MULTI_CORE.COUNT_ANALYZER.SC_RNA_ANALYZER.RUN_GRAPH_CLUSTERING
2023-10-10 20:56:40 [runtime] (ready)           ID.Embryo9.SC_RNA_COUNTER_CS.SC_MULTI_CORE.COUNT_ANALYZER.SC_RNA_ANALYZER.RUN_HIERARCHICAL_CLUSTERING
2023-10-10 20:56:41 [runtime] (chunks_complete) ID.Embryo9.SC_RNA_COUNTER_CS.SC_MULTI_CORE.COUNT_ANALYZER.SC_RNA_ANALYZER.RUN_KMEANS
2023-10-10 20:56:41 [runtime] (run:local)       ID.Embryo9.SC_RNA_COUNTER_CS.SC_MULTI_CORE.COUNT_ANALYZER.SC_RNA_ANALYZER.RUN_KMEANS.fork0.join
2023-10-10 20:56:42 [runtime] (join_complete)   ID.Embryo9.SC_RNA_COUNTER_CS.SC_MULTI_CORE.COUNT_ANALYZER.SC_RNA_ANALYZER.RUN_KMEANS
2023-10-10 20:56:42 [runtime] (ready)           ID.Embryo9.SC_RNA_COUNTER_CS.SC_MULTI_CORE.COUNT_ANALYZER.SC_RNA_ANALYZER.COMBINE_CLUSTERING
2023-10-10 20:56:42 [runtime] (run:local)       ID.Embryo9.SC_RNA_COUNTER_CS.SC_MULTI_CORE.COUNT_ANALYZER.SC_RNA_ANALYZER.COMBINE_CLUSTERING.fork0.chnk0.main
2023-10-10 20:56:42 [runtime] (chunks_complete) ID.Embryo9.SC_RNA_COUNTER_CS.SC_MULTI_CORE.COUNT_ANALYZER.SC_RNA_ANALYZER.COMBINE_CLUSTERING
2023-10-10 20:56:42 [runtime] (ready)           ID.Embryo9.SC_RNA_COUNTER_CS.SC_MULTI_CORE.COUNT_ANALYZER.SC_RNA_ANALYZER.RUN_DIFFERENTIAL_EXPRESSION
2023-10-10 20:56:42 [runtime] (run:local)       ID.Embryo9.SC_RNA_COUNTER_CS.SC_MULTI_CORE.COUNT_ANALYZER.SC_RNA_ANALYZER.RUN_DIFFERENTIAL_EXPRESSION.fork0.split
2023-10-10 20:56:43 [runtime] (split_complete)  ID.Embryo9.SC_RNA_COUNTER_CS.SC_MULTI_CORE.COUNT_ANALYZER.SC_RNA_ANALYZER.RUN_DIFFERENTIAL_EXPRESSION
2023-10-10 20:56:43 [runtime] (run:local)       ID.Embryo9.SC_RNA_COUNTER_CS.SC_MULTI_CORE.COUNT_ANALYZER.SC_RNA_ANALYZER.RUN_DIFFERENTIAL_EXPRESSION.fork0.chnk0.main
2023-10-10 20:56:43 [runtime] (run:local)       ID.Embryo9.SC_RNA_COUNTER_CS.SC_MULTI_CORE.COUNT_ANALYZER.SC_RNA_ANALYZER.RUN_DIFFERENTIAL_EXPRESSION.fork0.chnk1.main
2023-10-10 20:56:43 [runtime] (run:local)       ID.Embryo9.SC_RNA_COUNTER_CS.SC_MULTI_CORE.COUNT_ANALYZER.SC_RNA_ANALYZER.RUN_DIFFERENTIAL_EXPRESSION.fork0.chnk2.main
2023-10-10 20:56:43 [runtime] (run:local)       ID.Embryo9.SC_RNA_COUNTER_CS.SC_MULTI_CORE.COUNT_ANALYZER.SC_RNA_ANALYZER.RUN_DIFFERENTIAL_EXPRESSION.fork0.chnk3.main
2023-10-10 20:56:43 [runtime] (run:local)       ID.Embryo9.SC_RNA_COUNTER_CS.SC_MULTI_CORE.COUNT_ANALYZER.SC_RNA_ANALYZER.RUN_DIFFERENTIAL_EXPRESSION.fork0.chnk4.main
2023-10-10 20:56:43 [runtime] (run:local)       ID.Embryo9.SC_RNA_COUNTER_CS.SC_MULTI_CORE.COUNT_ANALYZER.SC_RNA_ANALYZER.RUN_DIFFERENTIAL_EXPRESSION.fork0.chnk5.main
2023-10-10 20:56:43 [runtime] (run:local)       ID.Embryo9.SC_RNA_COUNTER_CS.SC_MULTI_CORE.COUNT_ANALYZER.SC_RNA_ANALYZER.RUN_DIFFERENTIAL_EXPRESSION.fork0.chnk6.main
2023-10-10 20:56:43 [runtime] (run:local)       ID.Embryo9.SC_RNA_COUNTER_CS.SC_MULTI_CORE.COUNT_ANALYZER.SC_RNA_ANALYZER.RUN_DIFFERENTIAL_EXPRESSION.fork0.chnk7.main
2023-10-10 20:56:51 [runtime] (chunks_complete) ID.Embryo9.SC_RNA_COUNTER_CS.SC_MULTI_CORE.COUNT_ANALYZER.SC_RNA_ANALYZER.RUN_DIFFERENTIAL_EXPRESSION
2023-10-10 20:56:52 [runtime] (run:local)       ID.Embryo9.SC_RNA_COUNTER_CS.SC_MULTI_CORE.COUNT_ANALYZER.SC_RNA_ANALYZER.RUN_DIFFERENTIAL_EXPRESSION.fork0.join
2023-10-10 20:56:52 [runtime] (join_complete)   ID.Embryo9.SC_RNA_COUNTER_CS.SC_MULTI_CORE.COUNT_ANALYZER.SC_RNA_ANALYZER.RUN_DIFFERENTIAL_EXPRESSION
2023-10-10 20:56:53 [runtime] (ready)           ID.Embryo9.SC_RNA_COUNTER_CS.SC_MULTI_CORE.COUNT_ANALYZER.SC_RNA_ANALYZER.SUMMARIZE_ANALYSIS
2023-10-10 20:56:53 [runtime] (run:local)       ID.Embryo9.SC_RNA_COUNTER_CS.SC_MULTI_CORE.COUNT_ANALYZER.SC_RNA_ANALYZER.SUMMARIZE_ANALYSIS.fork0.split
2023-10-10 20:56:53 [runtime] (split_complete)  ID.Embryo9.SC_RNA_COUNTER_CS.SC_MULTI_CORE.COUNT_ANALYZER.SC_RNA_ANALYZER.SUMMARIZE_ANALYSIS
2023-10-10 20:56:53 [runtime] (run:local)       ID.Embryo9.SC_RNA_COUNTER_CS.SC_MULTI_CORE.COUNT_ANALYZER.SC_RNA_ANALYZER.SUMMARIZE_ANALYSIS.fork0.chnk0.main
2023-10-10 20:56:54 [runtime] (chunks_complete) ID.Embryo9.SC_RNA_COUNTER_CS.SC_MULTI_CORE.COUNT_ANALYZER.SC_RNA_ANALYZER.SUMMARIZE_ANALYSIS
2023-10-10 20:56:54 [runtime] (run:local)       ID.Embryo9.SC_RNA_COUNTER_CS.SC_MULTI_CORE.COUNT_ANALYZER.SC_RNA_ANALYZER.SUMMARIZE_ANALYSIS.fork0.join
2023-10-10 20:56:54 [runtime] (join_complete)   ID.Embryo9.SC_RNA_COUNTER_CS.SC_MULTI_CORE.COUNT_ANALYZER.SC_RNA_ANALYZER.SUMMARIZE_ANALYSIS
2023-10-10 20:56:54 [runtime] (ready)           ID.Embryo9.SC_RNA_COUNTER_CS.SC_MULTI_CORE.MULTI_REPORTER.GENERATE_LIBRARY_PLOTS
2023-10-10 20:57:53 [runtime] (chunks_complete) ID.Embryo9.SC_RNA_COUNTER_CS.SC_MULTI_CORE.MULTI_GEM_WELL_PROCESSOR.COUNT_GEM_WELL_PROCESSOR._BASIC_SC_RNA_COUNTER.WRITE_POS_BAM
2023-10-10 20:57:53 [runtime] (run:local)       ID.Embryo9.SC_RNA_COUNTER_CS.SC_MULTI_CORE.MULTI_GEM_WELL_PROCESSOR.COUNT_GEM_WELL_PROCESSOR._BASIC_SC_RNA_COUNTER.WRITE_POS_BAM.fork0.join
2023-10-10 20:58:25 [runtime] (chunks_complete) ID.Embryo9.SC_RNA_COUNTER_CS.SC_MULTI_CORE.MULTI_GEM_WELL_PROCESSOR.COUNT_GEM_WELL_PROCESSOR._BASIC_SC_RNA_COUNTER._CELLS_REPORTER.SUBSAMPLE_READS
2023-10-10 20:58:25 [runtime] (run:local)       ID.Embryo9.SC_RNA_COUNTER_CS.SC_MULTI_CORE.MULTI_GEM_WELL_PROCESSOR.COUNT_GEM_WELL_PROCESSOR._BASIC_SC_RNA_COUNTER._CELLS_REPORTER.SUBSAMPLE_READS.fork0.join
2023-10-10 20:58:27 [runtime] (join_complete)   ID.Embryo9.SC_RNA_COUNTER_CS.SC_MULTI_CORE.MULTI_GEM_WELL_PROCESSOR.COUNT_GEM_WELL_PROCESSOR._BASIC_SC_RNA_COUNTER._CELLS_REPORTER.SUBSAMPLE_READS
2023-10-10 20:58:27 [runtime] (ready)           ID.Embryo9.SC_RNA_COUNTER_CS.SC_MULTI_CORE.MULTI_GEM_WELL_PROCESSOR.COUNT_GEM_WELL_PROCESSOR._BASIC_SC_RNA_COUNTER._CELLS_REPORTER.SUMMARIZE_BASIC_REPORTS
2023-10-10 20:58:27 [runtime] (run:local)       ID.Embryo9.SC_RNA_COUNTER_CS.SC_MULTI_CORE.MULTI_GEM_WELL_PROCESSOR.COUNT_GEM_WELL_PROCESSOR._BASIC_SC_RNA_COUNTER._CELLS_REPORTER.SUMMARIZE_BASIC_REPORTS.fork0.split
2023-10-10 20:58:28 [runtime] (split_complete)  ID.Embryo9.SC_RNA_COUNTER_CS.SC_MULTI_CORE.MULTI_GEM_WELL_PROCESSOR.COUNT_GEM_WELL_PROCESSOR._BASIC_SC_RNA_COUNTER._CELLS_REPORTER.SUMMARIZE_BASIC_REPORTS
2023-10-10 20:58:28 [runtime] (run:local)       ID.Embryo9.SC_RNA_COUNTER_CS.SC_MULTI_CORE.MULTI_GEM_WELL_PROCESSOR.COUNT_GEM_WELL_PROCESSOR._BASIC_SC_RNA_COUNTER._CELLS_REPORTER.SUMMARIZE_BASIC_REPORTS.fork0.join
2023-10-10 20:58:32 [runtime] (join_complete)   ID.Embryo9.SC_RNA_COUNTER_CS.SC_MULTI_CORE.MULTI_GEM_WELL_PROCESSOR.COUNT_GEM_WELL_PROCESSOR._BASIC_SC_RNA_COUNTER._CELLS_REPORTER.SUMMARIZE_BASIC_REPORTS
2023-10-10 20:58:32 [runtime] (ready)           ID.Embryo9.SC_RNA_COUNTER_CS.SC_MULTI_CORE.MULTI_GEM_WELL_PROCESSOR.COUNT_GEM_WELL_PROCESSOR._BASIC_SC_RNA_COUNTER.MERGE_METRICS
2023-10-10 20:58:32 [runtime] (run:local)       ID.Embryo9.SC_RNA_COUNTER_CS.SC_MULTI_CORE.MULTI_GEM_WELL_PROCESSOR.COUNT_GEM_WELL_PROCESSOR._BASIC_SC_RNA_COUNTER.MERGE_METRICS.fork0.chnk0.main
2023-10-10 20:58:32 [runtime] (chunks_complete) ID.Embryo9.SC_RNA_COUNTER_CS.SC_MULTI_CORE.MULTI_GEM_WELL_PROCESSOR.COUNT_GEM_WELL_PROCESSOR._BASIC_SC_RNA_COUNTER.MERGE_METRICS
2023-10-10 20:58:32 [runtime] (ready)           ID.Embryo9.SC_RNA_COUNTER_CS.SC_MULTI_CORE.COUNT_ANALYZER._TARGETED_ANALYZER.CALCULATE_TARGETED_METRICS
2023-10-10 20:58:32 [runtime] (ready)           ID.Embryo9.SC_RNA_COUNTER_CS.SC_MULTI_CORE.COUNT_ANALYZER._CRISPR_ANALYZER.CALL_PROTOSPACERS
2023-10-10 20:58:32 [runtime] (ready)           ID.Embryo9.SC_RNA_COUNTER_CS.SC_MULTI_CORE.COUNT_ANALYZER._TARGETED_ANALYZER.MERGE_METRICS
2023-10-10 20:58:32 [runtime] (ready)           ID.Embryo9.SC_RNA_COUNTER_CS.SC_MULTI_CORE.COUNT_ANALYZER._CRISPR_ANALYZER._PERTURBATIONS_BY_TARGET
2023-10-10 20:58:32 [runtime] (ready)           ID.Embryo9.SC_RNA_COUNTER_CS.SC_MULTI_CORE.COUNT_ANALYZER._CRISPR_ANALYZER._PERTURBATIONS_BY_FEATURE
2023-10-10 20:58:32 [runtime] (ready)           ID.Embryo9.SC_RNA_COUNTER_CS.SC_MULTI_CORE.MULTI_REPORTER.SUMMARIZE_REPORTS
2023-10-10 20:58:32 [runtime] (run:local)       ID.Embryo9.SC_RNA_COUNTER_CS.SC_MULTI_CORE.MULTI_REPORTER.SUMMARIZE_REPORTS.fork0.chnk0.main
2023-10-10 20:58:32 [runtime] (ready)           ID.Embryo9.SC_RNA_COUNTER_CS.SC_MULTI_CORE.COUNT_ANALYZER._CRISPR_ANALYZER.SUMMARIZE_CRISPR_ANALYSIS
2023-10-10 20:58:37 [runtime] (chunks_complete) ID.Embryo9.SC_RNA_COUNTER_CS.SC_MULTI_CORE.MULTI_REPORTER.SUMMARIZE_REPORTS
2023-10-10 20:58:37 [runtime] (ready)           ID.Embryo9.SC_RNA_COUNTER_CS.SC_MULTI_CORE.MULTI_REPORTER.CLOUPE_PREPROCESS
2023-10-10 20:58:37 [runtime] (run:local)       ID.Embryo9.SC_RNA_COUNTER_CS.SC_MULTI_CORE.MULTI_REPORTER.CLOUPE_PREPROCESS.fork0.split
2023-10-10 20:58:38 [runtime] (split_complete)  ID.Embryo9.SC_RNA_COUNTER_CS.SC_MULTI_CORE.MULTI_REPORTER.CLOUPE_PREPROCESS
2023-10-10 20:58:38 [runtime] (run:local)       ID.Embryo9.SC_RNA_COUNTER_CS.SC_MULTI_CORE.MULTI_REPORTER.CLOUPE_PREPROCESS.fork0.chnk0.main
2023-10-10 20:58:44 [runtime] (chunks_complete) ID.Embryo9.SC_RNA_COUNTER_CS.SC_MULTI_CORE.MULTI_REPORTER.CLOUPE_PREPROCESS
2023-10-10 20:58:44 [runtime] (run:local)       ID.Embryo9.SC_RNA_COUNTER_CS.SC_MULTI_CORE.MULTI_REPORTER.CLOUPE_PREPROCESS.fork0.join
2023-10-10 20:58:45 [runtime] (join_complete)   ID.Embryo9.SC_RNA_COUNTER_CS.SC_MULTI_CORE.MULTI_REPORTER.CLOUPE_PREPROCESS
2023-10-10 20:58:45 [runtime] (ready)           ID.Embryo9.SC_RNA_COUNTER_CS.SC_MULTI_CORE.MULTI_REPORTER.CHOOSE_CLOUPE
2023-10-10 20:58:45 [runtime] (run:local)       ID.Embryo9.SC_RNA_COUNTER_CS.SC_MULTI_CORE.MULTI_REPORTER.CHOOSE_CLOUPE.fork0.chnk0.main
2023-10-10 20:58:45 [runtime] (chunks_complete) ID.Embryo9.SC_RNA_COUNTER_CS.SC_MULTI_CORE.MULTI_REPORTER.CHOOSE_CLOUPE
2023-10-10 21:02:16 [runtime] (join_complete)   ID.Embryo9.SC_RNA_COUNTER_CS.SC_MULTI_CORE.MULTI_GEM_WELL_PROCESSOR.COUNT_GEM_WELL_PROCESSOR._BASIC_SC_RNA_COUNTER.WRITE_POS_BAM

Outputs:
- Run summary HTML:                         /vast/palmer/scratch/reilly/mcn26/from_scratch/process/2_cellranger_make_matricies/third_execution/Embryo9/outs/web_summary.html
- Run summary CSV:                          /vast/palmer/scratch/reilly/mcn26/from_scratch/process/2_cellranger_make_matricies/third_execution/Embryo9/outs/metrics_summary.csv
- BAM:                                      /vast/palmer/scratch/reilly/mcn26/from_scratch/process/2_cellranger_make_matricies/third_execution/Embryo9/outs/possorted_genome_bam.bam
- BAM BAI index:                            /vast/palmer/scratch/reilly/mcn26/from_scratch/process/2_cellranger_make_matricies/third_execution/Embryo9/outs/possorted_genome_bam.bam.bai
- BAM CSI index:                            null
- Filtered feature-barcode matrices MEX:    /vast/palmer/scratch/reilly/mcn26/from_scratch/process/2_cellranger_make_matricies/third_execution/Embryo9/outs/filtered_feature_bc_matrix
- Filtered feature-barcode matrices HDF5:   /vast/palmer/scratch/reilly/mcn26/from_scratch/process/2_cellranger_make_matricies/third_execution/Embryo9/outs/filtered_feature_bc_matrix.h5
- Unfiltered feature-barcode matrices MEX:  /vast/palmer/scratch/reilly/mcn26/from_scratch/process/2_cellranger_make_matricies/third_execution/Embryo9/outs/raw_feature_bc_matrix
- Unfiltered feature-barcode matrices HDF5: /vast/palmer/scratch/reilly/mcn26/from_scratch/process/2_cellranger_make_matricies/third_execution/Embryo9/outs/raw_feature_bc_matrix.h5
- Secondary analysis output CSV:            /vast/palmer/scratch/reilly/mcn26/from_scratch/process/2_cellranger_make_matricies/third_execution/Embryo9/outs/analysis
- Per-molecule read information:            /vast/palmer/scratch/reilly/mcn26/from_scratch/process/2_cellranger_make_matricies/third_execution/Embryo9/outs/molecule_info.h5
- CRISPR-specific analysis:                 null
- Antibody aggregate barcodes:              null
- Loupe Browser file:                       /vast/palmer/scratch/reilly/mcn26/from_scratch/process/2_cellranger_make_matricies/third_execution/Embryo9/outs/cloupe.cloupe
- Feature Reference:                        null
- Target Panel File:                        null
- Probe Set File:                           null

Waiting 6 seconds for UI to do final refresh.
Pipestance completed successfully!

2023-10-10 21:02:28 Shutting down.
Saving pipestance info to "Embryo9/Embryo9.mri.tgz"
